[2016.02.13-17.41.52:545][  0]Log file open, 02/13/16 14:41:52
[2016.02.13-17.41.52:545][  0]LogInit:Display: Running engine for game: WDKW
[2016.02.13-17.41.52:545][  0]LogInit:Display: RandInit(1699612481) SRandInit(1699612481).
[2016.02.13-17.41.52:545][  0]LogTaskGraph: Started task graph with 4 named threads and 6 total threads.
[2016.02.13-17.41.52:545][  0]LogStats: Stats thread started at 0.083456
[2016.02.13-17.41.52:545][  0]LogInit: Version: 4.9.2-2707645+++depot+UE4-Releases+4.9
[2016.02.13-17.41.52:545][  0]LogInit: API Version: 2672455
[2016.02.13-17.41.52:545][  0]LogInit: Compiled (64-bit): Sep 28 2015 10:25:44
[2016.02.13-17.41.52:545][  0]LogInit: Compiled with Visual C++: 18.00.21005.01
[2016.02.13-17.41.52:545][  0]LogInit: Build Configuration: Development
[2016.02.13-17.41.52:545][  0]LogInit: Branch Name: ++depot+UE4-Releases+4.9
[2016.02.13-17.41.52:545][  0]LogInit: Command line: 
[2016.02.13-17.41.52:545][  0]LogInit: Base directory: E:/Programs/Unreal Engine 4/Epic Games/4.9/Engine/Binaries/Win64/
[2016.02.13-17.41.52:545][  0]LogInit: Rocket: 1
[2016.02.13-17.41.52:558][  0]LogInit: Using libcurl 7.41.0
[2016.02.13-17.41.52:558][  0]LogInit:  - built for x86_64-pc-win32
[2016.02.13-17.41.52:558][  0]LogInit:  - supports SSL with WinSSL
[2016.02.13-17.41.52:558][  0]LogInit:  - other features:
[2016.02.13-17.41.52:558][  0]LogInit:      CURL_VERSION_SSL
[2016.02.13-17.41.52:558][  0]LogInit:      CURL_VERSION_IPV6
[2016.02.13-17.41.52:558][  0]LogInit:      CURL_VERSION_ASYNCHDNS
[2016.02.13-17.41.52:558][  0]LogInit:      CURL_VERSION_LARGEFILE
[2016.02.13-17.41.52:558][  0]LogInit:      CURL_VERSION_IDN
[2016.02.13-17.41.52:558][  0]LogInit:  CurlRequestOptions (configurable via config and command line):
[2016.02.13-17.41.52:558][  0]LogInit:  - bVerifyPeer = true  - Libcurl will verify peer certificate
[2016.02.13-17.41.52:558][  0]LogInit:  - bUseHttpProxy = false  - Libcurl will NOT use HTTP proxy
[2016.02.13-17.41.52:558][  0]LogInit:  - bDontReuseConnections = false  - Libcurl will reuse connections
[2016.02.13-17.41.52:558][  0]LogInit:  - CertBundlePath = nullptr  - Libcurl will use whatever was configured at build time.
[2016.02.13-17.41.52:569][  0]LogInit: Presizing for 0 objects not considered by GC, pre-allocating 0 bytes.
[2016.02.13-17.41.52:579][  0]LogInit: Object subsystem initialized
[2016.02.13-17.41.52:586][  0]LogInit: Selected Device Profile: [Windows]
[2016.02.13-17.41.52:586][  0]LogInit: Applying CVar settings loaded from the selected device profile: [Windows]
[2016.02.13-17.41.52:594][  0]LogInit: Computer: RAMBO
[2016.02.13-17.41.52:594][  0]LogInit: User: Pierre
[2016.02.13-17.41.52:594][  0]LogInit: CPU Page size=4096, Cores=3
[2016.02.13-17.41.52:594][  0]LogInit: High frequency timer resolution =3.906357 MHz
[2016.02.13-17.41.52:594][  0]LogMemory: Memory total: Physical=16.0GB (16GB approx)
[2016.02.13-17.41.52:594][  0]LogMemory: Platform Memory Stats for Windows
[2016.02.13-17.41.52:594][  0]LogMemory: Process Physical Memory: 51.87 MB used, 51.87 MB peak
[2016.02.13-17.41.52:594][  0]LogMemory: Process Virtual Memory: 55.13 MB used, 55.13 MB peak
[2016.02.13-17.41.52:594][  0]LogMemory: Physical Memory: 3133.69 MB used, 16349.51 MB total
[2016.02.13-17.41.52:594][  0]LogMemory: Virtual Memory: 352.48 MB used, 134217728.00 MB total
[2016.02.13-17.41.52:647][  0]LogTextLocalizationManager: No translations for ('fr-FR') exist, falling back to 'en' for localization and internationalization data.
[2016.02.13-17.41.53:666][  0]LogD3D11RHI: Found D3D11 adapter 0: AMD Radeon R9 200 Series (Feature Level 11_0)
[2016.02.13-17.41.53:666][  0]LogD3D11RHI: Adapter has 4071MB of dedicated video memory, 0MB of dedicated system memory, and 3840MB of shared system memory, 1 output[s]
[2016.02.13-17.41.53:704][  0]LogD3D11RHI: Found D3D11 adapter 1: NVIDIA GeForce GTX 670 (Feature Level 11_0)
[2016.02.13-17.41.53:704][  0]LogD3D11RHI: Adapter has 1985MB of dedicated video memory, 0MB of dedicated system memory, and 2048MB of shared system memory, 1 output[s]
[2016.02.13-17.41.53:707][  0]LogD3D11RHI: Found D3D11 adapter 2: Microsoft Basic Render Driver (Feature Level 11_0)
[2016.02.13-17.41.53:707][  0]LogD3D11RHI: Adapter has 0MB of dedicated video memory, 0MB of dedicated system memory, and 256MB of shared system memory, 0 output[s]
[2016.02.13-17.41.53:707][  0]LogD3D11RHI: Chosen D3D11 Adapter Id = 0
[2016.02.13-17.41.53:716][  0]LogD3D11RHI: !Direct3DDevice
[2016.02.13-17.41.53:716][  0]LogRHI: Texture pool is 1361 MB (70% of 1945 MB)
[2016.02.13-17.41.53:725][  0]LogD3D11RHI: Async texture creation disabled: no driver support
[2016.02.13-17.41.53:741][  0]LogShaderCompilers: Guid format shader working directory is 15 characters bigger than the processId version (../../../../../../../Files/UnrealGames/WDKW/Intermediate/Shaders/WorkingDirectory/3928/).
[2016.02.13-17.41.53:742][  0]LogShaderCompilers: Cleaned the shader compiler working directory '../../../../../../../Files/UnrealGames/WDKW/Intermediate/Shaders/tmp/FDC69B9D4D5D4C590D6A94B2C3EE01A9/'.
[2016.02.13-17.41.53:742][  0]LogShaderCompilers:Display: Using Local Shader Compiler.
[2016.02.13-17.41.55:285][  0]LogTemp:Display: Loaded TP AllDesktopTargetPlatform
[2016.02.13-17.41.55:292][  0]LogTemp:Display: Loaded TP WindowsClientTargetPlatform
[2016.02.13-17.41.55:299][  0]LogTemp:Display: Loaded TP WindowsNoEditorTargetPlatform
[2016.02.13-17.41.55:306][  0]LogTemp:Display: Loaded TP WindowsServerTargetPlatform
[2016.02.13-17.41.55:313][  0]LogTemp:Display: Loaded TP WindowsTargetPlatform
[2016.02.13-17.41.55:318][  0]LogTemp:Display: Loaded TP AndroidTargetPlatform
[2016.02.13-17.41.55:322][  0]LogTemp:Display: Loaded TP Android_ASTCTargetPlatform
[2016.02.13-17.41.55:326][  0]LogTemp:Display: Loaded TP Android_ATCTargetPlatform
[2016.02.13-17.41.55:331][  0]LogTemp:Display: Loaded TP Android_DXTTargetPlatform
[2016.02.13-17.41.55:335][  0]LogTemp:Display: Loaded TP Android_ETC1TargetPlatform
[2016.02.13-17.41.55:340][  0]LogTemp:Display: Loaded TP Android_ETC2TargetPlatform
[2016.02.13-17.41.55:345][  0]LogTemp:Display: Loaded TP Android_PVRTCTargetPlatform
[2016.02.13-17.41.55:346][  0]LogTemp:Display: Loaded TP HTML5TargetPlatform
[2016.02.13-17.41.55:366][  0]LogTemp:Display: Loaded TP IOSTargetPlatform
[2016.02.13-17.41.55:370][  0]LogTemp:Display: Loaded TP LinuxNoEditorTargetPlatform
[2016.02.13-17.41.55:375][  0]LogTemp:Display: Loaded TP LinuxServerTargetPlatform
[2016.02.13-17.41.55:379][  0]LogTemp:Display: Loaded TP LinuxTargetPlatform
[2016.02.13-17.41.55:380][  0]LogTargetPlatformManager:Display: Building Assets For Windows
[2016.02.13-17.41.55:513][  0]LogDerivedDataCache:Display: Max Cache Size: 512 MB
[2016.02.13-17.41.55:593][  0]LogDerivedDataCache: Loaded boot cache 0.08s 41MB C:/Users/Pierre/AppData/Local/UnrealEngine/4.9/DerivedDataCache/Boot.ddc.
[2016.02.13-17.41.55:593][  0]LogDerivedDataCache:Display: Loaded Boot cache: C:/Users/Pierre/AppData/Local/UnrealEngine/4.9/DerivedDataCache/Boot.ddc
[2016.02.13-17.41.55:593][  0]LogDerivedDataCache: FDerivedDataBackendGraph:  Pak pak cache file ../../../../../../../Files/UnrealGames/WDKW/DerivedDataCache/DDC.ddp not found, will not use a pak cache.
[2016.02.13-17.41.55:593][  0]LogDerivedDataCache: Unable to find inner node Pak for hierarchical cache Hierarchy.
[2016.02.13-17.41.55:594][  0]LogDerivedDataCache: FDerivedDataBackendGraph:  CompressedPak pak cache file ../../../../../../../Files/UnrealGames/WDKW/DerivedDataCache/Compressed.ddp not found, will not use a pak cache.
[2016.02.13-17.41.55:594][  0]LogDerivedDataCache: Unable to find inner node CompressedPak for hierarchical cache Hierarchy.
[2016.02.13-17.41.55:738][  0]LogDerivedDataCache:Display: Pak cache opened for reading ../../../Engine/DerivedDataCache/Compressed.ddp.
[2016.02.13-17.41.55:751][  0]LogDerivedDataCache: Using Local data cache path C:/Users/Pierre/AppData/Local/UnrealEngine/Common/DerivedDataCache: Writable
[2016.02.13-17.41.56:023][  0]LogInit: Selected Device Profile: [Windows]
[2016.02.13-17.41.56:027][  0]LogContentStreaming: Texture pool size is 0.000000MB
[2016.02.13-17.41.56:189][  0]LogMeshUtilities: No automatic mesh reduction module available
[2016.02.13-17.41.56:189][  0]LogMeshUtilities: No automatic mesh merging module available
[2016.02.13-17.41.56:566][  0]LogInit: WinSock: version 1.1 (2.2), MaxSocks=32767, MaxUdp=65467
[2016.02.13-17.41.58:285][  0]UdpMessaging: Initializing bridge on interface 0.0.0.0:0 to multicast group 230.0.0.1:6666.
[2016.02.13-17.41.58:479][  0]LogAssetRegistry: FAssetRegistry took 0.0109 seconds to start up
[2016.02.13-17.41.58:736][  0]SourceControl: Info Source control is disabled
[2016.02.13-17.41.58:737][  0]SourceControl: Info Source control is disabled
[2016.02.13-17.41.58:756][  0]SourceControl: Info Source control is disabled
[2016.02.13-17.41.58:774][  0]SourceControl: Info Source control is disabled
[2016.02.13-17.41.59:033][  0]LogLinker:Warning: Asset '../../../Engine/Plugins/Runtime/LeapMotionController/Content/LM_PassthroughMaterial.uasset' has been saved with empty engine version. The asset will be loaded but may be incompatible.
[2016.02.13-17.41.59:172][  0]LogObj: 28365 objects as part of root set at end of initial load.
[2016.02.13-17.41.59:172][  0]LogUObjectAllocator: 6040832 out of 0 bytes used by permanent object pool.
[2016.02.13-17.41.59:241][  0]LogEngine: Initializing Engine...
[2016.02.13-17.41.59:245][  0]LogHMD: Can't find Oculus library dev build: is proper Runtime installed? Version: 0.7.0.0
[2016.02.13-17.41.59:245][  0]LogHMD: SteamVR failed to initialize.  Err: 110
[2016.02.13-17.41.59:403][  0]LogAIModule: Creating AISystem for world NewWorld
[2016.02.13-17.41.59:427][  0]LogInit: XAudio2 using 'Audio numérique (SPDIF) (2- Périphérique High Definition Audio)' : 2 channels at 48 kHz using 32 bits per sample (channel mask 0x3)
[2016.02.13-17.41.59:440][  0]LogInit: FAudioDevice initialized.
[2016.02.13-17.41.59:477][  0]LogDerivedDataCache: Saved boot cache 0.04s 41MB C:/Users/Pierre/AppData/Local/UnrealEngine/4.9/DerivedDataCache/Boot.ddc.
[2016.02.13-17.41.59:486][  0]LogInit: Texture streaming: Enabled
[2016.02.13-17.41.59:494][  0]LogAnalytics: Creating configured Analytics provider AnalyticsET
[2016.02.13-17.41.59:494][  0]LogAnalytics: [UEEditor.Rocket.Release] APIServer = http://et2.epicgames.com/ET2/. AppVersion = 4.9.2-2707645+++depot+UE4-Releases+4.9
[2016.02.13-17.41.59:495][  0]LogAnalytics: [UEEditor.Rocket.Release] SetUserId 040a12784862f767c49af68f6786fb02|2b3159c459794c139f2df80869f9e432|a0c39b0a-7727-46ed-a0a1-160da38d3fcb
[2016.02.13-17.41.59:495][  0]LogAnalytics: [UEEditor.Rocket.Release] AnalyticsET::StartSession
[2016.02.13-17.41.59:507][  0]LogWindowsTextInputMethodSystem:Display: IME system now deactivated.
[2016.02.13-17.41.59:576][  0]LogInit: Transaction tracking system initialized
[2016.02.13-17.41.59:616][  0]BlueprintLog: New page: Editor Load
[2016.02.13-17.42.01:894][  0]LocalizationService: Info Localization service is disabled
[2016.02.13-17.42.02:220][  0]LogConsoleResponse:Display: 
[2016.02.13-17.42.02:379][  0]LogFileCache: Scanning file cache for directory 'E:/Files/UnrealGames/WDKW/Content/' took 0.01s
[2016.02.13-17.42.02:379][  0]LogCook:Display: Done creating registry. It took  0.00s.
[2016.02.13-17.42.02:492][  0]SourceControl: Info Source control is disabled
[2016.02.13-17.42.02:492][  0]Cmd: MAP LOAD FILE="../../../Engine/Content/Maps/Templates/Template_Default.umap" TEMPLATE=1 SHOWPROGRESS=1 FEATURELEVEL=3
[2016.02.13-17.42.02:493][  0]LightingResults: New page: Lighting Build
[2016.02.13-17.42.02:497][  0]MapCheck: New page: Map Check
[2016.02.13-17.42.02:497][  0]LightingResults: New page: Lighting Build
[2016.02.13-17.42.02:511][  0]LogParticles: Destroying 0 GPU particle simulations for FXSystem 0x0000007196168400
[2016.02.13-17.42.02:895][  0]LogAIModule: Creating AISystem for world Untitled_1
[2016.02.13-17.42.02:903][  0]LogEditorServer: Finished looking for orphan Actors (0.000 secs)
[2016.02.13-17.42.02:946][  0]Cmd: MAP CHECKDEP NOCLEARLOG
[2016.02.13-17.42.03:070][  0]MapCheck: Info Map check complete: 0 Error(s), 0 Warning(s), took 123.946ms to complete.
[2016.02.13-17.42.03:070][  0]LogFileHelpers: Loading map 'Template_Default' took 0.578
[2016.02.13-17.42.03:730][  0]LogCollectionManager: Loaded 0 collections in 0.003424 seconds
[2016.02.13-17.42.03:780][  0]LogFileCache: Scanning file cache for directory 'E:/Files/UnrealGames/WDKW/Saved/Collections/' took 0.01s
[2016.02.13-17.42.03:780][  0]LogFileCache: Scanning file cache for directory 'E:/Files/UnrealGames/WDKW/Content/Developers/Pierre/Collections/' took 0.01s
[2016.02.13-17.42.03:780][  0]LogFileCache: Scanning file cache for directory 'E:/Files/UnrealGames/WDKW/Content/Collections/' took 0.01s
[2016.02.13-17.42.03:780][  0]LogContentBrowser: Native class hierarchy populated in 0.0129 seconds. Added 1868 classes and 335 folders.
[2016.02.13-17.42.03:792][  0]LogCollectionManager: Rebuilt the GUID cache for 0 collections in 0.000004 seconds
[2016.02.13-17.42.03:804][  0]LogContentBrowser: Native class hierarchy updated for 'WidgetCarousel' in 0.0019 seconds. Added 0 classes and 0 folders.
[2016.02.13-17.42.09:884][  0]LogContentBrowser: Native class hierarchy updated for 'AddContentDialog' in 0.0020 seconds. Added 0 classes and 0 folders.
[2016.02.13-17.42.10:142][  0]LogContentBrowser: Native class hierarchy updated for 'SceneOutliner' in 0.0025 seconds. Added 1 classes and 2 folders.
[2016.02.13-17.42.10:586][  0]LogCrashTracker: Crashtracker disabled due to settings.
[2016.02.13-17.42.10:598][  0]LogUObjectGlobals:Warning: Failed to find object 'Class None.'
[2016.02.13-17.42.10:621][  0]LogLoad: Full Startup: 19.49 seconds (BP compile: 0.07 seconds)
[2016.02.13-17.42.12:209][  0]LogContentStreaming: Texture pool size now 1000 MB
[2016.02.13-17.42.12:490][  0]LogRenderer: Reallocating scene render targets to support 1208x512 (Frame:2).
[2016.02.13-17.42.22:508][158]LogAssetRegistry: Asset discovery search completed in 24.0409 seconds
[2016.02.13-17.42.22:508][158]LogCollectionManager: Rebuilt the object cache for 0 collections in 0.000001 seconds (found 0 objects)
[2016.02.13-17.42.22:508][158]LogCollectionManager: Fixed up redirectors for 0 collections in 0.000034 seconds (updated 0 objects)
[2016.02.13-17.42.53:702][663]LogVSAccessor:Warning: Couldn't goto line number '0' in 'E:/Files/UnrealGames/WDKW/Source/WDKW/WDKWGameMode.h'
[2016.02.13-17.42.53:806][663]LogVSAccessor:Warning: Couldn't goto line number '0' in 'E:/Files/UnrealGames/WDKW/Source/WDKW/WDKWGameMode.cpp'
[2016.02.13-17.53.54:523][688]Running E:/Programs/Unreal Engine 4/Epic Games/4.9/Engine/Binaries/DotNET/UnrealBuildTool.exe WDKW Win64 Development -editorrecompile "E:/Files/UnrealGames/WDKW/WDKW.uproject" -invalidatemakefilesonly -rocket
[2016.02.13-17.53.54:958][688]Invalidating makefiles only in this run.
[2016.02.13-17.53.55:100][688]Recompiling WDKW...
[2016.02.13-17.53.55:101][688]Launching UnrealBuildTool... [E:/Programs/Unreal Engine 4/Epic Games/4.9/Engine/Binaries/DotNET/UnrealBuildTool.exe WDKW -ModuleWithSuffix WDKW 8172 Win64 Development -editorrecompile -canskiplink "E:/Files/UnrealGames/WDKW/WDKW.uproject" -rocket  -rocket]
[2016.02.13-17.54.18:327][688]CompilerResultsLog: New page: Compilation - Feb 13, 2016, 11:54:18 AM
[2016.02.13-17.54.18:328][688]CompilerResultsLog: Info Performing full C++ include scan (hot reloading a new target)
[2016.02.13-17.54.18:328][688]CompilerResultsLog: Info Creating makefile for hot reloading WDKW (no existing makefile)
[2016.02.13-17.54.18:328][688]CompilerResultsLog: Info Compiling game modules for hot reload
[2016.02.13-17.54.18:328][688]CompilerResultsLog: Info Parsing headers for WDKWEditor
[2016.02.13-17.54.18:328][688]CompilerResultsLog: Info   Running UnrealHeaderTool "E:/Files/UnrealGames/WDKW/WDKW.uproject" "E:\Files\UnrealGames\WDKW\Intermediate\Build\Win64\WDKWEditor\Development\UnrealHeaderTool.manifest" -LogCmds="loginit warning, logexit warning, logdatabase error" -rocket -installed
[2016.02.13-17.54.18:328][688]CompilerResultsLog: I