[2016.02.13-18.33.00:866][  0]Log file open, 02/13/16 15:33:00
[2016.02.13-18.33.00:866][  0]LogInit:Display: Running engine for game: WDKW
[2016.02.13-18.33.00:866][  0]LogInit:Display: RandInit(205790082) SRandInit(205790084).
[2016.02.13-18.33.00:866][  0]LogTaskGraph: Started task graph with 4 named threads and 6 total threads.
[2016.02.13-18.33.00:866][  0]LogStats: Stats thread started at 0.097885
[2016.02.13-18.33.00:866][  0]LogInit: Version: 4.9.2-2707645+++depot+UE4-Releases+4.9
[2016.02.13-18.33.00:866][  0]LogInit: API Version: 2672455
[2016.02.13-18.33.00:866][  0]LogInit: Compiled (64-bit): Sep 28 2015 10:25:44
[2016.02.13-18.33.00:866][  0]LogInit: Compiled with Visual C++: 18.00.21005.01
[2016.02.13-18.33.00:866][  0]LogInit: Build Configuration: Development
[2016.02.13-18.33.00:866][  0]LogInit: Branch Name: ++depot+UE4-Releases+4.9
[2016.02.13-18.33.00:866][  0]LogInit: Command line:  
[2016.02.13-18.33.00:866][  0]LogInit: Base directory: E:/Programs/Unreal Engine 4/Epic Games/4.9/Engine/Binaries/Win64/
[2016.02.13-18.33.00:866][  0]LogInit: Rocket: 1
[2016.02.13-18.33.00:879][  0]LogInit: Using libcurl 7.41.0
[2016.02.13-18.33.00:879][  0]LogInit:  - built for x86_64-pc-win32
[2016.02.13-18.33.00:879][  0]LogInit:  - supports SSL with WinSSL
[2016.02.13-18.33.00:879][  0]LogInit:  - other features:
[2016.02.13-18.33.00:879][  0]LogInit:      CURL_VERSION_SSL
[2016.02.13-18.33.00:879][  0]LogInit:      CURL_VERSION_IPV6
[2016.02.13-18.33.00:879][  0]LogInit:      CURL_VERSION_ASYNCHDNS
[2016.02.13-18.33.00:879][  0]LogInit:      CURL_VERSION_LARGEFILE
[2016.02.13-18.33.00:879][  0]LogInit:      CURL_VERSION_IDN
[2016.02.13-18.33.00:879][  0]LogInit:  CurlRequestOptions (configurable via config and command line):
[2016.02.13-18.33.00:879][  0]LogInit:  - bVerifyPeer = true  - Libcurl will verify peer certificate
[2016.02.13-18.33.00:879][  0]LogInit:  - bUseHttpProxy = false  - Libcurl will NOT use HTTP proxy
[2016.02.13-18.33.00:879][  0]LogInit:  - bDontReuseConnections = false  - Libcurl will reuse connections
[2016.02.13-18.33.00:879][  0]LogInit:  - CertBundlePath = nullptr  - Libcurl will use whatever was configured at build time.
[2016.02.13-18.33.00:889][  0]LogInit: Presizing for 0 objects not considered by GC, pre-allocating 0 bytes.
[2016.02.13-18.33.00:898][  0]LogInit: Object subsystem initialized
[2016.02.13-18.33.00:900][  0]LogInit: Selected Device Profile: [Windows]
[2016.02.13-18.33.00:900][  0]LogInit: Applying CVar settings loaded from the selected device profile: [Windows]
[2016.02.13-18.33.00:910][  0]LogInit: Computer: RAMBO
[2016.02.13-18.33.00:910][  0]LogInit: User: Pierre
[2016.02.13-18.33.00:910][  0]LogInit: CPU Page size=4096, Cores=3
[2016.02.13-18.33.00:910][  0]LogInit: High frequency timer resolution =3.906349 MHz
[2016.02.13-18.33.00:910][  0]LogMemory: Memory total: Physical=16.0GB (16GB approx)
[2016.02.13-18.33.00:910][  0]LogMemory: Platform Memory Stats for Windows
[2016.02.13-18.33.00:910][  0]LogMemory: Process Physical Memory: 51.72 MB used, 51.72 MB peak
[2016.02.13-18.33.00:910][  0]LogMemory: Process Virtual Memory: 56.91 MB used, 56.91 MB peak
[2016.02.13-18.33.00:910][  0]LogMemory: Physical Memory: 3793.12 MB used, 16349.51 MB total
[2016.02.13-18.33.00:910][  0]LogMemory: Virtual Memory: 352.18 MB used, 134217728.00 MB total
[2016.02.13-18.33.00:967][  0]LogTextLocalizationManager: No translations for ('fr-FR') exist, falling back to 'en' for localization and internationalization data.
[2016.02.13-18.33.01:640][  0]LogD3D11RHI: Found D3D11 adapter 0: AMD Radeon R9 200 Series (Feature Level 11_0)
[2016.02.13-18.33.01:640][  0]LogD3D11RHI: Adapter has 4071MB of dedicated video memory, 0MB of dedicated system memory, and 3840MB of shared system memory, 1 output[s]
[2016.02.13-18.33.01:671][  0]LogD3D11RHI: Found D3D11 adapter 1: NVIDIA GeForce GTX 670 (Feature Level 11_0)
[2016.02.13-18.33.01:671][  0]LogD3D11RHI: Adapter has 1985MB of dedicated video memory, 0MB of dedicated system memory, and 2048MB of shared system memory, 1 output[s]
[2016.02.13-18.33.01:673][  0]LogD3D11RHI: Found D3D11 adapter 2: Microsoft Basic Render Driver (Feature Level 11_0)
[2016.02.13-18.33.01:673][  0]LogD3D11RHI: Adapter has 0MB of dedicated video memory, 0MB of dedicated system memory, and 256MB of shared system memory, 0 output[s]
[2016.02.13-18.33.01:673][  0]LogD3D11RHI: Chosen D3D11 Adapter Id = 0
[2016.02.13-18.33.01:680][  0]LogD3D11RHI: !Direct3DDevice
[2016.02.13-18.33.01:680][  0]LogRHI: Texture pool is 1361 MB (70% of 1945 MB)
[2016.02.13-18.33.01:688][  0]LogD3D11RHI: Async texture creation disabled: no driver support
[2016.02.13-18.33.01:699][  0]LogShaderCompilers: Guid format shader working directory is 15 characters bigger than the processId version (../../../../../../../Files/UnrealGames/WDKW/Intermediate/Shaders/WorkingDirectory/7004/).
[2016.02.13-18.33.01:700][  0]LogShaderCompilers: Cleaned the shader compiler working directory '../../../../../../../Files/UnrealGames/WDKW/Intermediate/Shaders/tmp/23190C8E414406558C692EA002F27B5B/'.
[2016.02.13-18.33.01:700][  0]LogShaderCompilers:Display: Using Local Shader Compiler.
[2016.02.13-18.33.03:120][  0]LogTemp:Display: Loaded TP AllDesktopTargetPlatform
[2016.02.13-18.33.03:127][  0]LogTemp:Display: Loaded TP WindowsClientTargetPlatform
[2016.02.13-18.33.03:135][  0]LogTemp:Display: Loaded TP WindowsNoEditorTargetPlatform
[2016.02.13-18.33.03:142][  0]LogTemp:Display: Loaded TP WindowsServerTargetPlatform
[2016.02.13-18.33.03:150][  0]LogTemp:Display: Loaded TP WindowsTargetPlatform
[2016.02.13-18.33.03:155][  0]LogTemp:Display: Loaded TP AndroidTargetPlatform
[2016.02.13-18.33.03:159][  0]LogTemp:Display: Loaded TP Android_ASTCTargetPlatform
[2016.02.13-18.33.03:163][  0]LogTemp:Display: Loaded TP Android_ATCTargetPlatform
[2016.02.13-18.33.03:167][  0]LogTemp:Display: Loaded TP Android_DXTTargetPlatform
[2016.02.13-18.33.03:172][  0]LogTemp:Display: Loaded TP Android_ETC1TargetPlatform
[2016.02.13-18.33.03:176][  0]LogTemp:Display: Loaded TP Android_ETC2TargetPlatform
[2016.02.13-18.33.03:181][  0]LogTemp:Display: Loaded TP Android_PVRTCTargetPlatform
[2016.02.13-18.33.03:182][  0]LogTemp:Display: Loaded TP HTML5TargetPlatform
[2016.02.13-18.33.03:202][  0]LogTemp:Display: Loaded TP IOSTargetPlatform
[2016.02.13-18.33.03:206][  0]LogTemp:Display: Loaded TP LinuxNoEditorTargetPlatform
[2016.02.13-18.33.03:211][  0]LogTemp:Display: Loaded TP LinuxServerTargetPlatform
[2016.02.13-18.33.03:216][  0]LogTemp:Display: Loaded TP LinuxTargetPlatform
[2016.02.13-18.33.03:216][  0]LogTargetPlatformManager:Display: Building Assets For Windows
[2016.02.13-18.33.03:362][  0]LogDerivedDataCache:Display: Max Cache Size: 512 MB
[2016.02.13-18.33.03:460][  0]LogDerivedDataCache: Loaded boot cache 0.10s 41MB C:/Users/Pierre/AppData/Local/UnrealEngine/4.9/DerivedDataCache/Boot.ddc.
[2016.02.13-18.33.03:460][  0]LogDerivedDataCache:Display: Loaded Boot cache: C:/Users/Pierre/AppData/Local/UnrealEngine/4.9/DerivedDataCache/Boot.ddc
[2016.02.13-18.33.03:460][  0]LogDerivedDataCache: FDerivedDataBackendGraph:  Pak pak cache file ../../../../../../../Files/UnrealGames/WDKW/DerivedDataCache/DDC.ddp not found, will not use a pak cache.
[2016.02.13-18.33.03:460][  0]LogDerivedDataCache: Unable to find inner node Pak for hierarchical cache Hierarchy.
[2016.02.13-18.33.03:460][  0]LogDerivedDataCache: FDerivedDataBackendGraph:  CompressedPak pak cache file ../../../../../../../Files/UnrealGames/WDKW/DerivedDataCache/Compressed.ddp not found, will not use a pak cache.
[2016.02.13-18.33.03:460][  0]LogDerivedDataCache: Unable to find inner node CompressedPak for hierarchical cache Hierarchy.
[2016.02.13-18.33.03:646][  0]LogDerivedDataCache:Display: Pak cache opened for reading ../../../Engine/DerivedDataCache/Compressed.ddp.
[2016.02.13-18.33.03:659][  0]LogDerivedDataCache: Using Local data cache path C:/Users/Pierre/AppData/Local/UnrealEngine/Common/DerivedDataCache: Writable
[2016.02.13-18.33.03:943][  0]LogInit: Selected Device Profile: [Windows]
[2016.02.13-18.33.03:946][  0]LogContentStreaming: Texture pool size is 0.000000MB
[2016.02.13-18.33.04:091][  0]LogMeshUtilities: No automatic mesh reduction module available
[2016.02.13-18.33.04:091][  0]LogMeshUtilities: No automatic mesh merging module available
[2016.02.13-18.33.04:453][  0]LogInit: WinSock: version 1.1 (2.2), MaxSocks=32767, MaxUdp=65467
[2016.02.13-18.33.05:985][  0]UdpMessaging: Initializing bridge on interface 0.0.0.0:0 to multicast group 230.0.0.1:6666.
[2016.02.13-18.33.06:132][  0]LogAssetRegistry: FAssetRegistry took 0.0110 seconds to start up
[2016.02.13-18.33.06:436][  0]SourceControl: Info Source control is disabled
[2016.02.13-18.33.06:438][  0]SourceControl: Info Source control is disabled
[2016.02.13-18.33.06:466][  0]SourceControl: Info Source control is disabled
[2016.02.13-18.33.06:487][  0]SourceControl: Info Source control is disabled
[2016.02.13-18.33.06:790][  0]LogLinker:Warning: Asset '../../../Engine/Plugins/Runtime/LeapMotionController/Content/LM_PassthroughMaterial.uasset' has been saved with empty engine version. The asset will be loaded but may be incompatible.
[2016.02.13-18.33.06:928][  0]LogObj: 28368 objects as part of root set at end of initial load.
[2016.02.13-18.33.06:928][  0]LogUObjectAllocator: 6043512 out of 0 bytes used by permanent object pool.
[2016.02.13-18.33.07:001][  0]LogEngine: Initializing Engine...
[2016.02.13-18.33.07:004][  0]LogHMD: Can't find Oculus library dev build: is proper Runtime installed? Version: 0.7.0.0
[2016.02.13-18.33.07:005][  0]LogHMD: SteamVR failed to initialize.  Err: 110
[2016.02.13-18.33.07:173][  0]LogAIModule: Creating AISystem for world NewWorld
[2016.02.13-18.33.07:198][  0]LogInit: XAudio2 using 'Audio numérique (SPDIF) (2- Périphérique High Definition Audio)' : 2 channels at 48 kHz using 32 bits per sample (channel mask 0x3)
[2016.02.13-18.33.07:206][  0]LogInit: FAudioDevice initialized.
[2016.02.13-18.33.07:246][  0]LogDerivedDataCache: Saved boot cache 0.04s 41MB C:/Users/Pierre/AppData/Local/UnrealEngine/4.9/DerivedDataCache/Boot.ddc.
[2016.02.13-18.33.07:254][  0]LogInit: Texture streaming: Enabled
[2016.02.13-18.33.07:262][  0]LogAnalytics: Creating configured Analytics provider AnalyticsET
[2016.02.13-18.33.07:263][  0]LogAnalytics: [UEEditor.Rocket.Release] APIServer = http://et2.epicgames.com/ET2/. AppVersion = 4.9.2-2707645+++depot+UE4-Releases+4.9
[2016.02.13-18.33.07:263][  0]LogAnalytics: [UEEditor.Rocket.Release] SetUserId 040a12784862f767c49af68f6786fb02|2b3159c459794c139f2df80869f9e432|a0c39b0a-7727-46ed-a0a1-160da38d3fcb
[2016.02.13-18.33.07:263][  0]LogAnalytics: [UEEditor.Rocket.Release] AnalyticsET::StartSession
[2016.02.13-18.33.07:928][  0]LogInit: Transaction tracking system initialized
[2016.02.13-18.33.07:980][  0]BlueprintLog: New page: Editor Load
[2016.02.13-18.33.08:122][  0]LocalizationService: Info Localization service is disabled
[2016.02.13-18.33.08:245][  0]LogConsoleResponse:Display: 
[2016.02.13-18.33.08:425][  0]LogCook:Display: Done creating registry. It took  0.00s.
[2016.02.13-18.33.08:561][  0]LogFileCache: Scanning file cache for directory 'E:/Files/UnrealGames/WDKW/Content/' took 0.01s
[2016.02.13-18.33.08:561][  0]SourceControl: Info Source control is disabled
[2016.02.13-18.33.08:561][  0]Cmd: MAP LOAD FILE="../../../Engine/Content/Maps/Templates/Template_Default.umap" TEMPLATE=1 SHOWPROGRESS=1 FEATURELEVEL=3
[2016.02.13-18.33.08:562][  0]LightingResults: New page: Lighting Build
[2016.02.13-18.33.08:566][  0]MapCheck: New page: Map Check
[2016.02.13-18.33.08:566][  0]LightingResults: New page: Lighting Build
[2016.02.13-18.33.08:584][  0]LogParticles: Destroying 0 GPU particle simulations for FXSystem 0x000000E07F1E1A80
[2016.02.13-18.33.09:045][  0]LogAIModule: Creating AISystem for world Untitled_1
[2016.02.13-18.33.09:055][  0]LogEditorServer: Finished looking for orphan Actors (0.000 secs)
[2016.02.13-18.33.09:121][  0]Cmd: MAP CHECKDEP NOCLEARLOG
[2016.02.13-18.33.09:308][  0]MapCheck: Info Map check complete: 0 Error(s), 0 Warning(s), took 187.218ms to complete.
[2016.02.13-18.33.09:308][  0]LogFileHelpers: Loading map 'Template_Default' took 0.748
[2016.02.13-18.33.09:452][  0]LogCollectionManager: Loaded 0 collections in 0.004464 seconds
[2016.02.13-18.33.09:499][  0]LogFileCache: Scanning file cache for directory 'E:/Files/UnrealGames/WDKW/Saved/Collections/' took 0.01s
[2016.02.13-18.33.09:499][  0]LogFileCache: Scanning file cache for directory 'E:/Files/UnrealGames/WDKW/Content/Developers/Pierre/Collections/' took 0.01s
[2016.02.13-18.33.09:499][  0]LogFileCache: Scanning file cache for directory 'E:/Files/UnrealGames/WDKW/Content/Collections/' took 0.01s
[2016.02.13-18.33.09:499][  0]LogContentBrowser: Native class hierarchy populated in 0.0129 seconds. Added 1869 classes and 335 folders.
[2016.02.13-18.33.09:513][  0]LogCollectionManager: Rebuilt the GUID cache for 0 collections in 0.000004 seconds
[2016.02.13-18.33.09:530][  0]LogContentBrowser: Native class hierarchy updated for 'WidgetCarousel' in 0.0028 seconds. Added 0 classes and 0 folders.
[2016.02.13-18.33.09:641][  0]LogContentBrowser: Native class hierarchy updated for 'AddContentDialog' in 0.0030 seconds. Added 0 classes and 0 folders.
[2016.02.13-18.33.09:650][  0]LogContentBrowser: Native class hierarchy updated for 'SceneOutliner' in 0.0025 seconds. Added 1 classes and 2 folders.
[2016.02.13-18.33.09:685][  0]LogCrashTracker: Crashtracker disabled due to settings.
[2016.02.13-18.33.09:694][  0]LogUObjectGlobals:Warning: Failed to find object 'Class None.'
[2016.02.13-18.33.09:717][  0]LogLoad: Full Startup: 10.05 seconds (BP compile: 0.06 seconds)
[2016.02.13-18.33.10:137][  0]LogContentStreaming: Texture pool size now 1000 MB
[2016.02.13-18.33.10:365][  0]LogRenderer: Reallocating scene render targets to support 1208x512 (Frame:2).
[2016.02.13-18.33.11:648][  4]LogAssetRegistry: Asset discovery search completed in 5.5276 seconds
[2016.02.13-18.33.11:648][  4]LogCollectionManager: Rebuilt the object cache for 0 collections in 0.000001 seconds (found 0 objects)
[2016.02.13-18.33.11:648][  4]LogCollectionManager: Fixed up redirectors for 0 collections in 0.000026 seconds (updated 0 objects)
[2016.02.13-18.33.45:260][408]LogPlayLevel: PlayLevel: No blueprints needed recompiling
[2016.02.13-18.33.45:260][408]PIE: New page: PIE session: Untitled_1 (Feb 13, 2016, 12:33:45 PM)
[2016.02.13-18.33.45:261][408]LogPlayLevel: Creating play world package: /Temp/UEDPIE_0_Untitled_1
[2016.02.13-18.33.45:263][408]LogPlayLevel: PIE: StaticDuplicateObject took: (0.002624s)
[2016.02.13-18.33.45:264][408]LogAIModule: Creating AISystem for world Untitled_1
[2016.02.13-18.33.45:264][408]LogPlayLevel: PIE: World Init took: (0.001021s)
[2016.02.13-18.33.45:264][408]LogPlayLevel: PIE: Created PIE world by copying editor world from /Temp/Untitled_1.Untitled_1 to /Temp/UEDPIE_0_Untitled_1.Untitled_1 (0.003820s)
[2016.02.13-18.33.45:307][408]LogInit: XAudio2 using 'Audio numérique (SPDIF) (2- Périphérique High Definition Audio)' : 2 channels at 48 kHz using 32 bits per sample (channel mask 0x3)
[2016.02.13-18.33.45:320][408]LogInit: FAudioDevice initialized.
[2016.02.13-18.33.45:743][408]LogWorld: Game class is 'WDKWGameMode_C'
[2016.02.13-18.33.45:747][408]LogWorld: Bringing World /Temp/UEDPIE_0_Untitled_1.Untitled_1 up for play (max tick rate 0) at 2016.02.13-15.33.45
[2016.02.13-18.33.45:747][408]LogActor:Warning: GameSession /Temp/UEDPIE_0_Untitled_1.Untitled_1:PersistentLevel.GameSession_0 has natively added scene component(s), but none of them were set as the actor's RootComponent - picking one arbitrarily
[2016.02.13-18.33.45:748][408]LogActor:Warning: GameNetworkManager /Temp/UEDPIE_0_Untitled_1.Untitled_1:PersistentLevel.GameNetworkManager_0 has natively added scene component(s), but none of them were set as the actor's RootComponent - picking one arbitrarily
[2016.02.13-18.33.45:748][408]LogWorld: Bringing up level for play took: 0.002769
[2016.02.13-18.33.45:753][408]PIE: Info Play in editor start time for /Temp/UEDPIE_0_Untitled_1 -0.333
[2016.02.13-18.34.31:282][858]Lo