[2016.02.13-18.34.53:789][  0]Log file open, 02/13/16 15:34:53
[2016.02.13-18.34.53:789][  0]LogInit:Display: Running engine for game: WDKW
[2016.02.13-18.34.53:789][  0]LogInit:Display: RandInit(646381595) SRandInit(646381597).
[2016.02.13-18.34.53:789][  0]LogTaskGraph: Started task graph with 4 named threads and 6 total threads.
[2016.02.13-18.34.53:789][  0]LogStats: Stats thread started at 0.091589
[2016.02.13-18.34.53:789][  0]LogInit: Version: 4.9.2-2707645+++depot+UE4-Releases+4.9
[2016.02.13-18.34.53:789][  0]LogInit: API Version: 2672455
[2016.02.13-18.34.53:789][  0]LogInit: Compiled (64-bit): Sep 28 2015 10:25:44
[2016.02.13-18.34.53:789][  0]LogInit: Compiled with Visual C++: 18.00.21005.01
[2016.02.13-18.34.53:789][  0]LogInit: Build Configuration: Development
[2016.02.13-18.34.53:789][  0]LogInit: Branch Name: ++depot+UE4-Releases+4.9
[2016.02.13-18.34.53:789][  0]LogInit: Command line:  
[2016.02.13-18.34.53:789][  0]LogInit: Base directory: E:/Programs/Unreal Engine 4/Epic Games/4.9/Engine/Binaries/Win64/
[2016.02.13-18.34.53:789][  0]LogInit: Rocket: 1
[2016.02.13-18.34.53:802][  0]LogInit: Using libcurl 7.41.0
[2016.02.13-18.34.53:802][  0]LogInit:  - built for x86_64-pc-win32
[2016.02.13-18.34.53:802][  0]LogInit:  - supports SSL with WinSSL
[2016.02.13-18.34.53:802][  0]LogInit:  - other features:
[2016.02.13-18.34.53:802][  0]LogInit:      CURL_VERSION_SSL
[2016.02.13-18.34.53:802][  0]LogInit:      CURL_VERSION_IPV6
[2016.02.13-18.34.53:802][  0]LogInit:      CURL_VERSION_ASYNCHDNS
[2016.02.13-18.34.53:802][  0]LogInit:      CURL_VERSION_LARGEFILE
[2016.02.13-18.34.53:802][  0]LogInit:      CURL_VERSION_IDN
[2016.02.13-18.34.53:802][  0]LogInit:  CurlRequestOptions (configurable via config and command line):
[2016.02.13-18.34.53:802][  0]LogInit:  - bVerifyPeer = true  - Libcurl will verify peer certificate
[2016.02.13-18.34.53:802][  0]LogInit:  - bUseHttpProxy = false  - Libcurl will NOT use HTTP proxy
[2016.02.13-18.34.53:802][  0]LogInit:  - bDontReuseConnections = false  - Libcurl will reuse connections
[2016.02.13-18.34.53:802][  0]LogInit:  - CertBundlePath = nullptr  - Libcurl will use whatever was configured at build time.
[2016.02.13-18.34.53:814][  0]LogInit: Presizing for 0 objects not considered by GC, pre-allocating 0 bytes.
[2016.02.13-18.34.53:824][  0]LogInit: Object subsystem initialized
[2016.02.13-18.34.53:825][  0]LogInit: Selected Device Profile: [Windows]
[2016.02.13-18.34.53:825][  0]LogInit: Applying CVar settings loaded from the selected device profile: [Windows]
[2016.02.13-18.34.53:834][  0]LogInit: Computer: RAMBO
[2016.02.13-18.34.53:834][  0]LogInit: User: Pierre
[2016.02.13-18.34.53:834][  0]LogInit: CPU Page size=4096, Cores=3
[2016.02.13-18.34.53:834][  0]LogInit: High frequency timer resolution =3.906349 MHz
[2016.02.13-18.34.53:834][  0]LogMemory: Memory total: Physical=16.0GB (16GB approx)
[2016.02.13-18.34.53:834][  0]LogMemory: Platform Memory Stats for Windows
[2016.02.13-18.34.53:834][  0]LogMemory: Process Physical Memory: 51.75 MB used, 51.75 MB peak
[2016.02.13-18.34.53:834][  0]LogMemory: Process Virtual Memory: 56.93 MB used, 56.93 MB peak
[2016.02.13-18.34.53:834][  0]LogMemory: Physical Memory: 3821.53 MB used, 16349.51 MB total
[2016.02.13-18.34.53:834][  0]LogMemory: Virtual Memory: 352.18 MB used, 134217728.00 MB total
[2016.02.13-18.34.53:896][  0]LogTextLocalizationManager: No translations for ('fr-FR') exist, falling back to 'en' for localization and internationalization data.
[2016.02.13-18.34.54:642][  0]LogD3D11RHI: Found D3D11 adapter 0: AMD Radeon R9 200 Series (Feature Level 11_0)
[2016.02.13-18.34.54:642][  0]LogD3D11RHI: Adapter has 4071MB of dedicated video memory, 0MB of dedicated system memory, and 3840MB of shared system memory, 1 output[s]
[2016.02.13-18.34.54:676][  0]LogD3D11RHI: Found D3D11 adapter 1: NVIDIA GeForce GTX 670 (Feature Level 11_0)
[2016.02.13-18.34.54:676][  0]LogD3D11RHI: Adapter has 1985MB of dedicated video memory, 0MB of dedicated system memory, and 2048MB of shared system memory, 1 output[s]
[2016.02.13-18.34.54:678][  0]LogD3D11RHI: Found D3D11 adapter 2: Microsoft Basic Render Driver (Feature Level 11_0)
[2016.02.13-18.34.54:678][  0]LogD3D11RHI: Adapter has 0MB of dedicated video memory, 0MB of dedicated system memory, and 256MB of shared system memory, 0 output[s]
[2016.02.13-18.34.54:678][  0]LogD3D11RHI: Chosen D3D11 Adapter Id = 0
[2016.02.13-18.34.54:684][  0]LogD3D11RHI: !Direct3DDevice
[2016.02.13-18.34.54:684][  0]LogRHI: Texture pool is 1361 MB (70% of 1945 MB)
[2016.02.13-18.34.54:693][  0]LogD3D11RHI: Async texture creation disabled: no driver support
[2016.02.13-18.34.54:706][  0]LogShaderCompilers: Guid format shader working directory is 15 characters bigger than the processId version (../../../../../../../Files/UnrealGames/WDKW/Intermediate/Shaders/WorkingDirectory/7228/).
[2016.02.13-18.34.54:706][  0]LogShaderCompilers: Cleaned the shader compiler working directory '../../../../../../../Files/UnrealGames/WDKW/Intermediate/Shaders/tmp/E083D4EE4255E838741FB5BD0389890B/'.
[2016.02.13-18.34.54:706][  0]LogShaderCompilers:Display: Using Local Shader Compiler.
[2016.02.13-18.34.56:109][  0]LogTemp:Display: Loaded TP AllDesktopTargetPlatform
[2016.02.13-18.34.56:116][  0]LogTemp:Display: Loaded TP WindowsClientTargetPlatform
[2016.02.13-18.34.56:124][  0]LogTemp:Display: Loaded TP WindowsNoEditorTargetPlatform
[2016.02.13-18.34.56:131][  0]LogTemp:Display: Loaded TP WindowsServerTargetPlatform
[2016.02.13-18.34.56:139][  0]LogTemp:Display: Loaded TP WindowsTargetPlatform
[2016.02.13-18.34.56:144][  0]LogTemp:Display: Loaded TP AndroidTargetPlatform
[2016.02.13-18.34.56:148][  0]LogTemp:Display: Loaded TP Android_ASTCTargetPlatform
[2016.02.13-18.34.56:153][  0]LogTemp:Display: Loaded TP Android_ATCTargetPlatform
[2016.02.13-18.34.56:158][  0]LogTemp:Display: Loaded TP Android_DXTTargetPlatform
[2016.02.13-18.34.56:162][  0]LogTemp:Display: Loaded TP Android_ETC1TargetPlatform
[2016.02.13-18.34.56:167][  0]LogTemp:Display: Loaded TP Android_ETC2TargetPlatform
[2016.02.13-18.34.56:172][  0]LogTemp:Display: Loaded TP Android_PVRTCTargetPlatform
[2016.02.13-18.34.56:173][  0]LogTemp:Display: Loaded TP HTML5TargetPlatform
[2016.02.13-18.34.56:193][  0]LogTemp:Display: Loaded TP IOSTargetPlatform
[2016.02.13-18.34.56:197][  0]LogTemp:Display: Loaded TP LinuxNoEditorTargetPlatform
[2016.02.13-18.34.56:202][  0]LogTemp:Display: Loaded TP LinuxServerTargetPlatform
[2016.02.13-18.34.56:208][  0]LogTemp:Display: Loaded TP LinuxTargetPlatform
[2016.02.13-18.34.56:208][  0]LogTargetPlatformManager:Display: Building Assets For Windows
[2016.02.13-18.34.56:348][  0]LogDerivedDataCache:Display: Max Cache Size: 512 MB
[2016.02.13-18.34.56:430][  0]LogDerivedDataCache: Loaded boot cache 0.08s 41MB C:/Users/Pierre/AppData/Local/UnrealEngine/4.9/DerivedDataCache/Boot.ddc.
[2016.02.13-18.34.56:430][  0]LogDerivedDataCache:Display: Loaded Boot cache: C:/Users/Pierre/AppData/Local/UnrealEngine/4.9/DerivedDataCache/Boot.ddc
[2016.02.13-18.34.56:430][  0]LogDerivedDataCache: FDerivedDataBackendGraph:  Pak pak cache file ../../../../../../../Files/UnrealGames/WDKW/DerivedDataCache/DDC.ddp not found, will not use a pak cache.
[2016.02.13-18.34.56:430][  0]LogDerivedDataCache: Unable to find inner node Pak for hierarchical cache Hierarchy.
[2016.02.13-18.34.56:430][  0]LogDerivedDataCache: FDerivedDataBackendGraph:  CompressedPak pak cache file ../../../../../../../Files/UnrealGames/WDKW/DerivedDataCache/Compressed.ddp not found, will not use a pak cache.
[2016.02.13-18.34.56:430][  0]LogDerivedDataCache: Unable to find inner node CompressedPak for hierarchical cache Hierarchy.
[2016.02.13-18.34.56:579][  0]LogDerivedDataCache:Display: Pak cache opened for reading ../../../Engine/DerivedDataCache/Compressed.ddp.
[2016.02.13-18.34.56:591][  0]LogDerivedDataCache: Using Local data cache path C:/Users/Pierre/AppData/Local/UnrealEngine/Common/DerivedDataCache: Writable
[2016.02.13-18.34.56:880][  0]LogInit: Selected Device Profile: [Windows]
[2016.02.13-18.34.56:883][  0]LogContentStreaming: Texture pool size is 0.000000MB
[2016.02.13-18.34.57:035][  0]LogMeshUtilities: No automatic mesh reduction module available
[2016.02.13-18.34.57:035][  0]LogMeshUtilities: No automatic mesh merging module available
[2016.02.13-18.34.57:407][  0]LogInit: WinSock: version 1.1 (2.2), MaxSocks=32767, MaxUdp=65467
[2016.02.13-18.34.58:915][  0]UdpMessaging: Initializing bridge on interface 0.0.0.0:0 to multicast group 230.0.0.1:6666.
[2016.02.13-18.34.59:058][  0]LogAssetRegistry: FAssetRegistry took 0.0113 seconds to start up
[2016.02.13-18.34.59:327][  0]SourceControl: Info Source control is disabled
[2016.02.13-18.34.59:328][  0]SourceControl: Info Source control is disabled
[2016.02.13-18.34.59:351][  0]SourceControl: Info Source control is disabled
[2016.02.13-18.34.59:375][  0]SourceControl: Info Source control is disabled
[2016.02.13-18.34.59:691][  0]LogLinker:Warning: Asset '../../../Engine/Plugins/Runtime/LeapMotionController/Content/LM_PassthroughMaterial.uasset' has been saved with empty engine version. The asset will be loaded but may be incompatible.
[2016.02.13-18.34.59:838][  0]LogObj: 28368 objects as part of root set at end of initial load.
[2016.02.13-18.34.59:838][  0]LogUObjectAllocator: 6043512 out of 0 bytes used by permanent object pool.
[2016.02.13-18.34.59:910][  0]LogEngine: Initializing Engine...
[2016.02.13-18.34.59:913][  0]LogHMD: Can't find Oculus library dev build: is proper Runtime installed? Version: 0.7.0.0
[2016.02.13-18.34.59:914][  0]LogHMD: SteamVR failed to initialize.  Err: 110
[2016.02.13-18.35.00:087][  0]LogAIModule: Creating AISystem for world NewWorld
[2016.02.13-18.35.00:118][  0]LogInit: XAudio2 using 'Audio numérique (SPDIF) (2- Périphérique High Definition Audio)' : 2 channels at 48 kHz using 32 bits per sample (channel mask 0x3)
[2016.02.13-18.35.00:131][  0]LogInit: FAudioDevice initialized.
[2016.02.13-18.35.00:171][  0]LogDerivedDataCache: Saved boot cache 0.04s 41MB C:/Users/Pierre/AppData/Local/UnrealEngine/4.9/DerivedDataCache/Boot.ddc.
[2016.02.13-18.35.00:180][  0]LogInit: Texture streaming: Enabled
[2016.02.13-18.35.00:190][  0]LogAnalytics: Creating configured Analytics provider AnalyticsET
[2016.02.13-18.35.00:190][  0]LogAnalytics: [UEEditor.Rocket.Release] APIServer = http://et2.epicgames.com/ET2/. AppVersion = 4.9.2-2707645+++depot+UE4-Releases+4.9
[2016.02.13-18.35.00:190][  0]LogAnalytics: [UEEditor.Rocket.Release] SetUserId 040a12784862f767c49af68f6786fb02|2b3159c459794c139f2df80869f9e432|a0c39b0a-7727-46ed-a0a1-160da38d3fcb
[2016.02.13-18.35.00:190][  0]LogAnalytics: [UEEditor.Rocket.Release] AnalyticsET::StartSession
[2016.02.13-18.35.00:283][  0]LogInit: Transaction tracking system initialized
[2016.02.13-18.35.00:334][  0]BlueprintLog: New page: Editor Load
[2016.02.13-18.35.00:483][  0]LocalizationService: Info Localization service is disabled
[2016.02.13-18.35.00:613][  0]LogConsoleResponse:Display: 
[2016.02.13-18.35.00:787][  0]LogCook:Display: Done creating registry. It took  0.00s.
[2016.02.13-18.35.00:925][  0]LogFileCache: Scanning file cache for directory 'E:/Files/UnrealGames/WDKW/Content/' took 0.01s
[2016.02.13-18.35.00:934][  0]SourceControl: Info Source control is disabled
[2016.02.13-18.35.00:934][  0]Cmd: MAP LOAD FILE="../../../Engine/Content/Maps/Templates/Template_Default.umap" TEMPLATE=1 SHOWPROGRESS=1 FEATURELEVEL=3
[2016.02.13-18.35.00:935][  0]LightingResults: New page: Lighting Build
[2016.02.13-18.35.00:940][  0]MapCheck: New page: Map Check
[2016.02.13-18.35.00:940][  0]LightingResults: New page: Lighting Build
[2016.02.13-18.35.00:958][  0]LogParticles: Destroying 0 GPU particle simulations for FXSystem 0x0000002CEFE31A80
[2016.02.13-18.35.01:385][  0]LogAIModule: Creating AISystem for world Untitled_1
[2016.02.13-18.35.01:393][  0]LogEditorServer: Finished looking for orphan Actors (0.000 secs)
[2016.02.13-18.35.01:436][  0]Cmd: MAP CHECKDEP NOCLEARLOG
[2016.02.13-18.35.01:597][  0]MapCheck: Info Map check complete: 0 Error(s), 0 Warning(s), took 160.7