[2016.02.13-19.24.43:361][  0]Log file open, 02/13/16 20:24:43
[2016.02.13-19.24.43:361][  0]LogInit:Display: Running engine for game: WDKW
[2016.02.13-19.24.43:361][  0]LogInit:Display: RandInit(1153151232) SRandInit(1153151232).
[2016.02.13-19.24.43:361][  0]LogTaskGraph: Started task graph with 4 named threads and 5 total threads.
[2016.02.13-19.24.43:362][  0]LogStats: Stats thread started at 0.050554
[2016.02.13-19.24.43:362][  0]LogInit: Version: 4.9.2-2707645+++depot+UE4-Releases+4.9
[2016.02.13-19.24.43:362][  0]LogInit: API Version: 2672455
[2016.02.13-19.24.43:362][  0]LogInit: Compiled (64-bit): Sep 28 2015 10:25:44
[2016.02.13-19.24.43:362][  0]LogInit: Compiled with Visual C++: 18.00.21005.01
[2016.02.13-19.24.43:362][  0]LogInit: Build Configuration: Development
[2016.02.13-19.24.43:362][  0]LogInit: Branch Name: ++depot+UE4-Releases+4.9
[2016.02.13-19.24.43:362][  0]LogInit: Command line:  
[2016.02.13-19.24.43:362][  0]LogInit: Base directory: D:/Unreal Engine 4/Epic Games/4.9/Engine/Binaries/Win64/
[2016.02.13-19.24.43:362][  0]LogInit: Rocket: 1
[2016.02.13-19.24.43:369][  0]LogInit: Using libcurl 7.41.0
[2016.02.13-19.24.43:369][  0]LogInit:  - built for x86_64-pc-win32
[2016.02.13-19.24.43:369][  0]LogInit:  - supports SSL with WinSSL
[2016.02.13-19.24.43:369][  0]LogInit:  - other features:
[2016.02.13-19.24.43:369][  0]LogInit:      CURL_VERSION_SSL
[2016.02.13-19.24.43:369][  0]LogInit:      CURL_VERSION_IPV6
[2016.02.13-19.24.43:369][  0]LogInit:      CURL_VERSION_ASYNCHDNS
[2016.02.13-19.24.43:369][  0]LogInit:      CURL_VERSION_LARGEFILE
[2016.02.13-19.24.43:369][  0]LogInit:      CURL_VERSION_IDN
[2016.02.13-19.24.43:369][  0]LogInit:  CurlRequestOptions (configurable via config and command line):
[2016.02.13-19.24.43:369][  0]LogInit:  - bVerifyPeer = true  - Libcurl will verify peer certificate
[2016.02.13-19.24.43:369][  0]LogInit:  - bUseHttpProxy = false  - Libcurl will NOT use HTTP proxy
[2016.02.13-19.24.43:369][  0]LogInit:  - bDontReuseConnections = false  - Libcurl will reuse connections
[2016.02.13-19.24.43:369][  0]LogInit:  - CertBundlePath = nullptr  - Libcurl will use whatever was configured at build time.
[2016.02.13-19.24.43:375][  0]LogInit: Presizing for 0 objects not considered by GC, pre-allocating 0 bytes.
[2016.02.13-19.24.43:382][  0]LogInit: Object subsystem initialized
[2016.02.13-19.24.43:383][  0]LogInit: Selected Device Profile: [Windows]
[2016.02.13-19.24.43:383][  0]LogInit: Applying CVar settings loaded from the selected device profile: [Windows]
[2016.02.13-19.24.43:389][  0]LogInit: Computer: ALEXANDRE-SEVE
[2016.02.13-19.24.43:389][  0]LogInit: User: Alexandre
[2016.02.13-19.24.43:389][  0]LogInit: CPU Page size=4096, Cores=2
[2016.02.13-19.24.43:389][  0]LogInit: High frequency timer resolution =2.825501 MHz
[2016.02.13-19.24.43:389][  0]LogMemory: Memory total: Physical=7.9GB (8GB approx)
[2016.02.13-19.24.43:389][  0]LogMemory: Platform Memory Stats for Windows
[2016.02.13-19.24.43:389][  0]LogMemory: Process Physical Memory: 51.30 MB used, 51.30 MB peak
[2016.02.13-19.24.43:389][  0]LogMemory: Process Virtual Memory: 54.91 MB used, 54.91 MB peak
[2016.02.13-19.24.43:389][  0]LogMemory: Physical Memory: 4310.50 MB used, 8109.36 MB total
[2016.02.13-19.24.43:389][  0]LogMemory: Virtual Memory: 342.67 MB used, 134217728.00 MB total
[2016.02.13-19.24.43:423][  0]LogTextLocalizationManager: No translations for ('fr-FR') exist, falling back to 'en' for localization and internationalization data.
[2016.02.13-19.24.44:029][  0]LogD3D11RHI: Found D3D11 adapter 0: NVIDIA GeForce GTX 950M      (Feature Level 11_0)
[2016.02.13-19.24.44:029][  0]LogD3D11RHI: Adapter has 1991MB of dedicated video memory, 0MB of dedicated system memory, and 2048MB of shared system memory, 1 output[s]
[2016.02.13-19.24.44:036][  0]LogD3D11RHI: Found D3D11 adapter 1: Intel(R) HD Graphics 4600 (Feature Level 11_0)
[2016.02.13-19.24.44:036][  0]LogD3D11RHI: Adapter has 0MB of dedicated video memory, 0MB of dedicated system memory, and 1792MB of shared system memory, 0 output[s]
[2016.02.13-19.24.44:037][  0]LogD3D11RHI: Found D3D11 adapter 2: Microsoft Basic Render Driver (Feature Level 11_0)
[2016.02.13-19.24.44:037][  0]LogD3D11RHI: Adapter has 0MB of dedicated video memory, 0MB of dedicated system memory, and 256MB of shared system memory, 0 output[s]
[2016.02.13-19.24.44:037][  0]LogD3D11RHI: Chosen D3D11 Adapter Id = 0
[2016.02.13-19.24.44:042][  0]LogD3D11RHI: !Direct3DDevice
[2016.02.13-19.24.44:042][  0]LogRHI: Texture pool is 1361 MB (70% of 1945 MB)
[2016.02.13-19.24.44:055][  0]LogD3D11RHI: Async texture creation enabled
[2016.02.13-19.24.44:072][  0]LogShaderCompilers: Guid format shader working directory is 15 characters bigger than the processId version (C:/Users/Alexandre/Documents/Unreal Projects/WDKW/Intermediate/Shaders/WorkingDirectory/8160/).
[2016.02.13-19.24.44:072][  0]LogShaderCompilers: Cleaned the shader compiler working directory 'C:/Users/Alexandre/Documents/Unreal Projects/WDKW/Intermediate/Shaders/tmp/A49439D846E3F36749DDA9A6280A72ED/'.
[2016.02.13-19.24.44:072][  0]LogShaderCompilers:Display: Using Local Shader Compiler.
[2016.02.13-19.24.45:275][  0]LogTemp:Display: Loaded TP AllDesktopTargetPlatform
[2016.02.13-19.24.45:280][  0]LogTemp:Display: Loaded TP WindowsClientTargetPlatform
[2016.02.13-19.24.45:285][  0]LogTemp:Display: Loaded TP WindowsNoEditorTargetPlatform
[2016.02.13-19.24.45:289][  0]LogTemp:Display: Loaded TP WindowsServerTargetPlatform
[2016.02.13-19.24.45:294][  0]LogTemp:Display: Loaded TP WindowsTargetPlatform
[2016.02.13-19.24.45:297][  0]LogTemp:Display: Loaded TP AndroidTargetPlatform
[2016.02.13-19.24.45:299][  0]LogTemp:Display: Loaded TP Android_ASTCTargetPlatform
[2016.02.13-19.24.45:303][  0]LogTemp:Display: Loaded TP Android_ATCTargetPlatform
[2016.02.13-19.24.45:306][  0]LogTemp:Display: Loaded TP Android_DXTTargetPlatform
[2016.02.13-19.24.45:310][  0]LogTemp:Display: Loaded TP Android_ETC1TargetPlatform
[2016.02.13-19.24.45:314][  0]LogTemp:Display: Loaded TP Android_ETC2TargetPlatform
[2016.02.13-19.24.45:317][  0]LogTemp:Display: Loaded TP Android_PVRTCTargetPlatform
[2016.02.13-19.24.45:318][  0]LogTemp:Display: Loaded TP HTML5TargetPlatform
[2016.02.13-19.24.45:334][  0]LogTemp:Display: Loaded TP IOSTargetPlatform
[2016.02.13-19.24.45:337][  0]LogTemp:Display: Loaded TP LinuxNoEditorTargetPlatform
[2016.02.13-19.24.45:341][  0]LogTemp:Display: Loaded TP LinuxServerTargetPlatform
[2016.02.13-19.24.45:345][  0]LogTemp:Display: Loaded TP LinuxTargetPlatform
[2016.02.13-19.24.45:345][  0]LogTargetPlatformManager:Display: Building Assets For Windows
[2016.02.13-19.24.45:431][  0]LogDerivedDataCache:Display: Max Cache Size: 512 MB
[2016.02.13-19.24.45:474][  0]LogDerivedDataCache: Loaded boot cache 0.04s 43MB C:/Users/Alexandre/AppData/Local/UnrealEngine/4.9/DerivedDataCache/Boot.ddc.
[2016.02.13-19.24.45:474][  0]LogDerivedDataCache:Display: Loaded Boot cache: C:/Users/Alexandre/AppData/Local/UnrealEngine/4.9/DerivedDataCache/Boot.ddc
[2016.02.13-19.24.45:474][  0]LogDerivedDataCache: FDerivedDataBackendGraph:  Pak pak cache file C:/Users/Alexandre/Documents/Unreal Projects/WDKW/DerivedDataCache/DDC.ddp not found, will not use a pak cache.
[2016.02.13-19.24.45:474][  0]LogDerivedDataCache: Unable to find inner node Pak for hierarchical cache Hierarchy.
[2016.02.13-19.24.45:474][  0]LogDerivedDataCache: FDerivedDataBackendGraph:  CompressedPak pak cache file C:/Users/Alexandre/Documents/Unreal Projects/WDKW/DerivedDataCache/Compressed.ddp not found, will not use a pak cache.
[2016.02.13-19.24.45:474][  0]LogDerivedDataCache: Unable to find inner node CompressedPak for hierarchical cache Hierarchy.
[2016.02.13-19.24.45:601][  0]LogDerivedDataCache:Display: Pak cache opened for reading ../../../Engine/DerivedDataCache/Compressed.ddp.
[2016.02.13-19.24.45:613][  0]LogDerivedDataCache: Using Local data cache path C:/Users/Alexandre/AppData/Local/UnrealEngine/Common/DerivedDataCache: Writable
[2016.02.13-19.24.45:782][  0]LogInit: Selected Device Profile: [Windows]
[2016.02.13-19.24.45:784][  0]LogContentStreaming: Texture pool size is 0.000000MB
[2016.02.13-19.24.45:899][  0]LogMeshUtilities: No automatic mesh reduction module available
[2016.02.13-19.24.45:899][  0]LogMeshUtilities: No automatic mesh merging module available
[2016.02.13-19.24.46:123][  0]LogInit: WinSock: version 1.1 (2.2), MaxSocks=32767, MaxUdp=65467
[2016.02.13-19.24.46:978][  0]UdpMessaging: Initializing bridge on interface 0.0.0.0:0 to multicast group 230.0.0.1:6666.
[2016.02.13-19.24.47:088][  0]LogAssetRegistry: FAssetRegistry took 0.0108 seconds to start up
[2016.02.13-19.24.47:276][  0]SourceControl: Info Source control is disabled
[2016.02.13-19.24.47:277][  0]SourceControl: Info Source control is disabled
[2016.02.13-19.24.47:290][  0]SourceControl: Info Source control is disabled
[2016.02.13-19.24.47:304][  0]SourceControl: Info Source control is disabled
[2016.02.13-19.24.47:495][  0]LogLinker:Warning: Asset '../../../Engine/Plugins/Runtime/LeapMotionController/Content/LM_PassthroughMaterial.uasset' has been saved with empty engine version. The asset will be loaded but may be incompatible.
[2016.02.13-19.24.47:597][  0]LogObj: 28368 objects as part of root set at end of initial load.
[2016.02.13-19.24.47:597][  0]LogUObjectAllocator: 6043512 out of 0 bytes used by permanent object pool.
[2016.02.13-19.24.47:658][  0]LogEngine: Initializing Engine...
[2016.02.13-19.24.47:660][  0]LogHMD: Can't find Oculus library dev build: is proper Runtime installed? Version: 0.7.0.0
[2016.02.13-19.24.47:660][  0]LogHMD: SteamVR failed to initialize.  Err: 110
[2016.02.13-19.24.47:791][  0]LogAIModule: Creating AISystem for world NewWorld
[2016.02.13-19.24.47:796][  0]LogInit: XAudio2 using 'Speakers (2- Realtek High Definition Audio)' : 2 channels at 48 kHz using 32 bits per sample (channel mask 0x3)
[2016.02.13-19.24.47:802][  0]LogInit: FAudioDevice initialized.
[2016.02.13-19.24.47:830][  0]LogDerivedDataCache: Saved boot cache 0.03s 41MB C:/Users/Alexandre/AppData/Local/UnrealEngine/4.9/DerivedDataCache/Boot.ddc.
[2016.02.13-19.24.47:834][  0]LogInit: Texture streaming: Enabled
[2016.02.13-19.24.47:839][  0]LogAnalytics: Creating configured Analytics provider AnalyticsET
[2016.02.13-19.24.47:839][  0]LogAnalytics: [UEEditor.Rocket.Release] APIServer = http://et2.epicgames.com/ET2/. AppVersion = 4.9.2-2707645+++depot+UE4-Releases+4.9
[2016.02.13-19.24.47:839][  0]LogAnalytics: [UEEditor.Rocket.Release] SetUserId 7672fa044753d6609820619a342fd4b6|2b6db49de6cc4392a9af15f3da4d6564|35895c23-bb71-4547-9e55-41d4b318212b
[2016.02.13-19.24.47:839][  0]LogAnalytics: [UEEditor.Rocket.Release] AnalyticsET::StartSession
[2016.02.13-19.24.47:896][  0]LogInit: Transaction tracking system initialized
[2016.02.13-19.24.47:920][  0]BlueprintLog: New page: Editor Load
[2016.02.13-19.24.48:001][  0]LocalizationService: Info Localization service is disabled
[2016.02.13-19.24.48:101][  0]LogConsoleResponse:Display: 
[2016.02.13-19.24.48:240][  0]LogCook:Display: Done creating registry. It took  0.00s.
[2016.02.13-19.24.48:300][  0]LogFileCache: Scanning file cache for directory 'C:/Users/Alexandre/Documents/Unreal Projects/WDKW/Content/' took 0.01s
[2016.02.13-19.24.48:300][  0]SourceControl: Info Source control is disabled
[2016.02.13-19.24.48:300][  0]Cmd: MAP LOAD FILE="../../../Engine/Content/Maps/Templates/Template_Default.umap" TEMPLATE=1 SHOWPROGRESS=1 FEATURELEVEL=3
[2016.02.13-19.24.48:301][  0]LightingResults: New page: Lighting Build
[2016.02.13-19.24.48:305][  0]MapCheck: New page: Map Check
[2016.02.13-19.24.48:305][  0]LightingResults: New page: Lighting Build
[2016.02.13-19.24.48:323][  0]LogParticles: Destroying 0 GPU particle simulations for FXSystem 0x000000053ED1DE40
[2016.02.13-19.24.48:604][  0]LogAIModule: Creating AISystem for world Untitled_1
[2016.02.13-19.24.48:612][  0]LogEditorServer: Finished looking for orphan Actors (0.000 secs)
[2016.02.13-19.24.48:616][  0]Cmd: MAP CHECKDEP NOCLEARLOG
[2016.02.13-19.24.48:718][  0]MapCheck: Info Map check complete: 0 Error(s), 0 Warning(s), took 101.695ms to complete.
[2016.02.13-19.24.48:718][  0]LogFileHelpers: Loading map 'Template_Default' took 0.418
[2016.02.13-19.24.48:821][  0]LogCollectionManager: Loaded 0 collections in 0.002778 seconds
[2016.02.13-19.24.48:863][  0]LogFileCache: Scanning file cache for directory 'C:/Users/Alexandre/Documents/Unreal Projects/WDKW/Saved/Collections/' took 0.01s
[2016.02.13-19.24.48:863][  0]LogFileCache: Scanning file cache for directory 'C:/Users/Alexandre/Documents/Unreal Projects/WDKW/Content/Developers/Alexandre/Collections/' took 0.01s
[2016.02.13-19.24.48:863][  0]LogFileCache: Scanning file cache for directory 'C:/Users/Alexandre/Documents/Unreal Projects/WDKW/Content/Collections/' took 0.01s
[2016.02.13-19.24.48:863][  0]LogContentBrowser: Native class hierarchy populated in 0.0085 seconds. Added 1869 classes and 335 folders.
[2016.02.13-19.24.48:866][  0]LogCollectionManager: Rebuilt the GUID cache for 0 collections in 0.000002 seconds
[2016.02.13-19.24.48:873][  0]LogContentBrowser: Native class hierarchy updated for 'WidgetCarousel' in 0.0015 seconds. Added 0 classes and 0 folders.
[2016.02.13-19.24.48:949][  0]LogContentBrowser: Native class hierarchy updated for 'AddContentDialog' in 0.0021 seconds. Added 0 classes and 0 folders.
[2016.02.13-19.24.48:956][  0]LogContentBrowser: Native class hierarchy updated for 'SceneOutliner' in 0.0019 seconds. Added 1 classes and 2 folders.
[2016.02.13-19.24.48:985][  0]LogCrashTracker: Crashtracker disabled due to settings.
[2016.02.13-19.24.48:990][  0]LogUObjectGlobals:Warning: Failed to find object 'Class None.'
[2016.02.13-19.24.49:014][  0]LogLoad: Full Startup: 6.43 seconds (BP compile: 0.04 seconds)
[2016.02.13-19.24.49:083][  0]LogContentStreaming: Texture pool size now 1000 MB
[2016.02.13-19.24.49:222][  0]LogRenderer: Reallocating scene render targets to support 856x372 (Frame:2).
[2016.02.13-19.24.49:435][  4]LogAssetRegistry: Asset discovery search completed in 2.3576 seconds
[2016.02.13-19.24.49:435][  4]LogCollectionManager: Rebuilt the object cache for 0 collections in 0.000001 seconds (found 0 objects)
[2016.02.13-19.24.49:435][  4]LogCollectionManager: Fixed up redirectors for 0 collections in 0.000027 seconds (updated 0 objects)
[2016.02.13-19.25.09:932][847]LogPlayLevel: PlayLevel: No blueprints needed recompiling
[2016.02.13-19.25.09:933][847]PIE: New page: PIE session: Untitled_1 (Feb 13, 2016, 9:25:09 PM)
[2016.02.13-19.25.09:933][847]LogPlayLevel: Creating play world package: /Temp/UEDPIE_0_Untitled_1
[2016.02.13-19.25.09:935][847]LogPlayLevel: PIE: StaticDuplicateObject took: (0.002038s)
[2016.02.13-19.25.09:936][847]LogAIModule: Creating AISystem for world Untitled_1
[2016.02.13-19.25.09:936][847]LogPlayLevel: PIE: World Init took: (0.001048s)
[2016.02.13-19.25.09:936][847]LogPlayLevel: PIE: Created PIE world by copying editor world from /Temp/Untitled_1.Untitled_1 to /Temp/UEDPIE_0_Untitled_1.Untitled_1 (0.003415s)
[2016.02.13-19.25.09:962][847]LogInit: XAudio2 using 'Speakers (2- Realtek High Definition Audio)' : 2 channels at 48 kHz using 32 bits per sample (channel mask 0x3)
[2016.02.13-19.25.09:964][847]LogInit: FAudioDevice initialized.
[2016.02.13-19.25.10:248][847]LogTexture:Display: Building textures: T_ML_Rubber_Blue_01_D (DXT1)
[2016.02.13-19.25.10:612][847]LogTexture:Display: Building textures: T_ML_Rubber_Blue_01_N (BC5)
[2016.02.13-19.25.10:676][847]LogTexture:Display: Building textures: T_ML_Aluminum01 (DXT1)
[2016.02.13-19.25.10:964][847]LogTexture:Display: Building textures: T_ML_Aluminum01_N (BC5)
[2016.02.13-19.25.11:029][847]LogTexture:Display: Building textures: UE4_Mannequin_MAT_MASKA (AutoDXT)
[2016.02.13-19.25.11:292][847]LogTexture:Display: Building textures: UE4_Mannequin__normals (BC5)
[2016.02.13-19.25.12:002][847]LogTexture:Display: Building textures: UE4_Mannequin_occlusion_Mobile (DXT1)
[2016.02.13-19.25.12:247][847]LogMaterial: Missing cached shader map for material M_UE4Man_Body, compiling. 
[2016.02.13-19.25.12:357][847]LogTexture:Display: Building textures: UE4Man_Logo_N (BC5)
[2016.02.13-19.25.12:401][847]LogMaterial: Missing cached shader map for material M_UE4Man_Body, compiling. 
[2016.02.13-19.25.12:431][847]LogWorld: Game class is 'WDKWGameMode_C'
[2016.02.13-19.25.12:434][847]LogWorld: Bringing World /Temp/UEDPIE_0_Untitled_1.Untitled_1 up for play (max tick rate 60) at 2016.02.13-20.25.12
[2016.02.13-19.25.12:434][847]LogActor:Warning: GameSession /Temp/UEDPIE_0_Untitled_1.Untitled_1:PersistentLevel.GameSession_0 has natively added scene component(s), but none of them were set as the actor's RootComponent - picking one arbitrarily
[2016.02.13-19.25.12:434][847]LogActor:Warning: GameNetworkManager /Temp/UEDPIE_0_Untitled_1.Untitled_1:PersistentLevel.GameNetworkManager_0 has natively added scene component(s), but none of them were set as the actor's RootComponent - picking one arbitrarily
[2016.02.13-19.25.12:434][847]LogWorld: Bringing up level for play took: 0.002561
[2016.02.13-19.25.12:438][847]PIE: Info Play in editor start time for /Temp/UEDPIE_0_Untitled_1 3.474
[2016.02.13-19.28.48:587][862]LogVSAccessor:Warning: Visual Studio is open but could not be queried - it may be blocked by a modal operation
[2016.02.13-19.28.48:608][863]LogVSAccessor:Warning: Visual Studio is open but could not be queried - it may be blocked by a modal operation
[2016.02.13-19.28.48:936][864]LogVSAccessor:Warning: Visual Studio is open but could not be queried - it may be blocked by a modal operation
[2016.02.13-19.28.49:268][865]LogVSAccessor:Warning: Visual Studio is open but could not be queried - it may be blocked by a modal operation
[2016.02.13-19.28.49:603][866]LogVSAccessor:Warning: Visual Studio is open but could not be queried - it may be blocked by a modal operation
[2016.02.13-19.28.49:936][867]LogVSAccessor:Warning: Visual Studio is open but could not be queried - it may be blocked by a modal operation
[2016.02.13-19.28.50:269][868]LogVSAccessor:Warning: Visual Studio is open but could not be queried - it may be blocked by a modal operation
[2016.02.13-19.28.50:602][869]LogVSAccessor:Warning: Visual Studio is open but could not be queried - it may be blocked by a modal operation
[2016.02.13-19.28.53:149][870]LogVSAccessor:Warning: Couldn't goto line number '0' in 'C:/Users/Alexandre/Documents/Unreal Projects/WDKW/Source/WDKW/WDKWPlayerController.h'
[2016.02.13-19.28.53:225][870]LogVSAccessor:Warning: Couldn't goto line number '0' in 'C:/Users/Alexandre/Documents/Unreal Projects/WDKW/Source/WDKW/WDKWPlayerController.cpp'
[2016.02.13-19.32.39:552][789]LogWindowsTextInputMethodSystem:Display: IME system now deactivated.
[2016.02.13-19.32.39:746][789]LogParticles: Destroying 0 GPU particle simulations for FXSystem 0x000000053AFD0400
[2016.02.13-19.32.39:870][790]Cmd: QUIT_EDITOR
[2016.02.13-19.32.40:642][790]LogExit: Preparing to exit.
[2016.02.13-19.32.41:314][790]LogExit: Editor shut down
[2016.02.13-19.32.41:314][790]LogExit: Transaction tracking system shut down
[2016.02.13-19.32.41:316][790]LogParticles: Destroying 0 GPU particle simulations for FXSystem 0x000000053B5F7420
[2016.02.13-19.32.41:316][790]LogParticles: Destroying 0 GPU particle simulations for FXSystem 0x000000053AEF0EA0
[2016.02.13-19.32.41:431][790]LogExit: Object subsystem successfully closed.
[2016.02.13-19.32.41:437][790]LogD3D11RHI: Shutdown
[2016.02.13-19.32.41:437][790]LogD3D11RHI: CleanupD3DDevice
[2016.02.13-19.32.41:471][790]LogD3D11RHI: ~FD3D11DynamicRHI
[2016.02.13-19.32.41:495][790]LogModuleManager: Shutting down and abandoning module CrashTracker (198)
[2016.02.13-19.32.41:495][790]LogModuleManager: Shutting down and abandoning module SceneOutliner (197)
[2016.02.13-19.32.41:495][790]LogModuleManager: Shutting down and abandoning module SuperSearch (196)
[2016.02.13-19.32.41:495][790]LogModuleManager: Shutting down and abandoning module WidgetCarousel (195)
[2016.02.13-19.32.41:495][790]LogModuleManager: Shutting down and abandoning module AddContentDialog (194)
[2016.02.13-19.32.41:496][790]LogModuleManager: Shutting down and abandoning module EditorWidgets (193)
[2016.02.13-19.32.41:496][790]LogModuleManager: Shutting down and abandoning module CollectionManager (192)
[2016.02.13-19.32.41:496][790]LogModuleManager: Shutting down and abandoning module StatsViewer (191)
[2016.02.13-19.32.41:496][790]LogModuleManager: Shutting down and abandoning module FoliageEdit (190)
[2016.02.13-19.32.41:496][790]LogModuleManager: Shutting down and abandoning module LandscapeEditor (189)
[2016.02.13-19.32.41:497][790]LogModuleManager: Shutting down and abandoning module ActorPickerMode (188)
[2016.02.13-19.32.41:497][790]LogModuleManager: Shutting down and abandoning module GeometryMode (187)
[2016.02.13-19.32.41:497][790]LogModuleManager: Shutting down and abandoning module TextureAlignMode (186)
[2016.02.13-19.32.41:497][790]LogModuleManager: Shutting down and abandoning module BspMode (185)
[2016.02.13-19.32.41:497][790]LogModuleManager: Shutting down and abandoning module PlacementMode (184)
[2016.02.13-19.32.41:497][790]LogModuleManager: Shutting down and abandoning module AutomationWorker (183)
[2016.02.13-19.32.41:497][790]LogModuleManager: Shutting down and abandoning module CharacterAI (182)
[2016.02.13-19.32.41:497][790]LogModuleManager: Shutting down and abandoning module SmartSnapping (181)
[2016.02.13-19.32.41:497][790]LogModuleManager: Shutting down and abandoning module ViewportSnapping (180)
[2016.02.13-19.32.41:497][790]LogModuleManager: Shutting down and abandoning module LogVisualizer (179)
[2016.02.13-19.32.41:497][790]LogModuleManager: Shutting down and abandoning module GameProjectGeneration (178)
[2016.02.13-19.32.41:497][790]LogModuleManager: Shutting down and abandoning module IntroTutorials (177)
[2016.02.13-19.32.41:497][790]LogModuleManager: Shutting down and abandoning module EditorLiveStreaming (176)
[2016.02.13-19.32.41:497][790]LogModuleManager: Shutting down and abandoning module IOSPlatformEditor (175)
[2016.02.13-19.32.41:497][790]LogModuleManager: Shutting down and abandoning module HTML5PlatformEditor (174)
[2016.02.13-19.32.41:497][790]LogModuleManager: Shutting down and abandoning module AndroidDeviceDetection (173)
[2016.02.13-19.32.42:311][790]LogModuleManager: Shutting down and abandoning module AndroidPlatformEditor (172)
[2016.02.13-19.32.42:311][790]LogModuleManager: Shutting down and abandoning module IOSRuntimeSettings (171)
[2016.02.13-19.32.42:311][790]LogModuleManager: Shutting down and abandoning module AndroidRuntimeSettings (170)
[2016.02.13-19.32.42:311][790]LogModuleManager: Shutting down and abandoning module MergeActors (169)
[2016.02.13-19.32.42:311][790]LogModuleManager: Shutting down and abandoning module SizeMap (168)
[2016.02.13-19.32.42:311][790]LogModuleManager: Shutting down and abandoning module TreeMap (167)
[2016.02.13-19.32.42:311][790]LogModuleManager: Shutting down and abandoning module ReferenceViewer (166)
[2016.02.13-19.32.42:311][790]LogModuleManager: Shutting down and abandoning module LocalizationService (165)
[2016.02.13-19.32.42:311][790]LogModuleManager: Shutting down and abandoning module LocalizationDashboard (164)
[2016.02.13-19.32.42:311][790]LogModuleManager: Shutting down and abandoning module HardwareTargeting (163)
[2016.02.13-19.32.42:311][790]LogModuleManager: Shutting down and abandoning module DeviceProfileEditor (162)
[2016.02.13-19.32.42:311][790]LogModuleManager: Shutting down and abandoning module UndoHistory (161)
[2016.02.13-19.32.42:311][790]LogModuleManager: Shutting down and abandoning module GameplayTagsEditor (160)
[2016.02.13-19.32.42:311][790]LogModuleManager: Shutting down and abandoning module UserFeedback (159)
[2016.02.13-19.32.42:311][790]LogModuleManager: Shutting down and abandoning module XmlParser (158)
[2016.02.13-19.32.42:311][790]LogModuleManager: Shutting down and abandoning module Blutility (157)
[2016.02.13-19.32.42:311][790]LogModuleManager: Shutting down and abandoning module ProjectTargetPlatformEditor (156)
[2016.02.13-19.32.42:311][790]LogModuleManager: Shutting down and abandoning module ProjectSettingsViewer (155)
[2016.02.13-19.32.42:311][790]LogModuleManager: Shutting down and abandoning module InputBindingEditor (154)
[2016.02.13-19.32.42:311][790]LogModuleManager: Shutting down and abandoning module EditorSettingsViewer (153)
[2016.02.13-19.32.42:311][790]LogModuleManager: Shutting down and abandoning module SettingsEditor (152)
[2016.02.13-19.32.42:311][790]LogModuleManager: Shutting down and abandoning module ProjectLauncher (151)
[2016.02.13-19.32.42:311][790]LogModuleManager: Shutting down and abandoning module SessionFrontend (150)
[2016.02.13-19.32.42:311][790]LogModuleManager: Shutting down and abandoning module ProfilerClient (149)
[2016.02.13-19.32.42:311][790]LogModuleManager: Shutting down and abandoning module TargetDeviceServices (148)
[2016.02.13-19.32.42:311][790]LogModuleManager: Shutting down and abandoning module DeviceManager (147)
[2016.02.13-19.32.42:311][790]LogModuleManager: Shutting down and abandoning module AutomationController (146)
[2016.02.13-19.32.42:311][790]LogModuleManager: Shutting down and abandoning module AutomationWindow (145)
[2016.02.13-19.32.42:311][790]LogModuleManager: Shutting down and abandoning module Layers (144)
[2016.02.13-19.32.42:311][790]LogModuleManager: Shutting down and abandoning module ComponentVisualizers (143)
[2016.02.13-19.32.42:311][790]LogModuleManager: Shutting down and abandoning module DetailCustomizations (142)
[2016.02.13-19.32.42:311][790]LogModuleManager: Shutting down and abandoning module PackagesDialog (141)
[2016.02.13-19.32.42:312][790]LogModuleManager: Shutting down and abandoning module Persona (140)
[2016.02.13-19.32.42:312][790]LogModuleManager: Shutting down and abandoning module Kismet (139)
[2016.02.13-19.32.42:312][790]LogModuleManager: Shutting down and abandoning module GraphEditor (138)
[2016.02.13-19.32.42:312][790]LogModuleManager: Shutting down and abandoning module ClassViewer (137)
[2016.02.13-19.32.42:312][790]LogModuleManager: Shutting down and abandoning module Toolbox (136)
[2016.02.13-19.32.42:312][790]LogModuleManager: Shutting down and abandoning module ModuleUI (135)
[2016.02.13-19.32.42:312][790]LogModuleManager: Shutting down and abandoning module MovieSceneTools (134)
[2016.02.13-19.32.42:312][790]LogModuleManager: Shutting down and abandoning module OutputLog (133)
[2016.02.13-19.32.42:312][790]LogModuleManager: Shutting down and abandoning module GammaUI (132)
[2016.02.13-19.32.42:312][790]LogModuleManager: Shutting down and abandoning module Documentation (131)
[2016.02.13-19.32.42:312][790]LogModuleManager: Shutting down and abandoning module GameLiveStreaming (130)
[2016.02.13-19.32.42:312][790]LogModuleManager: Shutting down and abandoning module StreamingPauseRendering (129)
[2016.02.13-19.32.42:312][790]LogModuleManager: Shutting down and abandoning module AnalyticsET (128)
[2016.02.13-19.32.42:312][790]LogModuleManager: Shutting down and abandoning module Analytics (127)
[2016.02.13-19.32.42:312][790]LogModuleManager: Shutting down and abandoning module AITestSuite (126)
[2016.02.13-19.32.42:312][790]LogModuleManager: Shutting down and abandoning module GameplayDebugger (125)
[2016.02.13-19.32.42:312][790]LogModuleManager: Shutting down and abandoning module AIModule (124)
[2016.02.13-19.32.42:312][790]LogModuleManager: Shutting down and abandoning module ProfilerService (123)
[2016.02.13-19.32.42:435][790]LogModuleManager: Shutting down and abandoning module TaskGraph (122)
[2016.02.13-19.32.42:435][790]LogModuleManager: Shutting down and abandoning module SlateRemote (121)
[2016.02.13-19.32.42:435][790]LogModuleManager: Shutting down and abandoning module SteamVRController (120)
[2016.02.13-19.32.42:435][790]LogModuleManager: Shutting down and abandoning module SteamVR (119)
[2016.02.13-19.32.42:435][790]LogModuleManager: Shutting down and abandoning module ProceduralMeshComponent (118)
[2016.02.13-19.32.42:435][790]LogModuleManager: Shutting down and abandoning module OculusRift (117)
[2016.02.13-19.32.42:435][790]LogModuleManager: Shutting down and abandoning module OculusLibrary (116)
[2016.02.13-19.32.42:435][790]LogModuleManager: Shutting down and abandoning module LeapMotionController (115)
[2016.02.13-19.32.42:446][790]LogModuleManager: Shutting down and abandoning module CustomMeshComponent (114)
[2016.02.13-19.32.42:446][790]LogModuleManager: Shutting down and abandoning module CableComponent (113)
[2016.02.13-19.32.42:446][790]LogModuleManager: Shutting down and abandoning module ArchVisCharacter (112)
[2016.02.13-19.32.42:446][790]LogModuleManager: Shutting down and abandoning module MessagingDebugger (111)
[2016.02.13-19.32.42:446][790]LogModuleManager: Shutting down and abandoning module MediaPlayerEditor (110)
[2016.02.13-19.32.42:446][790]LogModuleManager: Shutting down and abandoning module HTML5Networking (109)
[2016.02.13-19.32.42:446][790]LogModuleManager: Shutting down and abandoning module SpeedTreeImporter (108)
[2016.02.13-19.32.42:446][790]LogModuleManager: Shutting down and abandoning module PluginBrowser (107)
[2016.02.13-19.32.42:446][790]LogModuleManager: Shutting down and abandoning module EpicSurvey (106)
[2016.02.13-19.32.42:446][790]LogModuleManager: Shutting down and abandoning module DesktopPlatform (105)
[2016.02.13-19.32.42:446][790]LogModuleManager: Shutting down and abandoning module VisualStudioSourceCodeAccess (104)
[2016.02.13-19.32.42:446][790]LogModuleManager: Shutting down and abandoning module UObjectPlugin (103)
[2016.02.13-19.32.42:446][790]LogModuleManager: Shutting down and abandoning module SubversionSourceControl (102)
[2016.02.13-19.32.42:446][790]LogModuleManager: Shutting down and abandoning module PerforceSourceControl (101)
[2016.02.13-19.32.42:446][790]LogModuleManager: Shutting down and abandoning module SourceControl (100)
[2016.02.13-19.32.42:446][790]LogModuleManager: Shutting down and abandoning module GitSourceControl (99)
[2016.02.13-19.32.42:446][790]LogModuleManager: Shutting down and abandoning module LightPropagationVolumeEditor (98)
[2016.02.13-19.32.42:446][790]LogModuleManager: Shutting down and abandoning module PaperTiledImporter (97)
[2016.02.13-19.32.42:446][790]LogModuleManager: Shutting down and abandoning module PaperSpriteSheetImporter (96)
[2016.02.13-19.32.42:446][790]LogModuleManager: Shutting down and abandoning module MeshPaint (95)
[2016.02.13-19.32.42:446][790]LogModuleManager: Shutting down and abandoning module SlateReflector (94)
[2016.02.13-19.32.42:446][790]LogModuleManager: Shutting down and abandoning module HotReload (93)
[2016.02.13-19.32.42:446][790]LogModuleManager: Shutting down and abandoning module MainFrame (92)
[2016.02.13-19.32.42:446][790]LogModuleManager: Shutting down and abandoning module LevelEditor (91)
[2016.02.13-19.32.42:447][790]LogModuleManager: Shutting down and abandoning module DirectoryWatcher (90)
[2016.02.13-19.32.42:448][790]LogModuleManager: Shutting down and abandoning module AssetRegistry (89)
[2016.02.13-19.32.42:545][790]LogModuleManager: Shutting down and abandoning module ContentBrowser (88)
[2016.02.13-19.32.42:546][790]LogModuleManager: Shutting down and abandoning module Paper2DEditor (87)
[2016.02.13-19.32.42:546][790]LogModuleManager: Shutting down and abandoning module WDKW (86)
[2016.02.13-19.32.42:546][790]LogModuleManager: Shutting down and abandoning module UdpMessaging (85)
[2016.02.13-19.32.42:647][790]LogModuleManager: Shutting down and abandoning module LightPropagationVolumeRuntime (84)
[2016.02.13-19.32.42:647][790]LogModuleManager: Shutting down and abandoning module Paper2D (83)
[2016.02.13-19.32.42:647][790]LogModuleManager: Shutting down and abandoning module WindowsMoviePlayer (82)
[2016.02.13-19.32.42:649][790]LogModuleManager: Shutting down and abandoning module Media (81)
[2016.02.13-19.32.42:649][790]LogModuleManager: Shutting down and abandoning module WmfMedia (80)
[2016.02.13-19.32.42:649][790]LogModuleManager: Shutting down and abandoning module OnlineBlueprintSupport (79)
[2016.02.13-19.32.42:649][790]LogModuleManager: Shutting down and abandoning module GameplayTasksEditor (78)
[2016.02.13-19.32.42:649][790]LogModuleManager: Shutting down and abandoning module PropertyEditor (77)
[2016.02.13-19.32.42:649][790]LogModuleManager: Shutting down and abandoning module BehaviorTreeEditor (76)
[2016.02.13-19.32.42:649][790]LogModuleManager: Shutting down and abandoning module FunctionalTesting (75)
[2016.02.13-19.32.42:649][790]LogModuleManager: Shutting down and abandoning module CollisionAnalyzer (74)
[2016.02.13-19.32.42:649][790]LogModuleManager: Shutting down and abandoning module WorkspaceMenuStructure (73)
[2016.02.13-19.32.42:649][790]LogModuleManager: Shutting down and abandoning module MessageLog (72)
[2016.02.13-19.32.42:649][790]LogModuleManager: Shutting down and abandoning module Sequencer (71)
[2016.02.13-19.32.42:649][790]LogModuleManager: Shutting down and abandoning module AssetTools (70)
[2016.02.13-19.32.42:650][790]LogModuleManager: Shutting down and abandoning module UMGEditor (69)
[2016.02.13-19.32.42:650][790]LogModuleManager: Shutting down and abandoning module UMG (68)
[2016.02.13-19.32.42:650][790]LogModuleManager: Shutting down and abandoning module Slate (67)
[2016.02.13-19.32.42:650][790]LogModuleManager: Shutting down and abandoning module EditorStyle (66)
[2016.02.13-19.32.42:651][790]LogModuleManager: Shutting down and abandoning module SessionServices (65)
[2016.02.13-19.32.42:651][790]LogModuleManager: Shutting down and abandoning module SourceCodeAccess (64)
[2016.02.13-19.32.42:651][790]LogModuleManager: Shutting down and abandoning module HeadMountedDisplay (63)
[2016.02.13-19.32.42:651][790]LogModuleManager: Shutting down and abandoning module XAudio2 (62)
[2016.02.13-19.32.42:651][790]LogModuleManager: Shutting down and abandoning module Networking (60)
[2016.02.13-19.32.42:651][790]LogModuleManager: Shutting down and abandoning module Core (59)
[2016.02.13-19.32.42:651][790]LogModuleManager: Shutting down and abandoning module KismetCompiler (58)
[2016.02.13-19.32.42:651][790]LogModuleManager: Shutting down and abandoning module PhysXFormats (57)
[2016.02.13-19.32.42:651][790]LogModuleManager: Shutting down and abandoning module MeshUtilities (56)
[2016.02.13-19.32.42:651][790]LogModuleManager: Shutting down and abandoning module CookingStats (55)
[2016.02.13-19.32.42:652][790]LogModuleManager: Shutting down and abandoning module DerivedDataCache (54)
[2016.02.13-19.32.42:677][790]LogDerivedDataCache: Shutdown
[2016.02.13-19.32.42:677][790]LogModuleManager: Shutting down and abandoning module ShaderFormatOpenGL (53)
[2016.02.13-19.32.42:677][790]LogModuleManager: Shutting down and abandoning module ShaderFormatD3D (52)
[2016.02.13-19.32.42:677][790]LogModuleManager: Shutting down and abandoning module MetalShaderFormat (51)
[2016.02.13-19.32.42:677][790]LogModuleManager: Shutting down and abandoning module TextureFormatUncompressed (50)
[2016.02.13-19.32.42:677][790]LogModuleManager: Shutting down and abandoning module TextureFormatPVR (49)
[2016.02.13-19.32.42:677][790]LogModuleManager: Shutting down and abandoning module TextureFormatIntelISPCTexComp (48)
[2016.02.13-19.32.42:677][790]LogModuleManager: Shutting down and abandoning module TextureFormatDXT (47)
[2016.02.13-19.32.42:677][790]LogModuleManager: Shutting down and abandoning module ImageWrapper (46)
[2016.02.13-19.32.42:677][790]LogModuleManager: Shutting down and abandoning module TextureFormatASTC (45)
[2016.02.13-19.32.42:677][790]LogModuleManager: Shutting down and abandoning module TextureFormatAndroid (44)
[2016.02.13-19.32.42:677][790]LogModuleManager: Shutting down and abandoning module AudioFormatOpus (43)
[2016.02.13-19.32.42:677][790]LogModuleManager: Shutting down and abandoning module AudioFormatOgg (42)
[2016.02.13-19.32.42:677][790]LogModuleManager: Shutting down and abandoning module AudioFormatADPCM (41)
[2016.02.13-19.32.42:677][790]LogModuleManager: Shutting down and abandoning module LinuxTargetPlatform (40)
[2016.02.13-19.32.42:677][790]LogModuleManager: Shutting down and abandoning module LinuxServerTargetPlatform (39)
[2016.02.13-19.32.42:677][790]LogModuleManager: Shutting down and abandoning module LinuxNoEditorTargetPlatform (38)
[2016.02.13-19.32.42:677][790]LogModuleManager: Shutting down and abandoning module Messaging (37)
[2016.02.13-19.32.42:677][790]LogModuleManager: Shutting down and abandoning module IOSTargetPlatform (36)
[2016.02.13-19.32.42:677][790]LogModuleManager: Shutting down and abandoning module HTML5TargetPlatform (35)
[2016.02.13-19.32.42:677][790]LogModuleManager: Shutting down and abandoning module Android_PVRTCTargetPlatform (34)
[2016.02.13-19.32.42:677][790]LogModuleManager: Shutting down and abandoning module Android_ETC2TargetPlatform (33)
[2016.02.13-19.32.42:677][790]LogModuleManager: Shutting down and abandoning module Android_ETC1TargetPlatform (32)
[2016.02.13-19.32.42:677][790]LogModuleManager: Shutting down and abandoning module Android_DXTTargetPlatform (31)
[2016.02.13-19.32.42:677][790]LogModuleManager: Shutting down and abandoning module Android_ATCTargetPlatform (30)
[2016.02.13-19.32.42:677][790]LogModuleManager: Shutting down and abandoning module Android_ASTCTargetPlatform (29)
[2016.02.13-19.32.42:677][790]LogModuleManager: Shutting down and abandoning module AndroidTargetPlatform (28)
[2016.02.13-19.32.42:677][790]LogModuleManager: Shutting down and abandoning module WindowsTargetPlatform (27)
[2016.02.13-19.32.42:677][790]LogModuleManager: Shutting down and abandoning module WindowsServerTargetPlatform (26)
[2016.02.13-19.32.42:677][790]LogModuleManager: Shutting down and abandoning module WindowsNoEditorTargetPlatform (25)
[2016.02.13-19.32.42:677][790]LogModuleManager: Shutting down and abandoning module WindowsClientTargetPlatform (24)
[2016.02.13-19.32.42:677][790]LogModuleManager: Shutting down and abandoning module AllDesktopTargetPlatform (23)
[2016.02.13-19.32.42:677][790]LogModuleManager: Shutting down and abandoning module TargetPlatform (22)
[2016.02.13-19.32.42:677][790]LogModuleManager: Shutting down and abandoning module InputCore (21)
[2016.02.13-19.32.42:677][790]LogModuleManager: Shutting down and abandoning module Settings (20)
[2016.02.13-19.32.42:677][790]LogModuleManager: Shutting down and abandoning module OnlineSubsystem (18)
[2016.02.13-19.32.42:677][790]LogModuleManager: Shutting down and abandoning module HTTP (17)
[2016.02.13-19.32.44:681][790]LogModuleManager: Shutting down and abandoning module XMPP (16)
[2016.02.13-19.32.44:681][790]LogModuleManager: Shutting down and abandoning module ExampleDeviceProfileSelector (15)
[2016.02.13-19.32.44:681][790]LogModuleManager: Shutting down and abandoning module TextureCompressor (14)
[2016.02.13-19.32.44:681][790]LogModuleManager: Shutting down and abandoning module ShaderCore (13)
[2016.02.13-19.32.44:681][790]LogModuleManager: Shutting down and abandoning module Landscape (12)
[2016.02.13-19.32.44:681][790]LogModuleManager: Shutting down and abandoning module SlateRHIRenderer (11)
[2016.02.13-19.32.44:682][790]LogModuleManager: Shutting down and abandoning module OpenGLDrv (10)
[2016.02.13-19.32.44:682][790]LogModuleManager: Shutting down and abandoning module D3D11RHI (9)
[2016.02.13-19.32.44:682][790]LogModuleManager: Shutting down and abandoning module AnimGraphRuntime (8)
[2016.02.13-19.32.44:682][790]LogModuleManager: Shutting down and abandoning module Renderer (7)
[2016.02.13-19.32.44:682][790]LogModuleManager: Shutting down and abandoning module Engine (6)
[2016.02.13-19.32.44:682][790]LogModuleManager: Shutting down and abandoning module CoreUObject (5)
[2016.02.13-19.32.44:682][790]LogModuleManager: Shutting down and abandoning module NetworkFile (4)
[2016.02.13-19.32.44:682][790]LogModuleManager: Shutting down and abandoning module StreamingFile (3)
[2016.02.13-19.32.44:682][790]LogModuleManager: Shutting down and abandoning module SandboxFile (2)
[2016.02.13-19.32.44:682][790]LogModuleManager: Shutting down and abandoning module PakFile (1)
[2016.02.13-19.32.44:682][790]LogExit: Exiting.
[2016.02.13-19.32.44:719][790]Log file closed, 02/13/16 20:32:44
