[2016.02.13-22.31.30:361][  0]Log file open, 02/13/16 19:31:30
[2016.02.13-22.31.30:361][  0]LogInit:Display: Running engine for game: WDKW
[2016.02.13-22.31.30:361][  0]LogInit:Display: RandInit(454066565) SRandInit(454066565).
[2016.02.13-22.31.30:361][  0]LogTaskGraph: Started task graph with 4 named threads and 6 total threads.
[2016.02.13-22.31.30:361][  0]LogStats: Stats thread started at 0.080692
[2016.02.13-22.31.30:361][  0]LogInit: Version: 4.9.2-2707645+++depot+UE4-Releases+4.9
[2016.02.13-22.31.30:361][  0]LogInit: API Version: 2672455
[2016.02.13-22.31.30:361][  0]LogInit: Compiled (64-bit): Sep 28 2015 10:25:44
[2016.02.13-22.31.30:361][  0]LogInit: Compiled with Visual C++: 18.00.21005.01
[2016.02.13-22.31.30:361][  0]LogInit: Build Configuration: Development
[2016.02.13-22.31.30:361][  0]LogInit: Branch Name: ++depot+UE4-Releases+4.9
[2016.02.13-22.31.30:361][  0]LogInit: Command line:  
[2016.02.13-22.31.30:361][  0]LogInit: Base directory: E:/Programs/Unreal Engine 4/Epic Games/4.9/Engine/Binaries/Win64/
[2016.02.13-22.31.30:361][  0]LogInit: Rocket: 1
[2016.02.13-22.31.30:374][  0]LogInit: Using libcurl 7.41.0
[2016.02.13-22.31.30:374][  0]LogInit:  - built for x86_64-pc-win32
[2016.02.13-22.31.30:374][  0]LogInit:  - supports SSL with WinSSL
[2016.02.13-22.31.30:374][  0]LogInit:  - other features:
[2016.02.13-22.31.30:374][  0]LogInit:      CURL_VERSION_SSL
[2016.02.13-22.31.30:374][  0]LogInit:      CURL_VERSION_IPV6
[2016.02.13-22.31.30:374][  0]LogInit:      CURL_VERSION_ASYNCHDNS
[2016.02.13-22.31.30:374][  0]LogInit:      CURL_VERSION_LARGEFILE
[2016.02.13-22.31.30:374][  0]LogInit:      CURL_VERSION_IDN
[2016.02.13-22.31.30:374][  0]LogInit:  CurlRequestOptions (configurable via config and command line):
[2016.02.13-22.31.30:374][  0]LogInit:  - bVerifyPeer = true  - Libcurl will verify peer certificate
[2016.02.13-22.31.30:374][  0]LogInit:  - bUseHttpProxy = false  - Libcurl will NOT use HTTP proxy
[2016.02.13-22.31.30:374][  0]LogInit:  - bDontReuseConnections = false  - Libcurl will reuse connections
[2016.02.13-22.31.30:374][  0]LogInit:  - CertBundlePath = nullptr  - Libcurl will use whatever was configured at build time.
[2016.02.13-22.31.30:384][  0]LogInit: Presizing for 0 objects not considered by GC, pre-allocating 0 bytes.
[2016.02.13-22.31.30:393][  0]LogInit: Object subsystem initialized
[2016.02.13-22.31.30:395][  0]LogInit: Selected Device Profile: [Windows]
[2016.02.13-22.31.30:395][  0]LogInit: Applying CVar settings loaded from the selected device profile: [Windows]
[2016.02.13-22.31.30:404][  0]LogInit: Computer: RAMBO
[2016.02.13-22.31.30:404][  0]LogInit: User: Pierre
[2016.02.13-22.31.30:404][  0]LogInit: CPU Page size=4096, Cores=3
[2016.02.13-22.31.30:404][  0]LogInit: High frequency timer resolution =3.906354 MHz
[2016.02.13-22.31.30:404][  0]LogMemory: Memory total: Physical=16.0GB (16GB approx)
[2016.02.13-22.31.30:404][  0]LogMemory: Platform Memory Stats for Windows
[2016.02.13-22.31.30:404][  0]LogMemory: Process Physical Memory: 51.88 MB used, 51.88 MB peak
[2016.02.13-22.31.30:404][  0]LogMemory: Process Virtual Memory: 56.93 MB used, 56.93 MB peak
[2016.02.13-22.31.30:404][  0]LogMemory: Physical Memory: 3616.92 MB used, 16349.51 MB total
[2016.02.13-22.31.30:404][  0]LogMemory: Virtual Memory: 352.18 MB used, 134217728.00 MB total
[2016.02.13-22.31.30:466][  0]LogTextLocalizationManager: No translations for ('fr-FR') exist, falling back to 'en' for localization and internationalization data.
[2016.02.13-22.31.31:408][  0]LogD3D11RHI: Found D3D11 adapter 0: AMD Radeon R9 200 Series (Feature Level 11_0)
[2016.02.13-22.31.31:408][  0]LogD3D11RHI: Adapter has 4071MB of dedicated video memory, 0MB of dedicated system memory, and 3840MB of shared system memory, 1 output[s]
[2016.02.13-22.31.31:453][  0]LogD3D11RHI: Found D3D11 adapter 1: NVIDIA GeForce GTX 670 (Feature Level 11_0)
[2016.02.13-22.31.31:453][  0]LogD3D11RHI: Adapter has 1985MB of dedicated video memory, 0MB of dedicated system memory, and 2048MB of shared system memory, 1 output[s]
[2016.02.13-22.31.31:455][  0]LogD3D11RHI: Found D3D11 adapter 2: Microsoft Basic Render Driver (Feature Level 11_0)
[2016.02.13-22.31.31:455][  0]LogD3D11RHI: Adapter has 0MB of dedicated video memory, 0MB of dedicated system memory, and 256MB of shared system memory, 0 output[s]
[2016.02.13-22.31.31:455][  0]LogD3D11RHI: Chosen D3D11 Adapter Id = 0
[2016.02.13-22.31.31:463][  0]LogD3D11RHI: !Direct3DDevice
[2016.02.13-22.31.31:463][  0]LogRHI: Texture pool is 1361 MB (70% of 1945 MB)
[2016.02.13-22.31.31:471][  0]LogD3D11RHI: Async texture creation disabled: no driver support
[2016.02.13-22.31.31:483][  0]LogShaderCompilers: Guid format shader working directory is 15 characters bigger than the processId version (../../../../../../../Files/UnrealGames/WDKW/Intermediate/Shaders/WorkingDirectory/4560/).
[2016.02.13-22.31.31:483][  0]LogShaderCompilers: Cleaned the shader compiler working directory '../../../../../../../Files/UnrealGames/WDKW/Intermediate/Shaders/tmp/E46C741248D4BAA503D765AF0E476F9C/'.
[2016.02.13-22.31.31:483][  0]LogShaderCompilers:Display: Using Local Shader Compiler.
[2016.02.13-22.31.32:964][  0]LogTemp:Display: Loaded TP AllDesktopTargetPlatform
[2016.02.13-22.31.32:971][  0]LogTemp:Display: Loaded TP WindowsClientTargetPlatform
[2016.02.13-22.31.32:979][  0]LogTemp:Display: Loaded TP WindowsNoEditorTargetPlatform
[2016.02.13-22.31.32:986][  0]LogTemp:Display: Loaded TP WindowsServerTargetPlatform
[2016.02.13-22.31.32:994][  0]LogTemp:Display: Loaded TP WindowsTargetPlatform
[2016.02.13-22.31.32:998][  0]LogTemp:Display: Loaded TP AndroidTargetPlatform
[2016.02.13-22.31.33:003][  0]LogTemp:Display: Loaded TP Android_ASTCTargetPlatform
[2016.02.13-22.31.33:007][  0]LogTemp:Display: Loaded TP Android_ATCTargetPlatform
[2016.02.13-22.31.33:011][  0]LogTemp:Display: Loaded TP Android_DXTTargetPlatform
[2016.02.13-22.31.33:016][  0]LogTemp:Display: Loaded TP Android_ETC1TargetPlatform
[2016.02.13-22.31.33:020][  0]LogTemp:Display: Loaded TP Android_ETC2TargetPlatform
[2016.02.13-22.31.33:024][  0]LogTemp:Display: Loaded TP Android_PVRTCTargetPlatform
[2016.02.13-22.31.33:025][  0]LogTemp:Display: Loaded TP HTML5TargetPlatform
[2016.02.13-22.31.33:046][  0]LogTemp:Display: Loaded TP IOSTargetPlatform
[2016.02.13-22.31.33:050][  0]LogTemp:Display: Loaded TP LinuxNoEditorTargetPlatform
[2016.02.13-22.31.33:056][  0]LogTemp:Display: Loaded TP LinuxServerTargetPlatform
[2016.02.13-22.31.33:062][  0]LogTemp:Display: Loaded TP LinuxTargetPlatform
[2016.02.13-22.31.33:062][  0]LogTargetPlatformManager:Display: Building Assets For Windows
[2016.02.13-22.31.33:206][  0]LogDerivedDataCache:Display: Max Cache Size: 512 MB
[2016.02.13-22.31.33:289][  0]LogDerivedDataCache: Loaded boot cache 0.08s 41MB C:/Users/Pierre/AppData/Local/UnrealEngine/4.9/DerivedDataCache/Boot.ddc.
[2016.02.13-22.31.33:289][  0]LogDerivedDataCache:Display: Loaded Boot cache: C:/Users/Pierre/AppData/Local/UnrealEngine/4.9/DerivedDataCache/Boot.ddc
[2016.02.13-22.31.33:290][  0]LogDerivedDataCache: FDerivedDataBackendGraph:  Pak pak cache file ../../../../../../../Files/UnrealGames/WDKW/DerivedDataCache/DDC.ddp not found, will not use a pak cache.
[2016.02.13-22.31.33:290][  0]LogDerivedDataCache: Unable to find inner node Pak for hierarchical cache Hierarchy.
[2016.02.13-22.31.33:290][  0]LogDerivedDataCache: FDerivedDataBackendGraph:  CompressedPak pak cache file ../../../../../../../Files/UnrealGames/WDKW/DerivedDataCache/Compressed.ddp not found, will not use a pak cache.
[2016.02.13-22.31.33:290][  0]LogDerivedDataCache: Unable to find inner node CompressedPak for hierarchical cache Hierarchy.
[2016.02.13-22.31.33:474][  0]LogDerivedDataCache:Display: Pak cache opened for reading ../../../Engine/DerivedDataCache/Compressed.ddp.
[2016.02.13-22.31.33:486][  0]LogDerivedDataCache: Using Local data cache path C:/Users/Pierre/AppData/Local/UnrealEngine/Common/DerivedDataCache: Writable
[2016.02.13-22.31.33:800][  0]LogInit: Selected Device Profile: [Windows]
[2016.02.13-22.31.33:804][  0]LogContentStreaming: Texture pool size is 0.000000MB
[2016.02.13-22.31.33:964][  0]LogMeshUtilities: No automatic mesh reduction module available
[2016.02.13-22.31.33:964][  0]LogMeshUtilities: No automatic mesh merging module available
[2016.02.13-22.31.34:338][  0]LogInit: WinSock: version 1.1 (2.2), MaxSocks=32767, MaxUdp=65467
[2016.02.13-22.31.35:954][  0]UdpMessaging: Initializing bridge on interface 0.0.0.0:0 to multicast group 230.0.0.1:6666.
[2016.02.13-22.31.36:105][  0]LogAssetRegistry: FAssetRegistry took 0.0109 seconds to start up
[2016.02.13-22.31.36:378][  0]SourceControl: Info Source control is disabled
[2016.02.13-22.31.36:379][  0]SourceControl: Info Source control is disabled
[2016.02.13-22.31.36:401][  0]SourceControl: Info Source control is disabled
[2016.02.13-22.31.36:424][  0]SourceControl: Info Source control is disabled
[2016.02.13-22.31.36:772][  0]LogLinker:Warning: Asset '../../../Engine/Plugins/Runtime/LeapMotionController/Content/LM_PassthroughMaterial.uasset' has been saved with empty engine version. The asset will be loaded but may be incompatible.
[2016.02.13-22.31.36:926][  0]LogObj: 28365 objects as part of root set at end of initial load.
[2016.02.13-22.31.36:926][  0]LogUObjectAllocator: 6040840 out of 0 bytes used by permanent object pool.
[2016.02.13-22.31.37:010][  0]LogEngine: Initializing Engine...
[2016.02.13-22.31.37:014][  0]LogHMD: Can't find Oculus library dev build: is proper Runtime installed? Version: 0.7.0.0
[2016.02.13-22.31.37:016][  0]LogHMD: SteamVR failed to initialize.  Err: 110
[2016.02.13-22.31.37:222][  0]LogAIModule: Creating AISystem for world NewWorld
[2016.02.13-22.31.37:249][  0]LogInit: XAudio2 using 'Audio numérique (SPDIF) (2- Périphérique High Definition Audio)' : 2 channels at 48 kHz using 32 bits per sample (channel mask 0x3)
[2016.02.13-22.31.37:264][  0]LogInit: FAudioDevice initialized.
[2016.02.13-22.31.37:308][  0]LogDerivedDataCache: Saved boot cache 0.04s 41MB C:/Users/Pierre/AppData/Local/UnrealEngine/4.9/DerivedDataCache/Boot.ddc.
[2016.02.13-22.31.37:317][  0]LogInit: Texture streaming: Enabled
[2016.02.13-22.31.37:327][  0]LogAnalytics: Creating configured Analytics provider AnalyticsET
[2016.02.13-22.31.37:327][  0]LogAnalytics: [UEEditor.Rocket.Release] APIServer = http://et2.epicgames.com/ET2/. AppVersion = 4.9.2-2707645+++depot+UE4-Releases+4.9
[2016.02.13-22.31.37:327][  0]LogAnalytics: [UEEditor.Rocket.Release] SetUserId 040a12784862f767c49af68f6786fb02|2b3159c459794c139f2df80869f9e432|a0c39b0a-7727-46ed-a0a1-160da38d3fcb
[2016.02.13-22.31.37:327][  0]LogAnalytics: [UEEditor.Rocket.Release] AnalyticsET::StartSession
[2016.02.13-22.31.37:415][  0]LogInit: Transaction tracking system initialized
[2016.02.13-22.31.37:460][  0]BlueprintLog: New page: Editor Load
[2016.02.13-22.31.37:584][  0]LocalizationService: Info Localization service is disabled
[2016.02.13-22.31.37:711][  0]LogConsoleResponse:Display: 
[2016.02.13-22.31.37:895][  0]LogCook:Display: Done creating registry. It took  0.00s.
[2016.02.13-22.31.38:018][  0]LogFileCache: Scanning file cache for directory 'E:/Files/UnrealGames/WDKW/Content/' took 0.01s
[2016.02.13-22.31.38:018][  0]SourceControl: Info Source control is disabled
[2016.02.13-22.31.38:018][  0]Cmd: MAP LOAD FILE="../../../Engine/Content/Maps/Templates/Template_Default.umap" TEMPLATE=1 SHOWPROGRESS=1 FEATURELEVEL=3
[2016.02.13-22.31.38:019][  0]LightingResults: New page: Lighting Build
[2016.02.13-22.31.38:024][  0]MapCheck: New page: Map Check
[2016.02.13-22.31.38:024][  0]LightingResults: New page: Lighting Build
[2016.02.13-22.31.38:044][  0]LogParticles: Destroying 0 GPU particle simulations for FXSystem 0x000000F4706B9BC0
[2016.02.13-22.31.38:437][  0]LogAIModule: Creating AISystem for world Untitled_1
[2016.02.13-22.31.38:446][  0]LogEditorServer: Finished looking for orphan Actors (0.000 secs)
[2016.02.13-22.31.38:486][  0]Cmd: MAP CHECKDEP NOCLEARLOG
[2016.02.13-22.31.38:635][  0]MapCheck: Info Map check complete: 0 Error(s), 0 Warning(s), took 148.644ms to complete.
[2016.02.13-22.31.38:635][  0]LogFileHelpers: Loading map 'Template_Default' took 0.617
[2016.02.13-22.31.38:784][  0]LogCollectionManager: Loaded 0 collections in 0.002783 seconds
[2016.02.13-22.31.38:832][  0]LogFileCache: Scanning file cache for directory 'E:/Files/UnrealGames/WDKW/Saved/Collections/' took 0.01s
[2016.02.13-22.31.38:832][  0]LogFileCache: Scanning file cache for directory 'E:/Files/UnrealGames/WDKW/Content/Developers/Pierre/Collections/' took 0.01s
[2016.02.13-22.31.38:832][  0]LogFileCache: Scanning file cache for directory 'E:/Files/UnrealGames/WDKW/Content/Collections/' took 0.01s
[2016.02.13-22.31.38:832][  0]LogContentBrowser: Native class hierarchy populated in 0.0122 seconds. Added 1868 classes and 335 folders.
[2016.02.13-22.31.38:845][  0]LogCollectionManager: Rebuilt the GUID cache for 0 collections in 0.000004 seconds
[2016.02.13-22.31.38:858][  0]LogContentBrowser: Native class hierarchy updated for 'WidgetCarousel' in 0.0025 seconds. Added 0 classes and 0 folders.
[2016.02.13-22.31.38:982][  0]LogContentBrowser: Native class hierarchy updated for 'AddContentDialog' in 0.0019 seconds. Added 0 classes and 0 folders.
[2016.02.13-22.31.38:990][  0]LogContentBrowser: Native class hierarchy updated for 'SceneOutliner' in 0.0023 seconds. Added 1 classes and 2 folders.
[2016.02.13-22.31.39:027][  0]LogCrashTracker: Crashtracker disabled due to settings.
[2016.02.13-22.31.39:037][  0]LogUObjectGlobals:Warning: Failed to find object 'Class None.'
[2016.02.13-22.31.39:060][  0]LogLoad: Full Startup: 9.85 seconds (BP compile: 0.06 seconds)
[2016.02.13-22.31.39:463][  0]LogContentStreaming: Texture pool size now 1000 MB
[2016.02.13-22.31.39:602][  0]LogRenderer: Reallocating scene render targets to support 1208x512 (Frame:2).
[2016.02.13-22.31.41:195][  5]LogAssetRegistry: Asset discovery search completed in 5.1009 seconds
[2016.02.13-22.31.41:195][  5]LogCollectionManager: Rebuilt the object cache for 0 collections in 0.000001 seconds (found 0 objects)
[2016.02.13-22.31.41:195][  5]LogCollectionManager: Fixed up redirectors for 0 collections in 0.000026 seconds (updated 0 objects)
[2016.02.13-22.32.30:081][975]LogPlayLevel: PlayLevel: No blueprints needed recompiling
[2016.02.13-22.32.30:081][975]PIE: New page: PIE session: Untitled_1 (Feb 13, 2016, 4:32:30 PM)
[2016.02.13-22.32.30:082][975]LogPlayLevel: Creating play world package: /Temp/UEDPIE_0_Untitled_1
[2016.02.13-22.32.30:084][975]LogPlayLevel: PIE: StaticDuplicateObject took: (0.001936s)
[2016.02.13-22.32.30:084][975]LogAIModule: Creating AISystem for world Untitled_1
[2016.02.13-22.32.30:084][975]LogPlayLevel: PIE: World Init took: (0.000839s)
[2016.02.13-22.32.30:085][975]LogPlayLevel: PIE: Created PIE world by copying editor world from /Temp/Untitled_1.Untitled_1 to /Temp/UEDPIE_0_Untitled_1.Untitled_1 (0.002972s)
[2016.02.13-22.32.30:124][975]LogInit: XAudio2 using 'Audio numérique (SPDIF) (2- Périphérique High Definition Audio)' : 2 channels at 48 kHz using 32 bits per sample (channel mask 0x3)
[2016.02.13-22.32.30:135][975]LogInit: FAudioDevice initialized.
[2016.02.13-22.32.30:556][975]LogWorld: Game class is 'WDKWGameMode_C'
[2016.02.13-22.32.30:560][975]LogWorld: Bringing World /Temp/UEDPIE_0_Untitled_1.Untitled_1 up for play (max tick rate 0) at 2016.02.13-19.32.30
[2016.02.13-22.32.30:560][975]LogActor:Warning: GameSession /Temp/UEDPIE_0_Untitled_1.Untitled_1:PersistentLevel.GameSession_0 has natively added scene component(s), but none of them were set as the actor's RootComponent - picking one arbitrarily
[2016.02.13-22.32.30:561][975]LogActor:Warning: GameNetworkManager /Temp/UEDPIE_0_Untitled_1.Untitled_1:PersistentLevel.GameNetworkManager_0 has natively added scene component(s), but none of them were set as the actor's RootComponent - picking one arbitrarily
[2016.02.13-22.32.30:561][975]LogWorld: Bringing up level for play took: 0.002638
[2016.02.13-22.32.30:565][975]PIE: Info Play in editor start time for /Temp/UEDPIE_0_Untitled_1 1.478
[2016.02.13-22.32.40:133][109]LogParticles: Destroying 0 GPU particle simulations for FXSystem 0x000000F470E68CC0
[2016.02.13-22.32.51:875][216]LogAIModule: Creating AISystem for world EmptyMap
[2016.02.13-22.32.51:897][216]Cmd: MAP LOAD FILE="../../../../../../../Files/UnrealGames/WDKW/Content/WDKWContent/Maps/EmptyMap.umap" TEMPLATE=0 SHOWPROGRESS=1 FEATURELEVEL=3
[2016.02.13-22.32.51:898][216]LightingResults: New page: Lighting Build
[2016.02.13-22.32.51:919][216]LoadErrors: New page: Loading map: EmptyMap.umap
[2016.02.13-22.32.51:919][216]MapCheck: New page: Map Check
[2016.02.13-22.32.51:919][216]LightingResults: New page: Lighting Build
[2016.02.13-22.32.51:934][216]LogParticles: Destroying 0 GPU particle simulations for FXSystem 0x000000F463660400
[2016.02.13-22.32.51:938][216]LogEditorServer: Finished looking for orphan Actors (0.000 secs)
[2016.02.13-22.32.51:969][216]Cmd: MAP CHECKDEP NOCLEARLOG
[2016.02.13-22.32.52:120][216]MapCheck: Info Map check complete: 0 Error(s), 0 Warning(s), took 151.425ms to complete.
[2016.02.13-22.32.52:121][216]LogFileHelpers: Loading map 'EmptyMap' took 0.225
[2016.02.13-22.33.16:938][ 24]Cmd: OBJ SAVEPACKAGE PACKAGE="/Game/WDKWContent/Maps/EmptyMap" FILE="../../../../../../../Files/UnrealGames/WDKW/Content/WDKWContent/Maps/EmptyMap.umap" SILENT=true AUTOSAVING=false KEEPDIRTY=false
[2016.02.13-22.33.16:990][ 24]LogSavePackage: Save=32.627098ms
[2016.02.13-22.33.16:990][ 24]LogSavePackage: Moving '../../../../../../../Files/UnrealGames/WDKW/Saved/EmptyMap1E13B2394F83304BCF1B10B5E397EF5E.tmp' to '../../../../../../../Files/UnrealGames/WDKW/Content/WDKWContent/Maps/EmptyMap.umap'
[2016.02.13-22.33.16:992][ 24]LogSavePackage: Total save time: 37.455387ms
[2016.02.13-22.33.16:992][ 24]LogSavePackage:Warning: Finished SavePackage ../../../../../../../Files/UnrealGames/WDKW/Content/WDKWContent/Maps/EmptyMap.umap
[2016.02.13-22.34.43:010][306]LogMaterial: Missing cached shader map for material M_OceanWater_1, compiling. 
[2016.02.13-22.34.43:147][306]LogMaterial: Missing cached shader map for material M_OceanWater_1, compiling. 
[2016.02.13-22.34.46:867][697]LogRenderer: Reallocating scene render targets to support 1208x516 (Frame:2141).
[2016.02.13-22.34.46:929][698]LogRenderer: Reallocating scene render targets to support 1208x552 (Frame:2143).
[2016.02.13-22.34.46:991][699]LogRenderer: Reallocating scene render targets to support 1208x584 (Frame:2145).
[2016.02.13-22.34.47:053][700]LogRenderer: Reallocating scene render targets to support 1208x596 (Frame:2147).
[2016.02.13-22.34.47:115][701]LogRenderer: Reallocating scene render targets to support 1208x608 (Frame:2149).
[2016.02.13-22.34.47:177][702]LogRenderer: Reallocating scene render targets to support 1208x612 (Frame:2151).
[2016.02.13-22.34.47:484][731]LogRenderer: Reallocating scene render targets to support 1208x616 (Frame:2153).
[2016.02.13-22.34.47:546][732]LogRenderer: Reallocating scene render targets to support 1208x620 (Frame:2155).
[2016.02.13-22.34.47:615][733]LogRenderer: Reallocating scene render targets to support 1208x628 (Frame:2157).
[2016.02.13-22.34.47:717][735]LogRenderer: Reallocating scene render targets to support 1208x632 (Frame:2161).
[2016.02.13-22.34.47:987][756]LogRenderer: Reallocating scene render targets to support 1208x636 (Frame:2165).
[2016.02.13-22.35.08:489][805]LogRenderer: Reallocating scene render targets to support 1208x964 (Frame:2177).
[2016.02.13-22.36.18:658][134]LogActorComponent: UnregisterComponent: (/Engine/Transient.CharMoveComp) Not registered. Aborting.
[2016.02.13-22.36.18:881][134]Cmd: OBJ SAVEPACKAGE PACKAGE="/Game/WDKWContent/Maps/EmptyMap" FILE="../../../../../../../Files/UnrealGames/WDKW/Content/WDKWContent/Maps/EmptyMap.umap" SILENT=true AUTOSAVING=false KEEPDIRTY=false
[2016.02.13-22.36.18:934][134]LogSavePackage: Save=33.763454ms
[2016.02.13-22.36.18:934][134]LogSavePackage: Moving '../../../../../../../Files/UnrealGames/WDKW/Saved/EmptyMapE2183CFB444DC985A0FDF0ABD9745BC9.tmp' to '../../../../../../../Files/UnrealGames/WDKW/Content/WDKWContent/Maps/EmptyMap.umap'
[2016.02.13-22.36.18:936][134]LogSavePackage: Total save time: 37.713174ms
[2016.02.13-22.36.18:936][134]LogSavePackage:Warning: Finished SavePackage ../../../../../../../Files/UnrealGames/WDKW/Content/WDKWContent/Maps/EmptyMap.umap
[2016.02.13-22.36.18:967][134]LogFileHelpers: Saving map 'EmptyMap' took 0.256
[2016.02.13-22.36.44:489][830]LogEditorActor: Deleted Actor: DirectionalLight
[2016.02.13-22.36.44:506][830]LogEditorActor: Deleted 1 Actors (1.454 secs)
[2016.02.13-22.36.48:185][262]LogEditorActor: Deleted Actor: BP_Sky_Sphere_C
[2016.02.13-22.36.48:202][262]LogEditorActor: Deleted 1 Actors (0.017 secs)
[2016.02.13-22.36.49:783][452]Cmd: TRANSACTION UNDO
[2016.02.13-22.36.49:783][452]LogEditorTransaction: Undo Delete selection
[2016.02.13-22.36.52:678][737]Cmd: OBJ SAVEPACKAGE PACKAGE="/Game/WDKWContent/Maps/EmptyMap" FILE="../../../../../../../Files/UnrealGames/WDKW/Content/WDKWContent/Maps/EmptyMap.umap" SILENT=true AUTOSAVING=false KEEPDIRTY=false
[2016.02.13-22.36.52:727][737]LogSavePackage: Save=30.215643ms
[2016.02.13-22.36.52:727][737]LogSavePackage: Moving '../../../../../../../Files/UnrealGames/WDKW/Saved/EmptyMap84A45D95472063EEA7BD75BD7FBE355B.tmp' to '../../../../../../../Files/UnrealGames/WDKW/Content/WDKWContent/Maps/EmptyMap.umap'
[2016.02.13-22.36.52:730][737]LogSavePackage: Total save time: 34.152050ms
[2016.02.13-22.36.52:730][737]LogSavePackage:Warning: Finished SavePackage ../../../../../../../Files/UnrealGames/WDKW/Content/WDKWContent/Maps/EmptyMap.umap
[2016.02.13-22.36.52:764][737]LogFileHelpers: Saving map 'EmptyMap' took 0.251
[2016.02.13-22.37.28:688][903]LogEditorViewport: Clicking on Actor (context menu): BP_OceanWater_C (BP_OceanWater)
[2016.02.13-22.37.29:440][982]LogEditorViewport: Clicking on Actor (LMB): StaticMeshActor (Floor)
[2016.02.13-22.37.51:274][299]Cmd: STAT FPS
[2016.02.13-22.38.04:041][753]Cmd: OBJ SAVEPACKAGE PACKAGE="/Game/WDKWContent/Maps/EmptyMap" FILE="../../../../../../../Files/UnrealGames/WDKW/Content/WDKWContent/Maps/EmptyMap.umap" SILENT=true AUTOSAVING=false KEEPDIRTY=false
[2016.02.13-22.38.04:090][753]LogSavePackage: Save=32.073643ms
[2016.02.13-22.38.04:091][753]LogSavePackage: Moving '../../../../../../../Files/UnrealGames/WDKW/Saved/EmptyMap1DF2057B4DB91DF3777D4283FAB5BAC9.tmp' to '../../../../../../../Files/UnrealGames/WDKW/Content/WDKWContent/Maps/EmptyMap.umap'
[2016.02.13-22.38.04:093][753]LogSavePackage: Total save time: 36.105279ms
[2016.02.13-22.38.04:093][753]LogSavePackage:Warning: Finished SavePackage ../../../../../../../Files/UnrealGames/WDKW/Content/WDKWContent/Maps/EmptyMap.umap
[2016.02.13-22.38.04:125][753]LogFileHelpers: Saving map 'EmptyMap' took 0.244
[2016.02.13-22.38.04:778][823]MapCheck: New page: Map Check
[2016.02.13-22.38.04:801][823]Cmd: MAP REBUILD ALLVISIBLE
[2016.02.13-22.38.04:801][823]LogEditorServer: Rebuildmap Clear paths rebuilt
[2016.02.13-22.38.04:822][823]MapCheck:Warning: Warning WorldSettings_1 Hierarchical LOD System is disabled or no HLOD level settings available, unable to build LOD actors. 
[2016.02.13-22.38.04:822][823]LogStats:          STAT_HLOD_BuildClusters - 15.574 ms
[2016.02.13-22.38.04:822][823]LightingResults: New page: Lighting Build - Feb 13, 2016, 4:38:04 PM
[2016.02.13-22.38.09:958][823]LogStaticLightingSystem:Warning: No importance volume found, so the scene bounding box was used.  You can optimize your scene's quality and lighting build times by adding importance volumes.
[2016.02.13-22.38.09:958][823]LogStaticLightingSystem: Running Lightmass w/ ImmediateImport mode ENABLED
[2016.02.13-22.38.09:958][823]LogStaticLightingSystem: Running Lightmass w/ ImmediateProcess mode ENABLED
[2016.02.13-22.38.09:958][823]LogStaticLightingSystem: Running Lightmass w/ Sorting mode ENABLED
[2016.02.13-22.38.09:958][823]LogStaticLightingSystem: Running Lightmass w/ Mapping paddings ENABLED
[2016.02.13-22.38.09:958][823]LogStaticLightingSystem: Running Lightmass w/ Mapping debug paddings DISABLED
[2016.02.13-22.38.10:255][823]LogEditorBuildUtils: Build time 0:00:05
[2016.02.13-22.38.15:285][830]Job is a success!
[2016.02.13-22.38.15:775][831]LogTexture:Display: Building textures: SkyOcclusion0_1 (AutoDXT)
[2016.02.13-22.38.15:782][831]LogTexture:Display: Building textures: LQ_Lightmap_1_2 (DXT1)
[2016.02.13-22.38.15:787][831]LogTexture:Display: Building textures: HQ_Lightmap1_2 (AutoDXT)
[2016.02.13-22.38.15:788][831]LogTexture:Display: Building textures: SkyOcclusion0_2 (AutoDXT)
[2016.02.13-22.38.15:791][831]LogTexture:Display: Building textures: LQ_Lightmap_0_1 (DXT1)
[2016.02.13-22.38.15:795][831]LogTexture:Display: Building textures: HQ_Lightmap0_1 (AutoDXT)
[2016.02.13-22.38.15:868][831]Lightmass on RAMBO: 1.32 sec total, 157 ms importing, 0 ms setup, 182 ms photons, 939 ms processing, 0 ms extra exporting [2/2 mappings]. Threads: 4.63 sec total, 416 ms processing.
[2016.02.13-22.38.15:872][831]LogStaticLightingSystem: Illumination: 10.7 sec (36 ms encoding lightmaps)
[2016.02.13-22.38.15:872][831]LogStaticLightingSystem: Lightmap texture memory:  0.1 MB (0.1 MB streaming, 0.0 MB non-streaming), 4 textures
[2016.02.13-22.38.15:872][831]LogStaticLightingSystem: Shadowmap texture memory: 0.0 MB (0.0 MB streaming, 0.0 MB non-streaming), 0 textures
[2016.02.13-22.38.15:971][832]Cmd: MAP CHECK NOTIFYRESULTS
[2016.02.13-22.38.15:971][832]MapCheck: New page: EmptyMap - Feb 13, 2016, 4:38:15 PM
[2016.02.13-22.38.16:146][832]MapCheck: Info Map check complete: 0 Error(s), 0 Warning(s), took 175.791ms to complete.
[2016.02.13-22.38.33:438][ 67]LogPlayLevel: PlayLevel: No blueprints needed recompiling
[2016.02.13-22.38.33:438][ 67]PIE: New page: PIE session: EmptyMap (Feb 13, 2016, 4:38:33 PM)
[2016.02.13-22.38.33:438][ 67]LogPlayLevel: Creating play world package: /Game/WDKWContent/Maps/UEDPIE_0_EmptyMap
[2016.02.13-22.38.33:440][ 67]LogPlayLevel: PIE: StaticDuplicateObject took: (0.002137s)
[2016.02.13-22.38.33:441][ 67]LogAIModule: Creating AISystem for world EmptyMap
[2016.02.13-22.38.33:441][ 67]LogPlayLevel: PIE: World Init took: (0.000930s)
[2016.02.13-22.38.33:441][ 67]LogPlayLevel: PIE: Created PIE world by copying editor world from /Game/WDKWContent/Maps/EmptyMap.EmptyMap to /Game/WDKWContent/Maps/UEDPIE_0_EmptyMap.EmptyMap (0.003238s)
[2016.02.13-22.38.33:480][ 67]LogInit: XAudio2 using 'Audio numérique (SPDIF) (2- Périphérique High Definition Audio)' : 2 channels at 48 kHz using 32 bits per sample (channel mask 0x3)
[2016.02.13-22.38.33:490][ 67]LogInit: FAudioDevice initialized.
[2016.02.13-22.38.33:524][ 67]LogWorld: Game class is 'WDKWGameMode_C'
[2016.02.13-22.38.33:527][ 67]LogWorld: Bringing World /Game/WDKWContent/Maps/UEDPIE_0_EmptyMap.EmptyMap up for play (max tick rate 0) at 2016.02.13-19.38.33
[2016.02.13-22.38.33:527][ 67]LogActor:Warning: GameSession /Game/WDKWContent/Maps/UEDPIE_0_EmptyMap.EmptyMap:PersistentLevel.GameSession_1 has natively added scene component(s), but none of them were set as the actor's RootComponent - picking one arbitrarily
[2016.02.13-22.38.33:527][ 67]LogActor:Warning: GameNetworkManager /Game/WDKWContent/Maps/UEDPIE_0_EmptyMap.EmptyMap:PersistentLevel.GameNetworkManager_1 has natively added scene component(s), but none of them were set as the actor's RootComponent - picking one arbitrarily
[2016.02.13-22.38.33:528][ 67]LogWorld: Bringing up level for play took: 0.002646
[2016.02.13-22.38.33:531][ 67]PIE: Info Play in editor start time for /Game/WDKWContent/Maps/UEDPIE_0_EmptyMap 0.444
[2016.02.13-22.38.39:409][754]LogParticles: Destroying 0 GPU particle simulations for FXSystem 0x000000F45472C5E0
[2016.02.13-22.38.40:253][847]LogPlayLevel: PlayLevel: No blueprints needed recompiling
[2016.02.13-22.38.40:253][847]PIE: New page: PIE session: EmptyMap (Feb 13, 2016, 4:38:40 PM)
[2016.02.13-22.38.40:253][847]LogPlayLevel: Creating play world package: /Game/WDKWContent/Maps/UEDPIE_0_EmptyMap
[2016.02.13-22.38.40:255][847]LogPlayLevel: PIE: StaticDuplicateObject took: (0.002033s)
[2016.02.13-22.38.40:256][847]LogAIModule: Creating AISystem for world EmptyMap
[2016.02.13-22.38.40:256][847]LogPlayLevel: PIE: World Init took: (0.000842s)
[2016.02.13-22.38.40:256][847]LogPlayLevel: PIE: Created PIE world by copying editor world from /Game/WDKWContent/Maps/EmptyMap.EmptyMap to /Game/WDKWContent/Maps/UEDPIE_0_EmptyMap.EmptyMap (0.003039s)
[2016.02.13-22.38.40:292][847]LogInit: XAudio2 using 'Audio numérique (SPDIF) (2- Périphérique High Definition Audio)' : 2 channels at 48 kHz using 32 bits per sample (channel mask 0x3)
[2016.02.13-22.38.40:302][847]LogInit: FAudioDevice initialized.
[2016.02.13-22.38.40:343][847]LogWorld: Game class is 'WDKWGameMode_C'
[2016.02.13-22.38.40:347][847]LogWorld: Bringing World /Game/WDKWContent/Maps/UEDPIE_0_EmptyMap.EmptyMap up for play (max tick rate 0) at 2016.02.13-19.38.40
[2016.02.13-22.38.40:347][847]LogActor:Warning: GameSession /Game/WDKWContent/Maps/UEDPIE_0_EmptyMap.EmptyMap:PersistentLevel.GameSession_2 has natively added scene component(s), but none of them were set as the actor's RootComponent - picking one arbitrarily
[2016.02.13-22.38.40:348][847]LogActor:Warning: GameNetworkManager /Game/WDKWContent/Maps/UEDPIE_0_EmptyMap.EmptyMap:PersistentLevel.GameNetworkManager_2 has natively added scene component(s), but none of them were set as the actor's RootComponent - picking one arbitrarily
[2016.02.13-22.38.40:348][847]LogWorld: Bringing up level for play took: 0.003710
[2016.02.13-22.38.40:352][847]PIE: Info Play in editor start time for /Game/WDKWContent/Maps/UEDPIE_0_EmptyMap -0.736
[2016.02.13-22.38.59:418][107]LogParticles: Destroying 0 GPU particle simulations for FXSystem 0x000000F457D88EA0
[2016.02.13-22.39.10:611][198]LogTexture:Display: Building textures: HQ_Lightmap0_1 (AutoDXT)
[2016.02.13-22.39.10:641][198]LogTexture:Display: Building textures: HQ_Lightmap0_10 (AutoDXT)
[2016.02.13-22.39.10:658][198]LogTexture:Display: Building textures: HQ_Lightmap0_11 (AutoDXT)
[2016.02.13-22.39.10:675][198]LogTexture:Display: Building textures: HQ_Lightmap0_12 (AutoDXT)
[2016.02.13-22.39.10:690][198]LogTexture:Display: Building textures: HQ_Lightmap0_13 (AutoDXT)
[2016.02.13-22.39.10:706][198]LogTexture:Display: Building textures: HQ_Lightmap0_14 (AutoDXT)
[2016.02.13-22.39.10:723][198]LogTexture:Display: Building textures: HQ_Lightmap0_15 (AutoDXT)
[2016.02.13-22.39.10:725][198]LogTexture:Display: Building textures: HQ_Lightmap0_2 (AutoDXT)
[2016.02.13-22.39.10:779][198]LogTexture:Display: Building textures: HQ_Lightmap0_3 (AutoDXT)
[2016.02.13-22.39.10:805][198]LogTexture:Display: Building textures: HQ_Lightmap0_4 (AutoDXT)
[2016.02.13-22.39.10:825][198]LogTexture:Display: Building textures: HQ_Lightmap0_5 (AutoDXT)
[2016.02.13-22.39.10:849][198]LogTexture:Display: Building textures: HQ_Lightmap0_6 (AutoDXT)
[2016.02.13-22.39.10:870][198]LogTexture:Display: Building textures: HQ_Lightmap0_7 (AutoDXT)
[2016.02.13-22.39.10:894][198]LogTexture:Display: Building textures: HQ_Lightmap0_8 (AutoDXT)
[2016.02.13-22.39.10:930][198]LogTexture:Display: Building textures: HQ_Lightmap0_9 (AutoDXT)
[2016.02.13-22.39.10:954][198]LogTexture:Display: Building textures: LQ_Lightmap_0_1 (DXT1)
[2016.02.13-22.39.10:969][198]LogTexture:Display: Building textures: LQ_Lightmap_0_10 (DXT1)
[2016.02.13-22.39.10:979][198]LogTexture:Display: Building textures: LQ_Lightmap_0_11 (DXT1)
[2016.02.13-22.39.10:989][198]LogTexture:Display: Building textures: LQ_Lightmap_0_12 (DXT1)
[2016.02.13-22.39.10:996][198]LogTexture:Display: Building textures: LQ_Lightmap_0_13 (DXT1)
[2016.02.13-22.39.11:005][198]LogTexture:Display: Building textures: LQ_Lightmap_0_14 (DXT1)
[2016.02.13-22.39.11:014][198]LogTexture:Display: Building textures: LQ_Lightmap_0_15 (DXT1)
[2016.02.13-22.39.11:016][198]LogTexture:Display: Building textures: LQ_Lightmap_0_2 (DXT1)
[2016.02.13-22.39.11:038][198]LogTexture:Display: Building textures: LQ_Lightmap_0_3 (DXT1)
[2016.02.13-22.39.11:055][198]LogTexture:Display: Building textures: LQ_Lightmap_0_4 (DXT1)
[2016.02.13-22.39.11:068][198]LogTexture:Display: Building textures: LQ_Lightmap_0_5 (DXT1)
[2016.02.13-22.39.11:085][198]LogTexture:Display: Building textures: LQ_Lightmap_0_6 (DXT1)
[2016.02.13-22.39.11:099][198]LogTexture:Display: Building textures: LQ_Lightmap_0_7 (DXT1)
[2016.02.13-22.39.11:116][198]LogTexture:Display: Building textures: LQ_Lightmap_0_8 (DXT1)
[2016.02.13-22.39.11:138][198]LogTexture:Display: Building textures: LQ_Lightmap_0_9 (DXT1)
[2016.02.13-22.39.11:156][198]LogTexture:Display: Building textures: ShadowMapTexture2D_16 (BGRA8)
[2016.02.13-22.39.11:158][198]LogTexture:Display: Building textures: ShadowMapTexture2D_17 (BGRA8)
[2016.02.13-22.39.11:160][198]LogTexture:Display: Building textures: ShadowMapTexture2D_18 (BGRA8)
[2016.02.13-22.39.11:161][198]LogTexture:Display: Building textures: ShadowMapTexture2D_19 (BGRA8)
[2016.02.13-22.39.11:162][198]LogTexture:Display: Building textures: ShadowMapTexture2D_20 (BGRA8)
[2016.02.13-22.39.11:162][198]LogTexture:Display: Building textures: ShadowMapTexture2D_21 (BGRA8)
[2016.02.13-22.39.11:163][198]LogTexture:Display: Building textures: ShadowMapTexture2D_22 (BGRA8)
[2016.02.13-22.39.11:165][198]LogTexture:Display: Building textures: ShadowMapTexture2D_23 (BGRA8)
[2016.02.13-22.39.11:167][198]LogTexture:Display: Building textures: ShadowMapTexture2D_24 (BGRA8)
[2016.02.13-22.39.11:168][198]LogTexture:Display: Building textures: ShadowMapTexture2D_25 (BGRA8)
[2016.02.13-22.39.11:169][198]LogTexture:Display: Building textures: ShadowMapTexture2D_26 (BGRA8)
[2016.02.13-22.39.11:170][198]LogTexture:Display: Building textures: ShadowMapTexture2D_27 (BGRA8)
[2016.02.13-22.39.11:171][198]LogTexture:Display: Building textures: ShadowMapTexture2D_28 (BGRA8)
[2016.02.13-22.39.11:172][198]LogTexture:Display: Building textures: ShadowMapTexture2D_29 (BGRA8)
[2016.02.13-22.39.11:173][198]LogTexture:Display: Building textures: ShadowMapTexture2D_30 (BGRA8)
[2016.02.13-22.39.11:201][198]LogMaterial: Missing cached shader map for material M_Rock, compiling. 
[2016.02.13-22.39.11:261][198]LogAIModule: Creating AISystem for world OceanWater_Example
[2016.02.13-22.39.14:544][198]Cmd: OBJ SAVEPACKAGE PACKAGE="/Game/WDKWContent/Maps/EmptyMap" FILE="../../../../../../../Files/UnrealGames/WDKW/Content/WDKWContent/Maps/EmptyMap.umap" SILENT=true AUTOSAVING=false KEEPDIRTY=false
[2016.02.13-22.39.14:610][198]LogSavePackage: Save=41.086395ms
[2016.02.13-22.39.14:610][198]LogSavePackage: Moving '../../../../../../../Files/UnrealGames/WDKW/Saved/EmptyMapF9DEB87C4B1F9774E22901A7082E5DDF.tmp' to '../../../../../../../Files/UnrealGames/WDKW/Content/WDKWContent/Maps/EmptyMap.umap'
[2016.02.13-22.39.14:613][198]LogSavePackage: Total save time: 48.935402ms
[2016.02.13-22.39.14:613][198]LogSavePackage:Warning: Finished SavePackage ../../../../../../../Files/UnrealGames/WDKW/Content/WDKWContent/Maps/EmptyMap.umap
[2016.02.13-22.39.14:658][198]LogFileHelpers: Saving map 'EmptyMap' took 0.301
[2016.02.13-22.39.14:660][198]Cmd: MAP LOAD FILE="../../../../../../../Files/UnrealGames/WDKW/Content/WaterPlane/Maps/OceanWater_Example.umap" TEMPLATE=0 SHOWPROGRESS=1 FEATURELEVEL=3
[2016.02.13-22.39.14:660][198]LightingResults: New page: Lighting Build
[2016.02.13-22.39.14:687][198]LoadErrors: New page: Loading map: OceanWater_Example.umap
[2016.02.13-22.39.14:688][198]MapCheck: New page: Map Check
[2016.02.13-22.39.14:688][198]LightingResults: New page: Lighting Build
[2016.02.13-22.39.14:709][198]LogParticles: Destroying 0 GPU particle simulations for FXSystem 0x000000F463660C20
[2016.02.13-22.39.14:712][198]LogEditorServer: Finished looking for orphan Actors (0.000 secs)
[2016.02.13-22.39.14:763][198]Cmd: MAP CHECKDEP NOCLEARLOG
[2016.02.13-22.39.14:961][198]MapCheck: Info Map check complete: 0 Error(s), 0 Warning(s), took 197.793ms to complete.
[2016.02.13-22.39.14:961][198]LogFileHelpers: Loading map 'OceanWater_Example' took 0.304
[2016.02.13-22.39.44:778][363]LogTexture:Display: Building textures: T_MediumWaves_N (BC5)
[2016.02.13-22.39.45:058][363]LogTexture:Display: Building textures: T_MediumWaves_H (G8)
[2016.02.13-22.39.45:207][363]LogMaterial: Missing cached shader map for material M_TranslucentWater, compiling. 
[2016.02.13-22.39.45:677][363]LogMaterial: Missing cached shader map for material M_Rock_Basalt, compiling. 
[2016.02.13-22.39.45:744][363]LogTexture:Display: Building textures: Texture2D_2 (BGRA8)
[2016.02.13-22.39.45:748][363]LogTexture:Display: Building textures: HQ_Lightmap0_1 (AutoDXT)
[2016.02.13-22.39.45:760][363]LogTexture:Display: Building textures: HQ_Lightmap0_10 (AutoDXT)
[2016.02.13-22.39.45:788][363]LogTexture:Display: Building textures: HQ_Lightmap0_11 (AutoDXT)
[2016.02.13-22.39.45:805][363]LogTexture:Display: Building textures: HQ_Lightmap0_12 (AutoDXT)
[2016.02.13-22.39.45:822][363]LogTexture:Display: Building textures: HQ_Lightmap0_13 (AutoDXT)
[2016.02.13-22.39.45:836][363]LogTexture:Display: Building textures: HQ_Lightmap0_14 (AutoDXT)
[2016.02.13-22.39.45:857][363]LogTexture:Display: Building textures: HQ_Lightmap0_15 (AutoDXT)
[2016.02.13-22.39.45:877][363]LogTexture:Display: Building textures: HQ_Lightmap0_16 (AutoDXT)
[2016.02.13-22.39.45:888][363]LogTexture:Display: Building textures: HQ_Lightmap0_2 (AutoDXT)
[2016.02.13-22.39.45:929][363]LogTexture:Display: Building textures: HQ_Lightmap0_3 (AutoDXT)
[2016.02.13-22.39.45:967][363]LogTexture:Display: Building textures: HQ_Lightmap0_4 (AutoDXT)
[2016.02.13-22.39.46:000][363]LogTexture:Display: Building textures: HQ_Lightmap0_5 (AutoDXT)
[2016.02.13-22.39.46:030][363]LogTexture:Display: Building textures: HQ_Lightmap0_6 (AutoDXT)
[2016.02.13-22.39.46:053][363]LogTexture:Display: Building textures: HQ_Lightmap0_7 (AutoDXT)
[2016.02.13-22.39.46:074][363]LogTexture:Display: Building textures: HQ_Lightmap0_8 (AutoDXT)
[2016.02.13-22.39.46:108][363]LogTexture:Display: Building textures: HQ_Lightmap0_9 (AutoDXT)
[2016.02.13-22.39.46:143][363]LogTexture:Display: Building textures: LQ_Lightmap_0_1 (DXT1)
[2016.02.13-22.39.46:155][363]LogTexture:Display: Building textures: LQ_Lightmap_0_10 (DXT1)
[2016.02.13-22.39.46:174][363]LogTexture:Display: Building textures: LQ_Lightmap_0_11 (DXT1)
[2016.02.13-22.39.46:188][363]LogTexture:Display: Building textures: LQ_Lightmap_0_12 (DXT1)
[2016.02.13-22.39.46:200][363]LogTexture:Display: Building textures: LQ_Lightmap_0_13 (DXT1)
[2016.02.13-22.39.46:210][363]LogTexture:Display: Building textures: LQ_Lightmap_0_14 (DXT1)
[2016.02.13-22.39.46:226][363]LogTexture:Display: Building textures: LQ_Lightmap_0_15 (DXT1)
[2016.02.13-22.39.46:239][363]LogTexture:Display: Building textures: LQ_Lightmap_0_16 (DXT1)
[2016.02.13-22.39.46:248][363]LogTexture:Display: Building textures: LQ_Lightmap_0_2 (DXT1)
[2016.02.13-22.39.46:273][363]LogTexture:Display: Building textures: LQ_Lightmap_0_3 (DXT1)
[2016.02.13-22.39.46:299][363]LogTexture:Display: Building textures: LQ_Lightmap_0_4 (DXT1)
[2016.02.13-22.39.46:319][363]LogTexture:Display: Building textures: LQ_Lightmap_0_5 (DXT1)
[2016.02.13-22.39.46:342][363]LogTexture:Display: Building textures: LQ_Lightmap_0_6 (DXT1)
[2016.02.13-22.39.46:356][363]LogTexture:Display: Building textures: LQ_Lightmap_0_7 (DXT1)
[2016.02.13-22.39.46:370][363]LogTexture:Display: Building textures: LQ_Lightmap_0_8 (DXT1)
[2016.02.13-22.39.46:393][363]LogTexture:Display: Building textures: LQ_Lightmap_0_9 (DXT1)
[2016.02.13-22.39.46:420][363]LogTexture:Display: Building textures: ShadowMapTexture2D_31 (BGRA8)
[2016.02.13-22.39.46:423][363]LogTexture:Display: Building textures: ShadowMapTexture2D_32 (BGRA8)
[2016.02.13-22.39.46:426][363]LogTexture:Display: Building textures: ShadowMapTexture2D_48 (BGRA8)
[2016.02.13-22.39.46:429][363]LogTexture:Display: Building textures: ShadowMapTexture2D_49 (BGRA8)
[2016.02.13-22.39.46:432][363]LogTexture:Display: Building textures: ShadowMapTexture2D_50 (BGRA8)
[2016.02.13-22.39.46:434][363]LogTexture:Display: Building textures: ShadowMapTexture2D_51 (BGRA8)
[2016.02.13-22.39.46:435][363]LogTexture:Display: Building textures: ShadowMapTexture2D_52 (BGRA8)
[2016.02.13-22.39.46:437][363]LogTexture:Display: Building textures: ShadowMapTexture2D_53 (BGRA8)
[2016.02.13-22.39.46:440][363]LogTexture:Display: Building textures: ShadowMapTexture2D_54 (BGRA8)
[2016.02.13-22.39.46:442][363]LogTexture:Display: Building textures: ShadowMapTexture2D_55 (BGRA8)
[2016.02.13-22.39.46:443][363]LogTexture:Display: Building textures: ShadowMapTexture2D_56 (BGRA8)
[2016.02.13-22.39.46:445][363]LogTexture:Display: Building textures: ShadowMapTexture2D_57 (BGRA8)
[2016.02.13-22.39.46:446][363]LogTexture:Display: Building textures: ShadowMapTexture2D_58 (BGRA8)
[2016.02.13-22.39.46:447][363]LogTexture:Display: Building textures: ShadowMapTexture2D_59 (BGRA8)
[2016.02.13-22.39.46:448][363]LogTexture:Display: Building textures: ShadowMapTexture2D_60 (BGRA8)
[2016.02.13-22.39.46:449][363]LogTexture:Display: Building textures: ShadowMapTexture2D_61 (BGRA8)
[2016.02.13-22.39.46:452][363]LogAIModule: Creating AISystem for world TranslucentWater_Example
[2016.02.13-22.39.46:500][363]Cmd: MAP LOAD FILE="../../../../../../../Files/UnrealGames/WDKW/Content/WaterPlane/Maps/TranslucentWater_Example.umap" TEMPLATE=0 SHOWPROGRESS=1 FEATURELEVEL=3
[2016.02.13-22.39.46:500][363]LightingResults: New page: Lighting Build
[2016.02.13-22.39.46:532][363]LoadErrors: New page: Loading map: TranslucentWater_Example.umap
[2016.02.13-22.39.46:533][363]MapCheck: New page: Map Check
[2016.02.13-22.39.46:533][363]LightingResults: New page: Lighting Build
[2016.02.13-22.39.46:554][363]LogParticles: Destroying 0 GPU particle simulations for FXSystem 0x000000F461851B20
[2016.02.13-22.39.46:573][363]LogEditorServer: Finished looking for orphan Actors (0.000 secs)
[2016.02.13-22.39.46:630][363]Cmd: MAP CHECKDEP NOCLEARLOG
[2016.02.13-22.39.46:850][363]MapCheck: Info Map check complete: 0 Error(s), 0 Warning(s), took 219.405ms to complete.
[2016.02.13-22.39.46:851][363]LogFileHelpers: Loading map 'TranslucentWater_Example' took 0.353
[2016.02.13-22.39.46:880][364]Cmd: UpdateLandscapeEditorData -warnings
[2016.02.13-22.39.46:882][364]Cmd: UpdateLandscapeEditorData
[2016.02.13-22.39.53:893][ 46]LogEditorViewport: Clicking on Actor (context menu): Landscape (Landscape)
[2016.02.13-22.39.58:477][334]LogBlueprintUserMessages: Early PlayInEditor Detection: Level '/Game/WaterPlane/Maps/TranslucentWater_Example.TranslucentWater_Example:PersistentLevel' has LevelScriptBlueprint '/Game/WaterPlane/Maps/TranslucentWater_Example.TranslucentWater_Example:PersistentLevel.TranslucentWater_Example' with GeneratedClass '/Game/WaterPlane/Maps/TranslucentWater_Example.TranslucentWater_Example_C' with ClassGeneratedBy '/Game/WaterPlane/Maps/TranslucentWater_Example.TranslucentWater_Example:PersistentLevel.TranslucentWater_Example'
[2016.02.13-22.39.58:478][334]LogPlayLevel: PlayLevel: No blueprints needed recompiling
[2016.02.13-22.39.58:478][334]PIE: New page: PIE session: TranslucentWater_Example (Feb 13, 2016, 4:39:58 PM)
[2016.02.13-22.39.58:478][334]LogPlayLevel: Creating play world package: /Game/WaterPlane/Maps/UEDPIE_0_TranslucentWater_Example
[2016.02.13-22.39.58:501][334]LogPlayLevel: PIE: StaticDuplicateObject took: (0.023584s)
[2016.02.13-22.39.58:502][334]LogAIModule: Creating AISystem for world TranslucentWater_Example
[2016.02.13-22.39.58:502][334]LogPlayLevel: PIE: World Init took: (0.000931s)
[2016.02.13-22.39.58:503][334]LogPlayLevel: PIE: Created PIE world by copying editor world from /Game/WaterPlane/Maps/TranslucentWater_Example.TranslucentWater_Example to /Game/WaterPlane/Maps/UEDPIE_0_TranslucentWater_Example.TranslucentWater_Example (0.024791s)
[2016.02.13-22.39.58:546][334]LogInit: XAudio2 using 'Audio numérique (SPDIF) (2- Périphérique High Definition Audio)' : 2 channels at 48 kHz using 32 bits per sample (channel mask 0x3)
[2016.02.13-22.39.58:557][334]LogInit: FAudioDevice initialized.
[2016.02.13-22.39.58:599][334]LogWorld: Game class is 'WDKWGameMode_C'
[2016.02.13-22.39.58:629][334]LogWorld: Bringing World /Game/WaterPlane/Maps/UEDPIE_0_TranslucentWater_Example.TranslucentWater_Example up for play (max tick rate 0) at 2016.02.13-19.39.58
[2016.02.13-22.39.58:630][334]LogActor:Warning: GameSession /Game/WaterPlane/Maps/UEDPIE_0_TranslucentWater_Example.TranslucentWater_Example:PersistentLevel.GameSession_3 has natively added scene component(s), but none of them were set as the actor's RootComponent - picking one arbitrarily
[2016.02.13-22.39.58:630][334]LogActor:Warning: GameNetworkManager /Game/WaterPlane/Maps/UEDPIE_0_TranslucentWater_Example.TranslucentWater_Example:PersistentLevel.GameNetworkManager_3 has natively added scene component(s), but none of them were set as the actor's RootComponent - picking one arbitrarily
[2016.02.13-22.39.58:631][334]LogWorld: Bringing up level for play took: 0.030557
[2016.02.13-22.39.58:635][334]PIE: Info Play in editor start time for /Game/WaterPlane/Maps/UEDPIE_0_TranslucentWater_Example -0.453
[2016.02.13-22.39.58:635][334]LogBlueprintUserMessages: Late PlayInEditor Detection: Level '/Game/WaterPlane/Maps/TranslucentWater_Example.TranslucentWater_Example:PersistentLevel' has LevelScriptBlueprint '/Game/WaterPlane/Maps/TranslucentWater_Example.TranslucentWater_Example:PersistentLevel.TranslucentWater_Example' with GeneratedClass '/Game/WaterPlane/Maps/TranslucentWater_Example.TranslucentWater_Example_C' with ClassGeneratedBy '/Game/WaterPlane/Maps/TranslucentWater_Example.TranslucentWater_Example:PersistentLevel.TranslucentWater_Example'
[2016.02.13-22.40.22:708][926]LogBlueprintUserMessages: Early EndPlayMap Detection: Level '/Game/WaterPlane/Maps/TranslucentWater_Example.TranslucentWater_Example:PersistentLevel' has LevelScriptBlueprint '/Game/WaterPlane/Maps/TranslucentWater_Example.TranslucentWater_Example:PersistentLevel.TranslucentWater_Example' with GeneratedClass '/Game/WaterPlane/Maps/TranslucentWater_Example.TranslucentWater_Example_C' with ClassGeneratedBy '/Game/WaterPlane/Maps/TranslucentWater_Example.TranslucentWater_Example:PersistentLevel.TranslucentWater_Example'
[2016.02.13-22.40.22:752][926]LogBlueprintUserMessages: Late EndPlayMap Detection: Level '/Game/WaterPlane/Maps/TranslucentWater_Example.TranslucentWater_Example:PersistentLevel' has LevelScriptBlueprint '/Game/WaterPlane/Maps/TranslucentWater_Example.TranslucentWater_Example:PersistentLevel.TranslucentWater_Example' with GeneratedClass '/Game/WaterPlane/Maps/TranslucentWater_Example.TranslucentWater_Example_C' with ClassGeneratedBy '/Game/WaterPlane/Maps/TranslucentWater_Example.TranslucentWater_Example:PersistentLevel.TranslucentWater_Example'
[2016.02.13-22.40.22:771][926]LogParticles: Destroying 0 GPU particle simulations for FXSystem 0x000000F402ACBD80
[2016.02.13-22.40.24:668][104]LogTexture:Display: Building textures: HQ_Lightmap0_1 (AutoDXT)
[2016.02.13-22.40.24:698][104]LogTexture:Display: Building textures: HQ_Lightmap0_10 (AutoDXT)
[2016.02.13-22.40.24:715][104]LogTexture:Display: Building textures: HQ_Lightmap0_11 (AutoDXT)
[2016.02.13-22.40.24:731][104]LogTexture:Display: Building textures: HQ_Lightmap0_12 (AutoDXT)
[2016.02.13-22.40.24:745][104]LogTexture:Display: Building textures: HQ_Lightmap0_13 (AutoDXT)
[2016.02.13-22.40.24:761][104]LogTexture:Display: Building textures: HQ_Lightmap0_14 (AutoDXT)
[2016.02.13-22.40.24:778][104]LogTexture:Display: Building textures: HQ_Lightmap0_15 (AutoDXT)
[2016.02.13-22.40.24:780][104]LogTexture:Display: Building textures: HQ_Lightmap0_2 (AutoDXT)
[2016.02.13-22.40.24:825][104]LogTexture:Display: Building textures: HQ_Lightmap0_3 (AutoDXT)
[2016.02.13-22.40.24:849][104]LogTexture:Display: Building textures: HQ_Lightmap0_4 (AutoDXT)
[2016.02.13-22.40.24:869][104]LogTexture:Display: Building textures: HQ_Lightmap0_5 (AutoDXT)
[2016.02.13-22.40.24:893][104]LogTexture:Display: Building textures: HQ_Lightmap0_6 (AutoDXT)
[2016.02.13-22.40.24:915][104]LogTexture:Display: Building textures: HQ_Lightmap0_7 (AutoDXT)
[2016.02.13-22.40.24:939][104]LogTexture:Display: Building textures: HQ_Lightmap0_8 (AutoDXT)
[2016.02.13-22.40.24:976][104]LogTexture:Display: Building textures: HQ_Lightmap0_9 (AutoDXT)
[2016.02.13-22.40.25:006][104]LogTexture:Display: Building textures: LightMapTexture2D_33 (AutoDXT)
[2016.02.13-22.40.25:037][104]LogTexture:Display: Building textures: LightMapTexture2D_34 (AutoDXT)
[2016.02.13-22.40.25:052][104]LogTexture:Display: Building textures: LightMapTexture2D_35 (AutoDXT)
[2016.02.13-22.40.25:066][104]LogTexture:Display: Building textures: LightMapTexture2D_36 (AutoDXT)
[2016.02.13-22.40.25:080][104]LogTexture:Display: Building textures: LightMapTexture2D_37 (AutoDXT)
[2016.02.13-22.40.25:094][104]LogTexture:Display: Building textures: LightMapTexture2D_38 (AutoDXT)
[2016.02.13-22.40.25:096][104]LogTexture:Display: Building textures: LightMapTexture2D_39 (AutoDXT)
[2016.02.13-22.40.25:119][104]LogTexture:Display: Building textures: LightMapTexture2D_44 (AutoDXT)
[2016.02.13-22.40.25:143][104]LogTexture:Display: Building textures: LightMapTexture2D_55 (AutoDXT)
[2016.02.13-22.40.25:166][104]LogTexture:Display: Building textures: LightMapTexture2D_58 (AutoDXT)
[2016.02.13-22.40.25:191][104]LogTexture:Display: Building textures: LightMapTexture2D_59 (AutoDXT)
[2016.02.13-22.40.25:216][104]LogTexture:Display: Building textures: LightMapTexture2D_60 (AutoDXT)
[2016.02.13-22.40.25:248][104]LogTexture:Display: Building textures: LightMapTexture2D_61 (AutoDXT)
[2016.02.13-22.40.25:278][104]LogTexture:Display: Building textures: LightMapTexture2D_62 (AutoDXT)
[2016.02.13-22.40.25:302][104]LogTexture:Display: Building textures: LightMapTexture2D_63 (AutoDXT)
[2016.02.13-22.40.25:317][104]LogTexture:Display: Building textures: LQ_Lightmap_0_1 (DXT1)
[2016.02.13-22.40.25:333][104]LogTexture:Display: Building textures: LQ_Lightmap_0_10 (DXT1)
[2016.02.13-22.40.25:343][104]LogTexture:Display: Building textures: LQ_Lightmap_0_11 (DXT1)
[2016.02.13-22.40.25:354][104]LogTexture:Display: Building textures: LQ_Lightmap_0_12 (DXT1)
[2016.02.13-22.40.25:362][104]LogTexture:Display: Building textures: LQ_Lightmap_0_13 (DXT1)
[2016.02.13-22.40.25:370][104]LogTexture:Display: Building textures: LQ_Lightmap_0_14 (DXT1)
[2016.02.13-22.40.25:381][104]LogTexture:Display: Building textures: LQ_Lightmap_0_15 (DXT1)
[2016.02.13-22.40.25:383][104]LogTexture:Display: Building textures: LQ_Lightmap_0_2 (DXT1)
[2016.02.13-22.40.25:405][104]LogTexture:Display: Building textures: LQ_Lightmap_0_3 (DXT1)
[2016.02.13-22.40.25:422][104]LogTexture:Display: Building textures: LQ_Lightmap_0_4 (DXT1)
[2016.02.13-22.40.25:435][104]LogTexture:Display: Building textures: LQ_Lightmap_0_5 (DXT1)
[2016.02.13-22.40.25:457][104]LogTexture:Display: Building textures: LQ_Lightmap_0_6 (DXT1)
[2016.02.13-22.40.25:472][104]LogTexture:Display: Building textures: LQ_Lightmap_0_7 (DXT1)
[2016.02.13-22.40.25:488][104]LogTexture:Display: Building textures: LQ_Lightmap_0_8 (DXT1)
[2016.02.13-22.40.25:510][104]LogTexture:Display: Building textures: LQ_Lightmap_0_9 (DXT1)
[2016.02.13-22.40.25:531][104]LogMaterial: Missing cached shader map for material M_LakeWater_01, compiling. 
[2016.02.13-22.40.25:543][104]LogTexture:Display: Building textures: ShadowMapTexture2D_0 (BGRA8)
[2016.02.13-22.40.25:544][104]LogTexture:Display: Building textures: ShadowMapTexture2D_1 (BGRA8)
[2016.02.13-22.40.25:546][104]LogTexture:Display: Building textures: ShadowMapTexture2D_10 (BGRA8)
[2016.02.13-22.40.25:547][104]LogTexture:Display: Building textures: ShadowMapTexture2D_11 (BGRA8)
[2016.02.13-22.40.25:548][104]LogTexture:Display: Building textures: ShadowMapTexture2D_12 (BGRA8)
[2016.02.13-22.40.25:548][104]LogTexture:Display: Building textures: ShadowMapTexture2D_13 (BGRA8)
[2016.02.13-22.40.25:549][104]LogTexture:Display: Building textures: ShadowMapTexture2D_14 (BGRA8)
[2016.02.13-22.40.25:550][104]LogTexture:Display: Building textures: ShadowMapTexture2D_17 (BGRA8)
[2016.02.13-22.40.25:552][104]LogTexture:Display: Building textures: ShadowMapTexture2D_18 (BGRA8)
[2016.02.13-22.40.25:553][104]LogTexture:Display: Building textures: ShadowMapTexture2D_19 (BGRA8)
[2016.02.13-22.40.25:553][104]LogTexture:Display: Building textures: ShadowMapTexture2D_2 (BGRA8)
[2016.02.13-22.40.25:554][104]LogTexture:Display: Building textures: ShadowMapTexture2D_20 (BGRA8)
[2016.02.13-22.40.25:555][104]LogTexture:Display: Building textures: ShadowMapTexture2D_21 (BGRA8)
[2016.02.13-22.40.25:556][104]LogTexture:Display: Building textures: ShadowMapTexture2D_22 (BGRA8)
[2016.02.13-22.40.25:557][104]LogTexture:Display: Building textures: ShadowMapTexture2D_23 (BGRA8)
[2016.02.13-22.40.25:557][104]LogTexture:Display: Building textures: ShadowMapTexture2D_24 (BGRA8)
[2016.02.13-22.40.25:558][104]LogTexture:Display: Building textures: ShadowMapTexture2D_25 (BGRA8)
[2016.02.13-22.40.25:559][104]LogTexture:Display: Building textures: ShadowMapTexture2D_26 (BGRA8)
[2016.02.13-22.40.25:560][104]LogTexture:Display: Building textures: ShadowMapTexture2D_27 (BGRA8)
[2016.02.13-22.40.25:561][104]LogTexture:Display: Building textures: ShadowMapTexture2D_28 (BGRA8)
[2016.02.13-22.40.25:563][104]LogTexture:Display: Building textures: ShadowMapTexture2D_29 (BGRA8)
[2016.02.13-22.40.25:566][104]LogTexture:Display: Building textures: ShadowMapTexture2D_3 (BGRA8)
[2016.02.13-22.40.25:567][104]LogTexture:Display: Building textures: ShadowMapTexture2D_30 (BGRA8)
[2016.02.13-22.40.25:568][104]LogTexture:Display: Building textures: ShadowMapTexture2D_31 (BGRA8)
[2016.02.13-22.40.25:570][104]LogTexture:Display: Building textures: ShadowMapTexture2D_4 (BGRA8)
[2016.02.13-22.40.25:571][104]LogTexture:Display: Building textures: ShadowMapTexture2D_5 (BGRA8)
[2016.02.13-22.40.25:572][104]LogTexture:Display: Building textures: ShadowMapTexture2D_6 (BGRA8)
[2016.02.13-22.40.25:573][104]LogTexture:Display: Building textures: ShadowMapTexture2D_7 (BGRA8)
[2016.02.13-22.40.25:576][104]LogTexture:Display: Building textures: ShadowMapTexture2D_8 (BGRA8)
[2016.02.13-22.40.25:577][104]LogTexture:Display: Building textures: ShadowMapTexture2D_9 (BGRA8)
[2016.02.13-22.40.25:580][104]LogAIModule: Creating AISystem for world LakeWater_Example
[2016.02.13-22.40.25:611][104]Cmd: MAP LOAD FILE="../../../../../../../Files/UnrealGames/WDKW/Content/WaterPlane/Maps/LakeWater_Example.umap" TEMPLATE=0 SHOWPROGRESS=1 FEATURELEVEL=3
[2016.02.13-22.40.25:611][104]LightingResults: New page: Lighting Build
[2016.02.13-22.40.25:648][104]LoadErrors: New page: Loading map: LakeWater_Example.umap
[2016.02.13-22.40.25:650][104]MapCheck: New page: Map Check
[2016.02.13-22.40.25:650][104]LightingResults: New page: Lighting Build
[2016.02.13-22.40.25:675][104]LogParticles: Destroying 0 GPU particle simulations for FXSystem 0x000000F4001DC0E0
[2016.02.13-22.40.25:686][104]LogEditorServer: Finished looking for orphan Actors (0.000 secs)
[2016.02.13-22.40.25:738][104]Cmd: MAP CHECKDEP NOCLEARLOG
[2016.02.13-22.40.25:930][104]MapCheck: Info Map check complete: 0 Error(s), 0 Warning(s), took 191.301ms to complete.
[2016.02.13-22.40.25:931][104]LogFileHelpers: Loading map 'LakeWater_Example' took 0.322
[2016.02.13-22.40.25:953][105]Cmd: UpdateLandscapeEditorData
[2016.02.13-22.40.27:843][305]LogEditorViewport: Clicking on Actor (context menu): BP_Sky_Sphere_C (BP_Sky_Sphere)
[2016.02.13-22.40.49:634][532]LogAIModule: Creating AISystem for world EmptyMap
[2016.02.13-22.40.49:654][532]Cmd: MAP LOAD FILE="../../../../../../../Files/UnrealGames/WDKW/Content/WDKWContent/Maps/EmptyMap.umap" TEMPLATE=0 SHOWPROGRESS=1 FEATURELEVEL=3
[2016.02.13-22.40.49:654][532]LightingResults: New page: Lighting Build
[2016.02.13-22.40.49:675][532]LoadErrors: New page: Loading map: EmptyMap.umap
[2016.02.13-22.40.49:676][532]MapCheck: New page: Map Check
[2016.02.13-22.40.49:676][532]LightingResults: New page: Lighting Build
[2016.02.13-22.40.49:693][532]LogParticles: Destroying 0 GPU particle simulations for FXSystem 0x000000F427E3EFC0
[2016.02.13-22.40.49:698][532]LogEditorServer: Finished looking for orphan Actors (0.000 secs)
[2016.02.13-22.40.49:730][532]Cmd: MAP CHECKDEP NOCLEARLOG
[2016.02.13-22.40.49:900][532]MapCheck: Info Map check complete: 0 Error(s), 0 Warning(s), took 169.689ms to complete.
[2016.02.13-22.40.49:901][532]LogFileHelpers: Loading map 'EmptyMap' took 0.248
[2016.02.13-22.41.45:581][ 65]Cmd: OBJ SAVEPACKAGE PACKAGE="/Game/WDKWContent/Maps/EmptyMap" FILE="../../../../../../../Files/UnrealGames/WDKW/Content/WDKWContent/Maps/EmptyMap.umap" SILENT=true AUTOSAVING=false KEEPDIRTY=false
[2016.02.13-22.41.45:635][ 65]LogSavePackage: Save=35.764038ms
[2016.02.13-22.41.45:635][ 65]LogSavePackage: Moving '../../../../../../../Files/UnrealGames/WDKW/Saved/EmptyMap5AF74ECD4D1BB8FE6898F1B95B7FCD8A.tmp' to '../../../../../../../Files/UnrealGames/WDKW/Content/WDKWContent/Maps/EmptyMap.umap'
[2016.02.13-22.41.45:638][ 65]LogSavePackage: Total save time: 39.879389ms
[2016.02.13-22.41.45:638][ 65]LogSavePackage:Warning: Finished SavePackage ../../../../../../../Files/UnrealGames/WDKW/Content/WDKWContent/Maps/EmptyMap.umap
[2016.02.13-22.42.19:160][844]LogRenderer: Reallocating scene render targets to support 1528x964 (Frame:34250).
[2016.02.13-22.42.27:870][582]LogRenderer: Reallocating scene render targets to support 1528x968 (Frame:35028).
[2016.02.13-22.42.27:919][583]LogRenderer: Reallocating scene render targets to support 1528x976 (Frame:35030).
[2016.02.13-22.42.27:967][584]LogRenderer: Reallocating scene render targets to support 1528x988 (Frame:35032).
[2016.02.13-22.42.28:016][585]LogRenderer: Reallocating scene render targets to support 1528x1000 (Frame:35034).
[2016.02.13-22.42.28:063][586]LogRenderer: Reallocating scene render targets to support 1528x1008 (Frame:35036).
[2016.02.13-22.42.47:436][466]LogTexture:Display: Building textures: Texture2D_2 (G8)
[2016.02.13-22.43.25:063][277]LogActorComponent: UnregisterComponent: (/Engine/Transient.SphereBrushComponent) Not registered. Aborting.
[2016.02.13-22.43.30:804][862]Cmd: OBJ SAVEPACKAGE PACKAGE="/Game/WDKWContent/Maps/EmptyMap" FILE="../../../../../../../Files/UnrealGames/WDKW/Content/WDKWContent/Maps/EmptyMap.umap" SILENT=true AUTOSAVING=false KEEPDIRTY=false
[2016.02.13-22.43.30:857][862]LogSavePackage: Save=33.532547ms
[2016.02.13-22.43.30:857][862]LogSavePackage: Moving '../../../../../../../Files/UnrealGames/WDKW/Saved/EmptyMap187E247D4CEF1B33800FCD94B124E68C.tmp' to '../../../../../../../Files/UnrealGames/WDKW/Content/WDKWContent/Maps/EmptyMap.umap'
[2016.02.13-22.43.30:859][862]LogSavePackage: Total save time: 37.534490ms
[2016.02.13-22.43.30:859][862]LogSavePackage:Warning: Finished SavePackage ../../../../../../../Files/UnrealGames/WDKW/Content/WDKWContent/Maps/EmptyMap.umap
[2016.02.13-22.43.30:891][862]LogFileHelpers: Saving map 'EmptyMap' took 0.296
[2016.02.13-22.43.31:325][911]MapCheck: New page: Map Check
[2016.02.13-22.43.31:348][911]Cmd: MAP REBUILD ALLVISIBLE
[2016.02.13-22.43.31:348][911]LogEditorServer: Rebuildmap Clear paths rebuilt
[2016.02.13-22.43.31:370][911]MapCheck:Warning: Warning WorldSettings_1 Hierarchical LOD System is disabled or no HLOD level settings available, unable to build LOD actors. 
[2016.02.13-22.43.31:370][911]LogStats:          STAT_HLOD_BuildClusters - 16.464 ms
[2016.02.13-22.43.31:370][911]LightingResults: New page: Lighting Build - Feb 13, 2016, 4:43:31 PM
[2016.02.13-22.43.35:951][911]LogStaticLightingSystem:Warning: No importance volume found, so the scene bounding box was used.  You can optimize your scene's quality and lighting build times by adding importance volumes.
[2016.02.13-22.43.35:951][911]LogStaticLightingSystem: Running Lightmass w/ ImmediateImport mode ENABLED
[2016.02.13-22.43.35:951][911]LogStaticLightingSystem: Running Lightmass w/ ImmediateProcess mode ENABLED
[2016.02.13-22.43.35:951][911]LogStaticLightingSystem: Running Lightmass w/ Sorting mode ENABLED
[2016.02.13-22.43.35:951][911]LogStaticLightingSystem: Running Lightmass w/ Mapping paddings ENABLED
[2016.02.13-22.43.35:951][911]LogStaticLightingSystem: Running Lightmass w/ Mapping debug paddings DISABLED
[2016.02.13-22.43.36:155][911]LogEditorBuildUtils: Build time 0:00:04
[2016.02.13-22.43.38:368][  4]Job is a success!
[2016.02.13-22.43.38:459][  6]LogTexture:Display: Building textures: SkyOcclusion1_1 (AutoDXT)
[2016.02.13-22.43.38:464][  6]LogTexture:Display: Building textures: LQ_Lightmap_0_2 (DXT1)
[2016.02.13-22.43.38:470][  6]LogTexture:Display: Building textures: HQ_Lightmap0_2 (AutoDXT)
[2016.02.13-22.43.38:471][  6]LogTexture:Display: Building textures: SkyOcclusion1_2 (AutoDXT)
[2016.02.13-22.43.38:474][  6]LogTexture:Display: Building textures: LQ_Lightmap_1_1 (DXT1)
[2016.02.13-22.43.38:479][  6]LogTexture:Display: Building textures: HQ_Lightmap1_1 (AutoDXT)
[2016.02.13-22.43.38:508][  6]Lightmass on RAMBO: 800 ms total, 97 ms importing, 0 ms setup, 174 ms photons, 491 ms processing, 0 ms extra exporting [2/2 mappings]. Threads: 2.39 sec total, 450 ms processing.
[2016.02.13-22.43.38:514][  6]LogStaticLightingSystem: Illumination: 7.12 sec (35 ms encoding lightmaps)
[2016.02.13-22.43.38:514][  6]LogStaticLightingSystem: Lightmap texture memory:  0.1 MB (0.1 MB streaming, 0.0 MB non-streaming), 4 textures
[2016.02.13-22.43.38:514][  6]LogStaticLightingSystem: Shadowmap texture memory: 0.0 MB (0.0 MB streaming, 0.0 MB non-streaming), 0 textures
[2016.02.13-22.43.38:972][  7]Cmd: MAP CHECK NOTIFYRESULTS
[2016.02.13-22.43.38:972][  7]MapCheck: New page: EmptyMap - Feb 13, 2016, 4:43:38 PM
[2016.02.13-22.43.39:178][  7]MapCheck: Info Map check complete: 0 Error(s), 0 Warning(s), took 206.459ms to complete.
[2016.02.13-22.43.40:769][146]LogPlayLevel: PlayLevel: No blueprints needed recompiling
[2016.02.13-22.43.40:769][146]PIE: New page: PIE session: EmptyMap (Feb 13, 2016, 4:43:40 PM)
[2016.02.13-22.43.40:770][146]LogPlayLevel: Creating play world package: /Game/WDKWContent/Maps/UEDPIE_0_EmptyMap
[2016.02.13-22.43.40:773][146]LogPlayLevel: PIE: StaticDuplicateObject took: (0.003413s)
[2016.02.13-22.43.40:774][146]LogAIModule: Creating AISystem for world EmptyMap
[2016.02.13-22.43.40:774][146]LogPlayLevel: PIE: World Init took: (0.000829s)
[2016.02.13-22.43.40:774][146]LogPlayLevel: PIE: Created PIE world by copying editor world from /Game/WDKWContent/Maps/EmptyMap.EmptyMap to /Game/WDKWContent/Maps/UEDPIE_0_EmptyMap.EmptyMap (0.004416s)
[2016.02.13-22.43.40:812][146]LogInit: XAudio2 using 'Audio numérique (SPDIF) (2- Périphérique High Definition Audio)' : 2 channels at 48 kHz using 32 bits per sample (channel mask 0x3)
[2016.02.13-22.43.40:822][146]LogInit: FAudioDevice initialized.
[2016.02.13-22.43.40:854][146]LogWorld: Game class is 'WDKWGameMode_C'
[2016.02.13-22.43.40:857][146]LogWorld: Bringing World /Game/WDKWContent/Maps/UEDPIE_0_EmptyMap.EmptyMap up for play (max tick rate 0) at 2016.02.13-19.43.40
[2016.02.13-22.43.40:857][146]LogActor:Warning: GameSession /Game/WDKWContent/Maps/UEDPIE_0_EmptyMap.EmptyMap:PersistentLevel.GameSession_4 has natively added scene component(s), but none of them were set as the actor's RootComponent - picking one arbitrarily
[2016.02.13-22.43.40:858][146]LogActor:Warning: GameNetworkManager /Game/WDKWContent/Maps/UEDPIE_0_EmptyMap.EmptyMap:PersistentLevel.GameNetworkManager_4 has natively added scene component(s), but none of them were set as the actor's RootComponent - picking one arbitrarily
[2016.02.13-22.43.40:858][146]LogWorld: Bringing up level for play took: 0.002662
[2016.02.13-22.43.40:861][146]PIE: Info Play in editor start time for /Game/WDKWContent/Maps/UEDPIE_0_EmptyMap -0.227
[2016.02.13-22.44.22:364][ 78]LogParticles: Destroying 0 GPU particle simulations for FXSystem 0x000000F4293F5E40
[2016.02.13-22.44.32:856][ 57]LogSlate:Warning: Prevented a slow task dialog from being summoned while a context menu was open
[2016.02.13-22.45.34:067][790]LogFactory: FactoryCreateBinary: StaticMesh with FbxFactory (0 0 ../../../../../../../Files/3D/Hecate II/PGM Hecate II UE4 Export.fbx)
[2016.02.13-22.45.34:289][790]LogFbx: ItemName: GlobalSettings, ItemCount : 1
[2016.02.13-22.45.34:289][790]LogFbx: ItemName: Model, ItemCount : 8
[2016.02.13-22.45.34:289][790]LogFbx: ItemName: NodeAttribute, ItemCount : 4
[2016.02.13-22.45.34:289][790]LogFbx: ItemName: Geometry, ItemCount : 3
[2016.02.13-22.45.34:289][790]LogFbx: ItemName: Material, ItemCount : 6
[2016.02.13-22.45.34:289][790]LogFbx: ItemName: AnimationStack, ItemCount : 1
[2016.02.13-22.45.34:289][790]LogFbx: ItemName: AnimationLayer, ItemCount : 1
[2016.02.13-22.45.34:289][790]LogFbx: ItemName: AnimationCurveNode, ItemCount : 3
[2016.02.13-22.45.34:289][790]LogFbx: ItemName: AnimationCurve, ItemCount : 3
[2016.02.13-22.45.34:314][790]LogFbx: Loading FBX Scene from ../../../../../../../Files/3D/Hecate II/PGM Hecate II UE4 Export.fbx
[2016.02.13-22.45.34:402][790]LogFbx: FBX Scene Loaded Succesfully
[2016.02.13-22.46.12:629][790]LogFbx: Loading FBX Scene from ../../../../../../../Files/3D/Hecate II/PGM Hecate II UE4 Export.fbx
[2016.02.13-22.46.12:699][790]LogFbx: FBX Scene Loaded Succesfully
[2016.02.13-22.46.12:702][790]LogFbx: =================================================
[2016.02.13-22.46.12:702][790]LogFbx: Dumping Node START [Scope_1] 
[2016.02.13-22.46.12:702][790]LogFbx: 	Total Deformer Count 2145861296.
[2016.02.13-22.46.12:702][790]LogFbx: 	Attribute () Type (4).
[2016.02.13-22.46.12:702][790]LogFbx: 		[Node Attribute Child 1] Scope_1 (Type Mesh).
[2016.02.13-22.46.12:702][790]LogFbx: Dumping Node END [Scope_1]
[2016.02.13-22.46.12:702][790]LogFbx: =================================================
[2016.02.13-22.46.12:702][790]LogFbx: Dumping Node START [Chargeur_1] 
[2016.02.13-22.46.12:702][790]LogFbx: 	Total Deformer Count 1835391296.
[2016.02.13-22.46.12:702][790]LogFbx: 	Attribute () Type (4).
[2016.02.13-22.46.12:702][790]LogFbx: 		[Node Attribute Child 1] Chargeur_1 (Type Mesh).
[2016.02.13-22.46.12:702][790]LogFbx: Dumping Node END [Chargeur_1]
[2016.02.13-22.46.12:702][790]LogFbx: =================================================
[2016.02.13-22.46.12:702][790]LogFbx: Dumping Node START [Percuteur_1] 
[2016.02.13-22.46.12:702][790]LogFbx: 	Total Deformer Count 1835391296.
[2016.02.13-22.46.12:702][790]LogFbx: 	Attribute () Type (4).
[2016.02.13-22.46.12:702][790]LogFbx: 		[Node Attribute Child 1] Percuteur_1 (Type Mesh).
[2016.02.13-22.46.12:702][790]LogFbx: Dumping Node END [Percuteur_1]
[2016.02.13-22.46.12:702][790]LogFbx: =================================================
[2016.02.13-22.46.12:702][790]LogFbx: Dumping Node START [Scope_1] 
[2016.02.13-22.46.12:702][790]LogFbx: 	Total Deformer Count 2145848024.
[2016.02.13-22.46.12:702][790]LogFbx: 	Attribute () Type (4).
[2016.02.13-22.46.12:702][790]LogFbx: 		[Node Attribute Child 1] Scope_1 (Type Mesh).
[2016.02.13-22.46.12:702][790]LogFbx: Dumping Node END [Scope_1]
[2016.02.13-22.46.12:702][790]LogFbx: =================================================
[2016.02.13-22.46.12:702][790]LogFbx: Dumping Node START [Chargeur_1] 
[2016.02.13-22.46.12:702][790]LogFbx: 	Total Deformer Count 1835391296.
[2016.02.13-22.46.12:702][790]LogFbx: 	Attribute () Type (4).
[2016.02.13-22.46.12:702][790]LogFbx: 		[Node Attribute Child 1] Chargeur_1 (Type Mesh).
[2016.02.13-22.46.12:702][790]LogFbx: Dumping Node END [Chargeur_1]
[2016.02.13-22.46.12:702][790]LogFbx: =================================================
[2016.02.13-22.46.12:702][790]LogFbx: Dumping Node START [Percuteur_1] 
[2016.02.13-22.46.12:702][790]LogFbx: 	Total Deformer Count 1835391296.
[2016.02.13-22.46.12:702][790]LogFbx: 	Attribute () Type (4).
[2016.02.13-22.46.12:702][790]LogFbx: 		[Node Attribute Child 1] Percuteur_1 (Type Mesh).
[2016.02.13-22.46.12:702][790]LogFbx: Dumping Node END [Percuteur_1]
[2016.02.13-22.46.12:702][790]LogFbx: =================================================
[2016.02.13-22.46.12:702][790]LogFbx: Dumping Node START [Scope_1] 
[2016.02.13-22.46.12:702][790]LogFbx: 	Total Deformer Count 2145848024.
[2016.02.13-22.46.12:702][790]LogFbx: 	Attribute () Type (4).
[2016.02.13-22.46.12:702][790]LogFbx: 		[Node Attribute Child 1] Scope_1 (Type Mesh).
[2016.02.13-22.46.12:702][790]LogFbx: Dumping Node END [Scope_1]
[2016.02.13-22.46.12:702][790]LogFbx: =================================================
[2016.02.13-22.46.12:702][790]LogFbx: Dumping Node START [Chargeur_1] 
[2016.02.13-22.46.12:702][790]LogFbx: 	Total Deformer Count 1835388992.
[2016.02.13-22.46.12:702][790]LogFbx: 	Attribute () Type (4).
[2016.02.13-22.46.12:702][790]LogFbx: 		[Node Attribute Child 1] Chargeur_1 (Type Mesh).
[2016.02.13-22.46.12:702][790]LogFbx: Dumping Node END [Chargeur_1]
[2016.02.13-22.46.12:702][790]LogFbx: =================================================
[2016.02.13-22.46.12:703][790]LogFbx: Dumping Node START [Percuteur_1] 
[2016.02.13-22.46.12:703][790]LogFbx: 	Total Deformer Count 1835388992.
[2016.02.13-22.46.12:703][790]LogFbx: 	Attribute () Type (4).
[2016.02.13-22.46.12:703][790]LogFbx: 		[Node Attribute Child 1] Percuteur_1 (Type Mesh).
[2016.02.13-22.46.12:703][790]LogFbx: Dumping Node END [Percuteur_1]
[2016.02.13-22.46.12:703][790]LogFbx: =================================================
[2016.02.13-22.46.12:703][790]LogFbx: Dumping Node START [Scope_1] 
[2016.02.13-22.46.12:703][790]LogFbx: 	Total Deformer Count 2145848024.
[2016.02.13-22.46.12:703][790]LogFbx: 	Attribute () Type (4).
[2016.02.13-22.46.12:703][790]LogFbx: 		[Node Attribute Child 1] Scope_1 (Type Mesh).
[2016.02.13-22.46.12:703][790]LogFbx: Dumping Node END [Scope_1]
[2016.02.13-22.46.12:703][790]LogFbx: =================================================
[2016.02.13-22.46.12:703][790]LogFbx: Dumping Node START [Chargeur_1] 
[2016.02.13-22.46.12:703][790]LogFbx: 	Total Deformer Count 1835388992.
[2016.02.13-22.46.12:703][790]LogFbx: 	Attribute () Type (4).
[2016.02.13-22.46.12:703][790]LogFbx: 		[Node Attribute Child 1] Chargeur_1 (Type Mesh).
[2016.02.13-22.46.12:703][790]LogFbx: Dumping Node END [Chargeur_1]
[2016.02.13-22.46.12:703][790]LogFbx: =================================================
[2016.02.13-22.46.12:703][790]LogFbx: Dumping Node START [Chargeur_1] 
[2016.02.13-22.46.12:703][790]LogFbx: 	Total Deformer Count 1835388992.
[2016.02.13-22.46.12:703][790]LogFbx: 	Attribute () Type (4).
[2016.02.13-22.46.12:703][790]LogFbx: 		[Node Attribute Child 1] Chargeur_1 (Type Mesh).
[2016.02.13-22.46.12:703][790]LogFbx: Dumping Node END [Chargeur_1]
[2016.02.13-22.46.12:703][790]LogFbx: =================================================
[2016.02.13-22.46.12:703][790]LogFbx: Dumping Node START [Percuteur_1] 
[2016.02.13-22.46.12:703][790]LogFbx: 	Total Deformer Count 1835388992.
[2016.02.13-22.46.12:703][790]LogFbx: 	Attribute () Type (4).
[2016.02.13-22.46.12:703][790]LogFbx: 		[Node Attribute Child 1] Percuteur_1 (Type Mesh).
[2016.02.13-22.46.12:703][790]LogFbx: Dumping Node END [Percuteur_1]
[2016.02.13-22.46.12:703][790]LogFbx: =================================================
[2016.02.13-22.46.12:703][790]LogFbx: Dumping Node START [Percuteur_1] 
[2016.02.13-22.46.12:703][790]LogFbx: 	Total Deformer Count 1835388992.
[2016.02.13-22.46.12:703][790]LogFbx: 	Attribute () Type (4).
[2016.02.13-22.46.12:703][790]LogFbx: 		[Node Attribute Child 1] Percuteur_1 (Type Mesh).
[2016.02.13-22.46.12:703][790]LogFbx: Dumping Node END [Percuteur_1]
[2016.02.13-22.46.12:733][790]LogLinker:Warning: Can't find file '/Game/WDKWContent/Objects/Weapons/Hecate_II/Plastic'
[2016.02.13-22.46.12:734][790]LogLinker:Warning: Can't find file '/Game/WDKWContent/Objects/Weapons/Hecate_II/Plastic'
[2016.02.13-22.46.12:739][790]LogMaterial: Missing cached shader map for material Plastic, compiling. 
[2016.02.13-22.46.12:748][790]LogLinker:Warning: Can't find file '/Game/WDKWContent/Objects/Weapons/Hecate_II/Mirror'
[2016.02.13-22.46.12:749][790]LogLinker:Warning: Can't find file '/Game/WDKWContent/Objects/Weapons/Hecate_II/Mirror'
[2016.02.13-22.46.12:763][790]LogMaterial: Missing cached shader map for material Mirror, compiling. 
[2016.02.13-22.46.12:773][790]LogLinker:Warning: Can't find file '/Game/WDKWContent/Objects/Weapons/Hecate_II/Silver'
[2016.02.13-22.46.12:773][790]LogLinker:Warning: Can't find file '/Game/WDKWContent/Objects/Weapons/Hecate_II/Silver'
[2016.02.13-22.46.12:832][790]LogMaterial: Missing cached shader map for material Silver, compiling. 
[2016.02.13-22.46.12:844][790]LogLinker:Warning: Can't find file '/Game/WDKWContent/Objects/Weapons/Hecate_II/Metal_-_Weathered'
[2016.02.13-22.46.12:845][790]LogLinker:Warning: Can't find file '/Game/WDKWContent/Objects/Weapons/Hecate_II/Metal_-_Weathered'
[2016.02.13-22.46.12:872][790]LogMaterial: Missing cached shader map for material Metal_-_Weathered, compiling. 
[2016.02.13-22.46.12:882][790]LogLinker:Warning: Can't find file '/Game/WDKWContent/Objects/Weapons/Hecate_II/Oak_Lacquered'
[2016.02.13-22.46.12:882][790]LogLinker:Warning: Can't find file '/Game/WDKWContent/Objects/Weapons/Hecate_II/Oak_Lacquered'
[2016.02.13-22.46.12:888][790]LogMaterial: Missing cached shader map for material Oak_Lacquered, compiling. 
[2016.02.13-22.46.12:898][790]LogLinker:Warning: Can't find file '/Game/WDKWContent/Objects/Weapons/Hecate_II/Rubber_-_Black'
[2016.02.13-22.46.12:898][790]LogLinker:Warning: Can't find file '/Game/WDKWContent/Objects/Weapons/Hecate_II/Rubber_-_Black'
[2016.02.13-22.46.12:905][790]LogMaterial: Missing cached shader map for material Rubber_-_Black, compiling. 
[2016.02.13-22.46.13:061][790]LogFbx:Warning: Bones digested - 7  Depth of hierarchy - 3
[2016.02.13-22.46.14:025][790]LogSkeletalMesh: Chunk 0: 21819 rigid vertices, 0 soft vertices, 2 active bones
[2016.02.13-22.46.14:025][790]LogSkeletalMesh: Chunk 1: 930 rigid vertices, 0 soft vertices, 1 active bones
[2016.02.13-22.46.14:025][790]LogSkeletalMesh: Chunk 2: 864 rigid vertices, 0 soft vertices, 2 active bones
[2016.02.13-22.46.14:026][790]LogSkeletalMesh: Chunk 3: 14613 rigid vertices, 0 soft vertices, 2 active bones
[2016.02.13-22.46.14:026][790]LogSkeletalMesh: Chunk 4: 3139 rigid vertices, 0 soft vertices, 1 active bones
[2016.02.13-22.46.14:026][790]LogSkeletalMesh: Chunk 5: 2832 rigid vertices, 0 soft vertices, 1 active bones
[2016.02.13-22.46.15:311][790]LogSkeletalMesh: Section 0: Material=0, Chunk=0, 26033 triangles
[2016.02.13-22.46.15:311][790]LogSkeletalMesh: Section 1: Material=1, Chunk=1, 840 triangles
[2016.02.13-22.46.15:311][790]LogSkeletalMesh: Section 2: Material=2, Chunk=2, 781 triangles
[2016.02.13-22.46.15:311][790]LogSkeletalMesh: Section 3: Material=3, Chunk=3, 20997 triangles
[2016.02.13-22.46.15:311][790]LogSkeletalMesh: Section 4: Material=4, Chunk=4, 4316 triangles
[2016.02.13-22.46.15:311][790]LogSkeletalMesh: Section 5: Material=5, Chunk=5, 4390 triangles
[2016.02.13-22.46.15:334][790]LogLinker:Warning: Can't find file '/Game/WDKWContent/Objects/Weapons/Hecate_II/PGM_Hecate_II_UE4_Export_PhysicsAsset'
[2016.02.13-22.46.15:334][790]LogLinker:Warning: Can't find file '/Game/WDKWContent/Objects/Weapons/Hecate_II/PGM_Hecate_II_UE4_Export_PhysicsAsset'
[2016.02.13-22.46.15:334][790]LogUObjectGlobals:Warning: Failed to find object 'Object /Game/WDKWContent/Objects/Weapons/Hecate_II/PGM_Hecate_II_UE4_Export_PhysicsAsset.PGM_Hecate_II_UE4_Export_PhysicsAsset'
[2016.02.13-22.46.15:345][790]LogLinker:Warning: Can't find file '/Game/WDKWContent/Objects/Weapons/Hecate_II/PGM_Hecate_II_UE4_Export_Skeleton'
[2016.02.13-22.46.15:345][790]LogLinker:Warning: Can't find file '/Game/WDKWContent/Objects/Weapons/Hecate_II/PGM_Hecate_II_UE4_Export_Skeleton'
[2016.02.13-22.46.15:345][790]LogUObjectGlobals:Warning: Failed to find object 'Object /Game/WDKWContent/Objects/Weapons/Hecate_II/PGM_Hecate_II_UE4_Export_Skeleton.PGM_Hecate_II_UE4_Export_Skeleton'
[2016.02.13-22.46.15:358][790]FBXImport:Warning: Warning Warning: No smoothing group information was found in this FBX scene.  Please make sure to enable the 'Export Smoothing Groups' option in the FBX Exporter plug-in before exporting the file.  Even for tools that don't support smoothing groups, the FBX Exporter will generate appropriate smoothing data at export-time so that correct vertex normals can be inferred while importing. 
[2016.02.13-22.46.15:471][791]LogMaterial:Warning: Material /Game/WDKWContent/Objects/Weapons/Hecate_II/Plastic.Plastic needed to have new flag set bUsedWithSkeletalMesh !
[2016.02.13-22.46.15:499][791]LogMaterial: Missin